Log file open, 03/12/18 10:05:37
LogWindows: Failed to load 'aqProf.dll' (GetLastError=126)
LogWindows: File 'aqProf.dll' does not exist
LogWindows: Failed to load 'VtuneApi.dll' (GetLastError=126)
LogWindows: File 'VtuneApi.dll' does not exist
LogWindows: Failed to load 'VtuneApi32e.dll' (GetLastError=126)
LogWindows: File 'VtuneApi32e.dll' does not exist
LogInit: Display: Running engine for game: Carpocalypse
LogPlatformFile: Not using cached read wrapper
LogInit: Display: RandInit(-1862255957) SRandInit(-1862255957).
LogInit: Read version file with build ID '3709383'
LogInit: Overriding engine version to CL 3832480, compatible CL 3709383
LogInit: Registered custom module enumerator with build ID '3709383'
LogTaskGraph: Started task graph with 5 named threads and 14 total threads with 3 sets of task threads.
LogStats: Stats thread started at 0.169375
LogD3D11RHI: Aftermath initialized
LogPluginManager: Mounting plugin Paper2D
LogPluginManager: Mounting plugin LightPropagationVolume
LogPluginManager: Mounting plugin CodeLiteSourceCodeAccess
LogPluginManager: Mounting plugin GitSourceControl
LogPluginManager: Mounting plugin KDevelopSourceCodeAccess
LogPluginManager: Mounting plugin NullSourceCodeAccess
LogPluginManager: Mounting plugin PerforceSourceControl
LogPluginManager: Mounting plugin SubversionSourceControl
LogPluginManager: Mounting plugin UObjectPlugin
LogPluginManager: Mounting plugin VisualStudioCodeSourceCodeAccess
LogPluginManager: Mounting plugin VisualStudioSourceCodeAccess
LogPluginManager: Mounting plugin XCodeSourceCodeAccess
LogPluginManager: Mounting plugin AssetManagerEditor
LogPluginManager: Mounting plugin AudioCapture
LogPluginManager: Mounting plugin FacialAnimation
LogPluginManager: Mounting plugin GameplayTagsEditor
LogPluginManager: Mounting plugin MobileLauncherProfileWizard
LogPluginManager: Mounting plugin PluginBrowser
LogPluginManager: Mounting plugin SpeedTreeImporter
LogPluginManager: Mounting plugin AlembicImporter
LogPluginManager: Mounting plugin CharacterAI
LogPluginManager: Mounting plugin HTML5Networking
LogPluginManager: Mounting plugin AndroidMedia
LogPluginManager: Mounting plugin AvfMedia
LogPluginManager: Mounting plugin ImgMedia
LogPluginManager: Mounting plugin MediaCompositing
LogPluginManager: Mounting plugin MediaPlayerEditor
LogPluginManager: Mounting plugin WmfMedia
LogPluginManager: Mounting plugin TcpMessaging
LogPluginManager: Mounting plugin UdpMessaging
LogPluginManager: Mounting plugin ActorSequence
LogPluginManager: Mounting plugin LevelSequenceEditor
LogPluginManager: Mounting plugin MatineeToLevelSequence
LogPluginManager: Mounting plugin OnlineSubsystemGooglePlay
LogPluginManager: Mounting plugin OnlineSubsystemIOS
LogPluginManager: Mounting plugin OnlineSubsystem
LogPluginManager: Mounting plugin OnlineSubsystemNull
LogPluginManager: Mounting plugin OnlineSubsystemUtils
LogPluginManager: Mounting plugin AndroidDeviceProfileSelector
LogPluginManager: Mounting plugin AndroidMoviePlayer
LogPluginManager: Mounting plugin AndroidPermission
LogPluginManager: Mounting plugin AppleARKit
LogPluginManager: Mounting plugin AppleMoviePlayer
LogPluginManager: Mounting plugin ArchVisCharacter
LogPluginManager: Mounting plugin CableComponent
LogPluginManager: Mounting plugin CustomMeshComponent
LogPluginManager: Mounting plugin ExampleDeviceProfileSelector
LogPluginManager: Mounting plugin GoogleCloudMessaging
LogPluginManager: Mounting plugin ImmediatePhysics
LogPluginManager: Mounting plugin IOSDeviceProfileSelector
LogPluginManager: Mounting plugin LinuxDeviceProfileSelector
LogPluginManager: Mounting plugin LocationServicesBPLibrary
LogPluginManager: Mounting plugin MobilePatchingUtils
LogPluginManager: Mounting plugin OculusVR
LogPluginManager: Plugin shader directory ../../../Engine/Plugins/Runtime/Oculus/OculusVR/Shaders found
LogPluginManager: Mapping shader source directory ../../../Engine/Plugins/Runtime/Oculus/OculusVR/Shaders to virtual directory /Plugin/OculusVR
LogPluginManager: Mounting plugin PhysXVehicles
LogPluginManager: Mounting plugin ProceduralMeshComponent
LogPluginManager: Mounting plugin RuntimePhysXCooking
LogPluginManager: Mounting plugin SteamVR
LogPluginManager: Mounting plugin WindowsMoviePlayer
LogModuleManager: Display: Found up-to-date module file ../../../../../../Users/jman/Documents/GitHub/Carpocalypse/Carpocalypse/Binaries/Win64/UE4Editor-Carpocalypse.dll (API version 3709383).
LogModuleManager: Display: Found up-to-date module file ../../../Engine/Plugins/2D/Paper2D/Binaries/Win64/UE4Editor-Paper2D.dll (API version 3709383).
LogModuleManager: Display: Found up-to-date module file ../../../Engine/Plugins/2D/Paper2D/Binaries/Win64/UE4Editor-Paper2DEditor.dll (API version 3709383).
LogModuleManager: Display: Found up-to-date module file ../../../Engine/Plugins/2D/Paper2D/Binaries/Win64/UE4Editor-PaperSpriteSheetImporter.dll (API version 3709383).
LogModuleManager: Display: Found up-to-date module file ../../../Engine/Plugins/2D/Paper2D/Binaries/Win64/UE4Editor-PaperTiledImporter.dll (API version 3709383).
LogModuleManager: Display: Found up-to-date module file ../../../Engine/Plugins/2D/Paper2D/Binaries/Win64/UE4Editor-SmartSnapping.dll (API version 3709383).
LogModuleManager: Display: Found up-to-date module file ../../../Engine/Plugins/Blendables/LightPropagationVolume/Binaries/Win64/UE4Editor-LightPropagationVolumeRuntime.dll (API version 3709383).
LogModuleManager: Display: Found up-to-date module file ../../../Engine/Plugins/Blendables/LightPropagationVolume/Binaries/Win64/UE4Editor-LightPropagationVolumeEditor.dll (API version 3709383).
LogModuleManager: Display: Found up-to-date module file ../../../Engine/Plugins/Developer/GitSourceControl/Binaries/Win64/UE4Editor-GitSourceControl.dll (API version 3709383).
LogModuleManager: Display: Found up-to-date module file ../../../Engine/Plugins/Developer/PerforceSourceControl/Binaries/Win64/UE4Editor-PerforceSourceControl.dll (API version 3709383).
LogModuleManager: Display: Found up-to-date module file ../../../Engine/Plugins/Developer/SubversionSourceControl/Binaries/Win64/UE4Editor-SubversionSourceControl.dll (API version 3709383).
LogModuleManager: Display: Found up-to-date module file ../../../Engine/Plugins/Developer/UObjectPlugin/Binaries/Win64/UE4Editor-UObjectPlugin.dll (API version 3709383).
LogModuleManager: Display: Found up-to-date module file ../../../Engine/Plugins/Developer/VisualStudioCodeSourceCodeAccess/Binaries/Win64/UE4Editor-VisualStudioCodeSourceCodeAccess.dll (API version 3709383).
LogModuleManager: Display: Found up-to-date module file ../../../Engine/Plugins/Developer/VisualStudioSourceCodeAccess/Binaries/Win64/UE4Editor-VisualStudioSourceCodeAccess.dll (API version 3709383).
LogModuleManager: Display: Found up-to-date module file ../../../Engine/Plugins/Editor/AssetManagerEditor/Binaries/Win64/UE4Editor-AssetManagerEditor.dll (API version 3709383).
LogModuleManager: Display: Found up-to-date module file ../../../Engine/Plugins/Editor/AudioCapture/Binaries/Win64/UE4Editor-AudioCapture.dll (API version 3709383).
LogModuleManager: Display: Found up-to-date module file ../../../Engine/Plugins/Editor/FacialAnimation/Binaries/Win64/UE4Editor-FacialAnimation.dll (API version 3709383).
LogModuleManager: Display: Found up-to-date module file ../../../Engine/Plugins/Editor/FacialAnimation/Binaries/Win64/UE4Editor-FacialAnimationEditor.dll (API version 3709383).
LogModuleManager: Display: Found up-to-date module file ../../../Engine/Plugins/Editor/GameplayTagsEditor/Binaries/Win64/UE4Editor-GameplayTagsEditor.dll (API version 3709383).
LogModuleManager: Display: Found up-to-date module file ../../../Engine/Plugins/Editor/MobileLauncherProfileWizard/Binaries/Win64/UE4Editor-MobileLauncherProfileWizard.dll (API version 3709383).
LogModuleManager: Display: Found up-to-date module file ../../../Engine/Plugins/Editor/PluginBrowser/Binaries/Win64/UE4Editor-PluginBrowser.dll (API version 3709383).
LogModuleManager: Display: Found up-to-date module file ../../../Engine/Plugins/Editor/SpeedTreeImporter/Binaries/Win64/UE4Editor-SpeedTreeImporter.dll (API version 3709383).
LogModuleManager: Display: Found up-to-date module file ../../../Engine/Plugins/Experimental/AlembicImporter/Binaries/Win64/UE4Editor-AlembicImporter.dll (API version 3709383).
LogModuleManager: Display: Found up-to-date module file ../../../Engine/Plugins/Experimental/AlembicImporter/Binaries/Win64/UE4Editor-AlembicLibrary.dll (API version 3709383).
LogModuleManager: Display: Found up-to-date module file ../../../Engine/Plugins/Experimental/CharacterAI/Binaries/Win64/UE4Editor-CharacterAI.dll (API version 3709383).
LogModuleManager: Display: Found up-to-date module file ../../../Engine/Plugins/Experimental/HTML5Networking/Binaries/Win64/UE4Editor-HTML5Networking.dll (API version 3709383).
LogModuleManager: Display: Found up-to-date module file ../../../Engine/Plugins/Media/AndroidMedia/Binaries/Win64/UE4Editor-AndroidMediaEditor.dll (API version 3709383).
LogModuleManager: Display: Found up-to-date module file ../../../Engine/Plugins/Media/AndroidMedia/Binaries/Win64/UE4Editor-AndroidMediaFactory.dll (API version 3709383).
LogModuleManager: Display: Found up-to-date module file ../../../Engine/Plugins/Media/AvfMedia/Binaries/Win64/UE4Editor-AvfMediaEditor.dll (API version 3709383).
LogModuleManager: Display: Found up-to-date module file ../../../Engine/Plugins/Media/AvfMedia/Binaries/Win64/UE4Editor-AvfMediaFactory.dll (API version 3709383).
LogModuleManager: Display: Found up-to-date module file ../../../Engine/Plugins/Media/AvfMedia/Binaries/Win64/UE4Editor-AvfMediaFactory.dll (API version 3709383).
LogModuleManager: Display: Found up-to-date module file ../../../Engine/Plugins/Media/ImgMedia/Binaries/Win64/UE4Editor-ImgMedia.dll (API version 3709383).
LogModuleManager: Display: Found up-to-date module file ../../../Engine/Plugins/Media/ImgMedia/Binaries/Win64/UE4Editor-ImgMediaEditor.dll (API version 3709383).
LogModuleManager: Display: Found up-to-date module file ../../../Engine/Plugins/Media/ImgMedia/Binaries/Win64/UE4Editor-ImgMediaFactory.dll (API version 3709383).
LogModuleManager: Display: Found up-to-date module file ../../../Engine/Plugins/Media/ImgMedia/Binaries/Win64/UE4Editor-ImgMediaFactory.dll (API version 3709383).
LogModuleManager: Display: Found up-to-date module file ../../../Engine/Plugins/Media/ImgMedia/Binaries/Win64/UE4Editor-OpenExrWrapper.dll (API version 3709383).
LogModuleManager: Display: Found up-to-date module file ../../../Engine/Plugins/Media/MediaCompositing/Binaries/Win64/UE4Editor-MediaCompositing.dll (API version 3709383).
LogModuleManager: Display: Found up-to-date module file ../../../Engine/Plugins/Media/MediaCompositing/Binaries/Win64/UE4Editor-MediaCompositingEditor.dll (API version 3709383).
LogModuleManager: Display: Found up-to-date module file ../../../Engine/Plugins/Media/MediaPlayerEditor/Binaries/Win64/UE4Editor-MediaPlayerEditor.dll (API version 3709383).
LogModuleManager: Display: Found up-to-date module file ../../../Engine/Plugins/Media/WmfMedia/Binaries/Win64/UE4Editor-WmfMedia.dll (API version 3709383).
LogModuleManager: Display: Found up-to-date module file ../../../Engine/Plugins/Media/WmfMedia/Binaries/Win64/UE4Editor-WmfMediaEditor.dll (API version 3709383).
LogModuleManager: Display: Found up-to-date module file ../../../Engine/Plugins/Media/WmfMedia/Binaries/Win64/UE4Editor-WmfMediaFactory.dll (API version 3709383).
LogModuleManager: Display: Found up-to-date module file ../../../Engine/Plugins/Media/WmfMedia/Binaries/Win64/UE4Editor-WmfMediaFactory.dll (API version 3709383).
LogModuleManager: Display: Found up-to-date module file ../../../Engine/Plugins/Messaging/TcpMessaging/Binaries/Win64/UE4Editor-TcpMessaging.dll (API version 3709383).
LogModuleManager: Display: Found up-to-date module file ../../../Engine/Plugins/Messaging/UdpMessaging/Binaries/Win64/UE4Editor-UdpMessaging.dll (API version 3709383).
LogModuleManager: Display: Found up-to-date module file ../../../Engine/Plugins/MovieScene/ActorSequence/Binaries/Win64/UE4Editor-ActorSequence.dll (API version 3709383).
LogModuleManager: Display: Found up-to-date module file ../../../Engine/Plugins/MovieScene/LevelSequenceEditor/Binaries/Win64/UE4Editor-LevelSequenceEditor.dll (API version 3709383).
LogModuleManager: Display: Found up-to-date module file ../../../Engine/Plugins/MovieScene/MatineeToLevelSequence/Binaries/Win64/UE4Editor-MatineeToLevelSequence.dll (API version 3709383).
LogModuleManager: Display: Found up-to-date module file ../../../Engine/Plugins/Online/OnlineSubsystem/Binaries/Win64/UE4Editor-OnlineSubsystem.dll (API version 3709383).
LogModuleManager: Display: Found up-to-date module file ../../../Engine/Plugins/Online/OnlineSubsystemNull/Binaries/Win64/UE4Editor-OnlineSubsystemNull.dll (API version 3709383).
LogModuleManager: Display: Found up-to-date module file ../../../Engine/Plugins/Online/OnlineSubsystemUtils/Binaries/Win64/UE4Editor-OnlineSubsystemUtils.dll (API version 3709383).
LogModuleManager: Display: Found up-to-date module file ../../../Engine/Plugins/Online/OnlineSubsystemUtils/Binaries/Win64/UE4Editor-OnlineBlueprintSupport.dll (API version 3709383).
LogModuleManager: Display: Found up-to-date module file ../../../Engine/Plugins/Runtime/AndroidDeviceProfileSelector/Binaries/Win64/UE4Editor-AndroidDeviceProfileSelector.dll (API version 3709383).
LogModuleManager: Display: Found up-to-date module file ../../../Engine/Plugins/Runtime/AndroidPermission/Binaries/Win64/UE4Editor-AndroidPermission.dll (API version 3709383).
LogModuleManager: Display: Found up-to-date module file ../../../Engine/Plugins/Runtime/AppleARKit/Binaries/Win64/UE4Editor-AppleARKit.dll (API version 3709383).
LogModuleManager: Display: Found up-to-date module file ../../../Engine/Plugins/Runtime/ArchVisCharacter/Binaries/Win64/UE4Editor-ArchVisCharacter.dll (API version 3709383).
LogModuleManager: Display: Found up-to-date module file ../../../Engine/Plugins/Runtime/CableComponent/Binaries/Win64/UE4Editor-CableComponent.dll (API version 3709383).
LogModuleManager: Display: Found up-to-date module file ../../../Engine/Plugins/Runtime/CustomMeshComponent/Binaries/Win64/UE4Editor-CustomMeshComponent.dll (API version 3709383).
LogModuleManager: Display: Found up-to-date module file ../../../Engine/Plugins/Runtime/ExampleDeviceProfileSelector/Binaries/Win64/UE4Editor-ExampleDeviceProfileSelector.dll (API version 3709383).
LogModuleManager: Display: Found up-to-date module file ../../../Engine/Plugins/Runtime/ImmediatePhysics/Binaries/Win64/UE4Editor-ImmediatePhysics.dll (API version 3709383).
LogModuleManager: Display: Found up-to-date module file ../../../Engine/Plugins/Runtime/ImmediatePhysics/Binaries/Win64/UE4Editor-ImmediatePhysicsEditor.dll (API version 3709383).
LogModuleManager: Display: Found up-to-date module file ../../../Engine/Plugins/Runtime/LocationServicesBPLibrary/Binaries/Win64/UE4Editor-LocationServicesBPLibrary.dll (API version 3709383).
LogModuleManager: Display: Found up-to-date module file ../../../Engine/Plugins/Runtime/MobilePatchingUtils/Binaries/Win64/UE4Editor-MobilePatchingUtils.dll (API version 3709383).
LogModuleManager: Display: Found up-to-date module file ../../../Engine/Plugins/Runtime/Oculus/OculusVR/Binaries/Win64/UE4Editor-OculusHMD.dll (API version 3709383).
LogModuleManager: Display: Found up-to-date module file ../../../Engine/Plugins/Runtime/Oculus/OculusVR/Binaries/Win64/UE4Editor-OculusInput.dll (API version 3709383).
LogModuleManager: Display: Found up-to-date module file ../../../Engine/Plugins/Runtime/Oculus/OculusVR/Binaries/Win64/UE4Editor-OculusEditor.dll (API version 3709383).
LogModuleManager: Display: Found up-to-date module file ../../../Engine/Plugins/Runtime/PhysXVehicles/Binaries/Win64/UE4Editor-PhysXVehicles.dll (API version 3709383).
LogModuleManager: Display: Found up-to-date module file ../../../Engine/Plugins/Runtime/PhysXVehicles/Binaries/Win64/UE4Editor-PhysXVehiclesEditor.dll (API version 3709383).
LogModuleManager: Display: Found up-to-date module file ../../../Engine/Plugins/Runtime/ProceduralMeshComponent/Binaries/Win64/UE4Editor-ProceduralMeshComponent.dll (API version 3709383).
LogModuleManager: Display: Found up-to-date module file ../../../Engine/Plugins/Runtime/ProceduralMeshComponent/Binaries/Win64/UE4Editor-ProceduralMeshComponentEditor.dll (API version 3709383).
LogModuleManager: Display: Found up-to-date module file ../../../Engine/Plugins/Runtime/RuntimePhysXCooking/Binaries/Win64/UE4Editor-RuntimePhysXCooking.dll (API version 3709383).
LogModuleManager: Display: Found up-to-date module file ../../../Engine/Plugins/Runtime/Steam/SteamVR/Binaries/Win64/UE4Editor-SteamVR.dll (API version 3709383).
LogModuleManager: Display: Found up-to-date module file ../../../Engine/Plugins/Runtime/Steam/SteamVR/Binaries/Win64/UE4Editor-SteamVRController.dll (API version 3709383).
LogModuleManager: Display: Found up-to-date module file ../../../Engine/Plugins/Runtime/WindowsMoviePlayer/Binaries/Win64/UE4Editor-WindowsMoviePlayer.dll (API version 3709383).
LogInit: Using libcurl 7.47.1
LogInit:  - built for x86_64-pc-win32
LogInit:  - supports SSL with OpenSSL/1.0.2g
LogInit:  - supports HTTP deflate (compression) using libz 1.2.8
LogInit:  - other features:
LogInit:      CURL_VERSION_SSL
LogInit:      CURL_VERSION_LIBZ
LogInit:      CURL_VERSION_IPV6
LogInit:      CURL_VERSION_ASYNCHDNS
LogInit:      CURL_VERSION_LARGEFILE
LogInit:      CURL_VERSION_IDN
LogInit:  CurlRequestOptions (configurable via config and command line):
LogInit:  - bVerifyPeer = false  - Libcurl will NOT verify peer certificate
LogInit:  - bUseHttpProxy = false  - Libcurl will NOT use HTTP proxy
LogInit:  - bDontReuseConnections = false  - Libcurl will reuse connections
LogInit:  - CertBundlePath = nullptr  - Libcurl will use whatever was configured at build time.
LogHMD: Failed initializing OVRPlugin 1.19.0
LogInit: Build: ++UE4+Release-4.18-CL-3832480
LogInit: Engine Version: 4.18.3-3832480+++UE4+Release-4.18
LogInit: Compatible Engine Version: 4.18.0-3709383+++UE4+Release-4.18
LogInit: Net CL: 3709383
LogDevObjectVersion: Number of dev versions registered: 16
LogDevObjectVersion:   Dev-Blueprints (B0D832E4-1F89-4F0D-ACCF-7EB736FD4AA2): 10
LogDevObjectVersion:   Dev-Build (E1C64328-A22C-4D53-A36C-8E866417BD8C): 0
LogDevObjectVersion:   Dev-Core (375EC13C-06E4-48FB-B500-84F0262A717E): 2
LogDevObjectVersion:   Dev-Editor (E4B068ED-F494-42E9-A231-DA0B2E46BB41): 20
LogDevObjectVersion:   Dev-Framework (CFFC743F-43B0-4480-9391-14DF171D2073): 30
LogDevObjectVersion:   Dev-Mobile (B02B49B5-BB20-44E9-A304-32B752E40360): 0
LogDevObjectVersion:   Dev-Networking (A4E4105C-59A1-49B5-A7C5-40C4547EDFEE): 0
LogDevObjectVersion:   Dev-Online (39C831C9-5AE6-47DC-9A44-9C173E1C8E7C): 0
LogDevObjectVersion:   Dev-Physics (78F01B33-EBEA-4F98-B9B4-84EACCB95AA2): 0
LogDevObjectVersion:   Dev-Platform (6631380F-2D4D-43E0-8009-CF276956A95A): 0
LogDevObjectVersion:   Dev-Rendering (12F88B9F-8875-4AFC-A67C-D90C383ABD29): 20
LogDevObjectVersion:   Dev-Sequencer (7B5AE74C-D270-4C10-A958-57980B212A5A): 4
LogDevObjectVersion:   Dev-VR (D7296918-1DD6-4BDD-9DE2-64A83CC13884): 0
LogDevObjectVersion:   Dev-LoadTimes (C2A15278-BFE7-4AFE-6C17-90FF531DF755): 1
LogDevObjectVersion:   Private-Geometry (6EACA3D4-40EC-4CC1-B786-8BED09428FC5): 1
LogDevObjectVersion:   Dev-AnimPhys (29E575DD-E0A3-4627-9D10-D276232CDCEA): 12
LogInit: Compiled (64-bit): Jan 12 2018 02:04:55
LogInit: Compiled with Visual C++: 19.00.24215.01
LogInit: Build Configuration: Development
LogInit: Branch Name: ++UE4+Release-4.18
LogInit: Command line:  
LogInit: Base directory: C:/Program Files/Epic Games/UE_4.18/Engine/Binaries/Win64/
LogInit: Installed Engine Build: 1
LogInit: Presizing for max 8388607 objects, including 0 objects not considered by GC, pre-allocating 0 bytes for permanent pool.
LogInit: Object subsystem initialized
[2018.03.11-23.05.39:585][  0]LogInit: Selected Device Profile: [Windows]
[2018.03.11-23.05.39:585][  0]LogInit: Applying CVar settings loaded from the selected device profile: [Windows]
[2018.03.11-23.05.39:609][  0]LogInit: Computer: SYD-R102-PC12
[2018.03.11-23.05.39:609][  0]LogInit: User: jman
[2018.03.11-23.05.39:609][  0]LogInit: CPU Page size=4096, Cores=4
[2018.03.11-23.05.39:609][  0]LogInit: High frequency timer resolution =3.328122 MHz
[2018.03.11-23.05.39:610][  0]LogMemory: Memory total: Physical=31.9GB (32GB approx)
[2018.03.11-23.05.39:610][  0]LogMemory: Platform Memory Stats for Windows
[2018.03.11-23.05.39:610][  0]LogMemory: Process Physical Memory: 276.61 MB used, 276.61 MB peak
[2018.03.11-23.05.39:610][  0]LogMemory: Process Virtual Memory: 274.20 MB used, 274.20 MB peak
[2018.03.11-23.05.39:610][  0]LogMemory: Physical Memory: 9322.55 MB used,  23360.60 MB free, 32683.16 MB total
[2018.03.11-23.05.39:610][  0]LogMemory: Virtual Memory: 732.77 MB used,  23360.60 MB free, 134217728.00 MB total
[2018.03.11-23.05.39:777][  0]LogInit: Using OS detected language (en-US).
[2018.03.11-23.05.39:777][  0]LogInit: Using OS detected locale (en-AU).
[2018.03.11-23.05.39:782][  0]LogTextLocalizationManager: No specific localization for 'en-US' exists, so the 'en' localization will be used.
[2018.03.11-23.05.40:120][  0]LogInit: Setting process to per monitor DPI aware
[2018.03.11-23.05.40:523][  0]LogD3D11RHI: D3D11 adapters:
[2018.03.11-23.05.40:560][  0]LogD3D11RHI:    0. 'NVIDIA GeForce GTX 980' (Feature Level 11_0)
[2018.03.11-23.05.40:560][  0]LogD3D11RHI:       4060/0/16341 MB DedicatedVideo/DedicatedSystem/SharedSystem, Outputs:1, VendorId:0x10de
[2018.03.11-23.05.40:562][  0]LogD3D11RHI:    1. 'Microsoft Basic Render Driver' (Feature Level 11_0)
[2018.03.11-23.05.40:562][  0]LogD3D11RHI:       0/0/16341 MB DedicatedVideo/DedicatedSystem/SharedSystem, Outputs:0, VendorId:0x1414
[2018.03.11-23.05.40:562][  0]LogD3D11RHI: Chosen D3D11 Adapter: 0
[2018.03.11-23.05.40:567][  0]LogD3D11RHI: Creating new Direct3DDevice
[2018.03.11-23.05.40:567][  0]LogD3D11RHI:     GPU DeviceId: 0x13c0 (for the marketing name, search the web for "GPU Device Id")
[2018.03.11-23.05.40:567][  0]LogWindows: EnumDisplayDevices:
[2018.03.11-23.05.40:568][  0]LogWindows:    0. 'NVIDIA GeForce GTX 980' (P:1 D:1)
[2018.03.11-23.05.40:568][  0]LogWindows:    1. 'NVIDIA GeForce GTX 980' (P:0 D:0)
[2018.03.11-23.05.40:568][  0]LogWindows:    2. 'NVIDIA GeForce GTX 980' (P:0 D:0)
[2018.03.11-23.05.40:568][  0]LogWindows:    3. 'NVIDIA GeForce GTX 980' (P:0 D:0)
[2018.03.11-23.05.40:568][  0]LogWindows: DebugString: GetVideoDriverDetailsInvalid PrimaryIsNotTheChoosenAdapter GetVideoDriverDetailsInvalid PrimaryIsNotTheChoosenAdapter GetVideoDriverDetailsInvalid PrimaryIsNotTheChoosenAdapter GetVideoDriverDetailsInvalid PrimaryIsNotTheChoosenAdapter FoundDriverCount:0 
[2018.03.11-23.05.40:568][  0]LogD3D11RHI:     Adapter Name: NVIDIA GeForce GTX 980
[2018.03.11-23.05.40:568][  0]LogD3D11RHI:   Driver Version: Unknown (internal:Unknown, unified:Unknown)
[2018.03.11-23.05.40:568][  0]LogD3D11RHI:      Driver Date: Unknown
[2018.03.11-23.05.40:568][  0]LogRHI: Texture pool is 2842 MB (70% of 4060 MB)
[2018.03.11-23.05.40:588][  0]LogD3D11RHI: Async texture creation enabled
[2018.03.11-23.05.40:600][  0]LogD3D11RHI: GPU Timing Frequency: 1000.000000 (Debug: 2 1)
[2018.03.11-23.05.40:642][  0]LogShaderCompilers: Guid format shader working directory is -26 characters bigger than the processId version (../../../../../../Users/jman/Documents/GitHub/Carpocalypse/Carpocalypse/Intermediate/Shaders/WorkingDirectory/7944/).
[2018.03.11-23.05.40:643][  0]LogShaderCompilers: Cleaned the shader compiler working directory 'C:/Users/jman/AppData/Local/Temp/UnrealShaderWorkingDir/BE99A9F841DE45A5C1637FA3BD390E29/'.
[2018.03.11-23.05.40:643][  0]LogShaderCompilers: Display: Using Local Shader Compiler.
[2018.03.11-23.05.41:566][  0]LogTemp: Display: Loaded TP AllDesktopTargetPlatform
[2018.03.11-23.05.41:623][  0]LogTemp: Display: Loaded TP MacClientTargetPlatform
[2018.03.11-23.05.41:695][  0]LogTemp: Display: Loaded TP MacNoEditorTargetPlatform
[2018.03.11-23.05.41:748][  0]LogTemp: Display: Loaded TP MacServerTargetPlatform
[2018.03.11-23.05.41:801][  0]LogTemp: Display: Loaded TP MacTargetPlatform
[2018.03.11-23.05.41:855][  0]LogTemp: Display: Loaded TP WindowsClientTargetPlatform
[2018.03.11-23.05.41:912][  0]LogTemp: Display: Loaded TP WindowsNoEditorTargetPlatform
[2018.03.11-23.05.41:964][  0]LogTemp: Display: Loaded TP WindowsServerTargetPlatform
[2018.03.11-23.05.42:013][  0]LogTemp: Display: Loaded TP WindowsTargetPlatform
[2018.03.11-23.05.42:065][  0]LogTemp: Display: Loaded TP Android_ASTCTargetPlatform
[2018.03.11-23.05.42:117][  0]LogTemp: Display: Loaded TP Android_ATCTargetPlatform
[2018.03.11-23.05.42:170][  0]LogTemp: Display: Loaded TP Android_DXTTargetPlatform
[2018.03.11-23.05.42:225][  0]LogTemp: Display: Loaded TP Android_ETC1TargetPlatform
[2018.03.11-23.05.42:276][  0]LogTemp: Display: Loaded TP Android_ETC2TargetPlatform
[2018.03.11-23.05.42:380][  0]LogTemp: Display: Loaded TP Android_MultiTargetPlatform
[2018.03.11-23.05.42:380][  0]LogTemp: Display: Loaded TP Android_PVRTCTargetPlatform
[2018.03.11-23.05.42:432][  0]LogTemp: Display: Loaded TP AndroidTargetPlatform
[2018.03.11-23.05.42:473][  0]LogTemp: Display: Loaded TP HTML5TargetPlatform
[2018.03.11-23.05.42:567][  0]LogTemp: Display: Loaded TP IOSTargetPlatform
[2018.03.11-23.05.42:601][  0]LogTemp: Display: Loaded TP TVOSTargetPlatform
[2018.03.11-23.05.42:661][  0]LogTemp: Display: Loaded TP LinuxClientTargetPlatform
[2018.03.11-23.05.42:715][  0]LogTemp: Display: Loaded TP LinuxNoEditorTargetPlatform
[2018.03.11-23.05.42:773][  0]LogTemp: Display: Loaded TP LinuxServerTargetPlatform
[2018.03.11-23.05.42:830][  0]LogTemp: Display: Loaded TP LinuxTargetPlatform
[2018.03.11-23.05.42:830][  0]LogTargetPlatformManager: Display: Building Assets For Windows
[2018.03.11-23.05.43:342][  0]LogDerivedDataCache: Display: Max Cache Size: 512 MB
[2018.03.11-23.05.43:398][  0]LogDerivedDataCache: Loaded boot cache 0.06s 79MB C:/Users/jman/AppData/Local/UnrealEngine/4.18/DerivedDataCache/Boot.ddc.
[2018.03.11-23.05.43:398][  0]LogDerivedDataCache: Display: Loaded Boot cache: C:/Users/jman/AppData/Local/UnrealEngine/4.18/DerivedDataCache/Boot.ddc
[2018.03.11-23.05.43:398][  0]LogDerivedDataCache: FDerivedDataBackendGraph:  Pak pak cache file ../../../../../../Users/jman/Documents/GitHub/Carpocalypse/Carpocalypse/DerivedDataCache/DDC.ddp not found, will not use a pak cache.
[2018.03.11-23.05.43:398][  0]LogDerivedDataCache: Unable to find inner node Pak for hierarchical cache Hierarchy.
[2018.03.11-23.05.43:398][  0]LogDerivedDataCache: FDerivedDataBackendGraph:  CompressedPak pak cache file ../../../../../../Users/jman/Documents/GitHub/Carpocalypse/Carpocalypse/DerivedDataCache/Compressed.ddp not found, will not use a pak cache.
[2018.03.11-23.05.43:398][  0]LogDerivedDataCache: Unable to find inner node CompressedPak for hierarchical cache Hierarchy.
[2018.03.11-23.05.43:412][  0]LogDerivedDataCache: Display: Pak cache opened for reading ../../../Engine/DerivedDataCache/Compressed.ddp.
[2018.03.11-23.05.43:426][  0]LogDerivedDataCache: Using Local data cache path C:/Users/jman/AppData/Local/UnrealEngine/Common/DerivedDataCache: Writable
[2018.03.11-23.05.43:435][  0]LogMaterial: Verifying Global Shaders for PCD3D_SM5
[2018.03.11-23.05.43:435][  0]LogSlate: Using Freetype 2.6.0
[2018.03.11-23.05.43:436][  0]LogSlate: SlateFontCache - WITH_FREETYPE: 1, WITH_HARFBUZZ: 1
[2018.03.11-23.05.43:436][  0]LogSlate: SlateFontCache - WITH_FREETYPE: 1, WITH_HARFBUZZ: 1
[2018.03.11-23.05.43:806][  0]LogInit: Selected Device Profile: [Windows]
[2018.03.11-23.05.44:129][  0]LogSimplygon: Simplygon DLL not present - disabling.
[2018.03.11-23.05.44:173][  0]LogMeshReduction: Using SimplygonSwarm for distributed automatic mesh merging
[2018.03.11-23.05.44:173][  0]LogMeshReduction: Using QuadricMeshReduction for automatic static mesh reduction
[2018.03.11-23.05.44:173][  0]LogMeshReduction: No automatic skeletal mesh reduction module available
[2018.03.11-23.05.44:173][  0]LogMeshReduction: No automatic mesh merging module available
[2018.03.11-23.05.44:173][  0]LogMeshMerging: No automatic mesh merging module available
[2018.03.11-23.05.44:201][  0]LogNetVersion: Carpocalypse , NetCL: 3709383, EngineNetVer: 2, GameNetVer: 0 (Checksum: 507098726)
[2018.03.11-23.05.44:373][  0]LogAssetRegistry: FAssetRegistry took 0.0254 seconds to start up
[2018.03.11-23.05.44:847][  0]LogPackageLocalizationCache: Processed 7 localized package path(s) for 2 prioritized culture(s) in 0.073265 seconds
[2018.03.11-23.05.44:851][  0]LogUObjectArray: 35870 objects as part of root set at end of initial load.
[2018.03.11-23.05.44:851][  0]LogUObjectAllocator: 7363704 out of 0 bytes used by permanent object pool.
[2018.03.11-23.05.44:851][  0]LogUObjectArray: CloseDisregardForGC: 0/0 objects in disregard for GC pool
[2018.03.11-23.05.44:940][  0]LogInit: WinSock: version 1.1 (2.2), MaxSocks=32767, MaxUdp=65467
[2018.03.11-23.05.47:810][  0]LogTcpMessaging: Initializing TcpMessaging bridge
[2018.03.11-23.05.47:857][  0]LogUdpMessaging: Initializing bridge on interface 0.0.0.0:0 to multicast group 230.0.0.1:6666.
[2018.03.11-23.05.48:717][  0]LogMaterial: Uniform references updated for custom material expression Custom.
[2018.03.11-23.05.49:194][  0]SourceControl: Source control is disabled
[2018.03.11-23.05.49:194][  0]SourceControl: Source control is disabled
[2018.03.11-23.05.49:253][  0]SourceControl: Source control is disabled
[2018.03.11-23.05.49:310][  0]SourceControl: Source control is disabled
[2018.03.11-23.05.50:239][  0]LogAndroidPermission: UAndroidPermissionCallbackProxy::GetInstance
[2018.03.11-23.05.50:557][  0]LogOcInput: OculusInput pre-init called
[2018.03.11-23.05.50:855][  0]LogEngine: Initializing Engine...
[2018.03.11-23.05.50:857][  0]LogHMD: Failed to initialize OpenVR with code 110
[2018.03.11-23.05.51:039][  0]LogStats: UGameplayTagsManager::ConstructGameplayTagTree: Construct from data asset -  0.000 s
[2018.03.11-23.05.51:039][  0]LogStats: UGameplayTagsManager::ConstructGameplayTagTree: GameplayTagTreeChangedEvent.Broadcast -  0.000 s
[2018.03.11-23.05.51:176][  0]LogAIModule: Creating AISystem for world Untitled
[2018.03.11-23.05.51:192][  0]LogInit: XAudio2 using 'Realtek Digital Output (Realtek High Definition Audio)' : 2 channels at 48 kHz using 16 bits per sample (channel mask 0x3)
[2018.03.11-23.05.51:207][  0]LogInit: FAudioDevice initialized.
[2018.03.11-23.05.51:301][  0]LogDerivedDataCache: Saved boot cache 0.09s 79MB C:/Users/jman/AppData/Local/UnrealEngine/4.18/DerivedDataCache/Boot.ddc.
[2018.03.11-23.05.51:308][  0]LogInit: Texture streaming: Enabled
[2018.03.11-23.05.51:416][  0]LogEngineSessionManager: EngineSessionManager initialized
[2018.03.11-23.05.51:552][  0]LogInit: Transaction tracking system initialized
[2018.03.11-23.05.51:885][  0]BlueprintLog: New page: Editor Load
[2018.03.11-23.05.52:818][  0]LocalizationService: Localization service is disabled
[2018.03.11-23.05.53:632][  0]LogConsoleResponse: Display: 
[2018.03.11-23.05.53:798][  0]LogCook: Display: Max memory allowance for cook 16384mb min free memory 0mb
[2018.03.11-23.05.53:798][  0]LogCook: Display: Mobile HDR setting 1
[2018.03.11-23.05.53:798][  0]LogGameplayTags: Display: UGameplayTagsManager::DoneAddingNativeTags. DelegateIsBound: 0
[2018.03.11-23.05.54:087][  0]LogFileCache: Scanning file cache for directory 'C:/Users/jman/Documents/GitHub/Carpocalypse/Carpocalypse/Content/' took 0.01s
[2018.03.11-23.05.55:077][  0]SourceControl: Source control is disabled
[2018.03.11-23.05.55:077][  0]Cmd: MAP LOAD FILE="../../../../../../Users/jman/Documents/GitHub/Carpocalypse/Carpocalypse/Content/Scenes/MainMap.umap" TEMPLATE=0 SHOWPROGRESS=1 FEATURELEVEL=3
[2018.03.11-23.05.55:077][  0]LightingResults: New page: Lighting Build
[2018.03.11-23.05.55:121][  0]MapCheck: New page: Map Check
[2018.03.11-23.05.55:121][  0]LightingResults: New page: Lighting Build
[2018.03.11-23.05.55:291][  0]LogAIModule: Creating AISystem for world MainMap
[2018.03.11-23.05.55:298][  0]LogEditorServer: Finished looking for orphan Actors (0.000 secs)
[2018.03.11-23.05.55:307][  0]Cmd: MAP CHECKDEP NOCLEARLOG
[2018.03.11-23.05.55:365][  0]MapCheck: Map check complete: 0 Error(s), 0 Warning(s), took 57.919ms to complete.
[2018.03.11-23.05.55:365][  0]LogFileHelpers: Loading map 'MainMap' took 0.288
[2018.03.11-23.05.55:476][  0]LogWindowsTextInputMethodSystem: Display: IME system now deactivated.
[2018.03.11-23.05.55:477][  0]LogWindowsTextInputMethodSystem: Display: IME system now deactivated.
[2018.03.11-23.05.55:606][  0]LogCollectionManager: Loaded 0 collections in 0.001155 seconds
[2018.03.11-23.05.55:720][  0]LogFileCache: Scanning file cache for directory 'C:/Users/jman/Documents/GitHub/Carpocalypse/Carpocalypse/Saved/Collections/' took 0.01s
[2018.03.11-23.05.55:721][  0]LogFileCache: Scanning file cache for directory 'C:/Users/jman/Documents/GitHub/Carpocalypse/Carpocalypse/Content/Developers/jman/Collections/' took 0.01s
[2018.03.11-23.05.55:721][  0]LogFileCache: Scanning file cache for directory 'C:/Users/jman/Documents/GitHub/Carpocalypse/Carpocalypse/Content/Collections/' took 0.01s
[2018.03.11-23.05.55:721][  0]LogCollectionManager: Rebuilt the GUID cache for 0 collections in 0.000000 seconds
[2018.03.11-23.05.55:728][  0]LogContentBrowser: Native class hierarchy populated in 0.0078 seconds. Added 2369 classes and 522 folders.
[2018.03.11-23.05.55:798][  0]LogContentBrowser: Native class hierarchy updated for 'WidgetCarousel' in 0.0006 seconds. Added 0 classes and 0 folders.
[2018.03.11-23.05.55:834][  0]LogContentBrowser: Native class hierarchy updated for 'AddContentDialog' in 0.0011 seconds. Added 0 classes and 0 folders.
[2018.03.11-23.05.55:907][  0]LogContentBrowser: Native class hierarchy updated for 'SceneOutliner' in 0.0005 seconds. Added 1 classes and 2 folders.
[2018.03.11-23.05.55:945][  0]LogSlate: Took 0.000447 seconds to synchronously load lazily loaded font '../../../Engine/Content/Slate/Fonts/Roboto-Regular.ttf' (155K)
[2018.03.11-23.05.55:948][  0]LogSlate: Took 0.000527 seconds to synchronously load lazily loaded font '../../../Engine/Content/Slate/Fonts/Roboto-Bold.ttf' (160K)
[2018.03.11-23.05.55:953][  0]LogSlate: Took 0.000373 seconds to synchronously load lazily loaded font '../../../Engine/Content/Editor/Slate/Fonts/FontAwesome.ttf' (139K)
[2018.03.11-23.05.56:079][  0]LogRenderer: Reallocating scene render targets to support 1616x812 Format 10 NumSamples 1 (Frame:1).
[2018.03.11-23.05.56:239][  0]LogContentBrowser: Native class hierarchy updated for 'HierarchicalLODOutliner' in 0.0005 seconds. Added 1 classes and 2 folders.
[2018.03.11-23.05.56:239][  0]LogLoad: (Engine Initialization) Total time: 19.83 seconds
[2018.03.11-23.05.56:239][  0]LogLoad: (Engine Initialization) Total Blueprint compile time: 0.00 seconds
[2018.03.11-23.05.56:239][  0]LogExternalProfiler: Found external profiler: VSPerf
[2018.03.11-23.05.56:239][  0]LogExternalProfiler: Using external profiler: VSPerf
[2018.03.11-23.05.56:264][  0]LogAssetRegistry: Asset discovery search completed in 11.9132 seconds
[2018.03.11-23.05.56:266][  0]LogCollectionManager: Rebuilt the object cache for 0 collections in 0.000000 seconds (found 0 objects)
[2018.03.11-23.05.56:266][  0]LogCollectionManager: Fixed up redirectors for 0 collections in 0.000061 seconds (updated 0 objects)
[2018.03.11-23.05.56:268][  0]LogContentStreaming: Texture pool size now 1000 MB
[2018.03.11-23.06.20:735][923]LogTemp: Repeating last play command: Selected Viewport
[2018.03.11-23.06.20:755][923]LogBlueprintUserMessages: Early PlayInEditor Detection: Level '/Game/Scenes/MainMap.MainMap:PersistentLevel' has LevelScriptBlueprint '/Game/Scenes/MainMap.MainMap:PersistentLevel.MainMap' with GeneratedClass '/Game/Scenes/MainMap.MainMap_C' with ClassGeneratedBy '/Game/Scenes/MainMap.MainMap:PersistentLevel.MainMap'
[2018.03.11-23.06.20:755][923]LogPlayLevel: PlayLevel: No blueprints needed recompiling
[2018.03.11-23.06.20:756][923]PIE: New page: PIE session: MainMap (12 Mar 2018 9:06:20 pm)
[2018.03.11-23.06.20:756][923]LogPlayLevel: Creating play world package: /Game/Scenes/UEDPIE_0_MainMap
[2018.03.11-23.06.20:774][923]LogPlayLevel: PIE: StaticDuplicateObject took: (0.017952s)
[2018.03.11-23.06.20:775][923]LogAIModule: Creating AISystem for world MainMap
[2018.03.11-23.06.20:775][923]LogPlayLevel: PIE: World Init took: (0.000957s)
[2018.03.11-23.06.20:775][923]LogPlayLevel: PIE: Created PIE world by copying editor world from /Game/Scenes/MainMap.MainMap to /Game/Scenes/UEDPIE_0_MainMap.MainMap (0.019343s)
[2018.03.11-23.06.20:797][923]LogInit: XAudio2 using 'Realtek Digital Output (Realtek High Definition Audio)' : 2 channels at 48 kHz using 16 bits per sample (channel mask 0x3)
[2018.03.11-23.06.20:808][923]LogInit: FAudioDevice initialized.
[2018.03.11-23.06.20:848][923]LogLoad: Game class is 'CarpocalypseGameMode'
[2018.03.11-23.06.20:854][923]LogWorld: Bringing World /Game/Scenes/UEDPIE_0_MainMap.MainMap up for play (max tick rate 0) at 2018.03.12-10.06.20
[2018.03.11-23.06.20:855][923]LogWorld: Bringing up level for play took: 0.002105
[2018.03.11-23.06.20:923][923]LogContentBrowser: Native class hierarchy updated for 'MovieSceneCapture' in 0.0007 seconds. Added 11 classes and 0 folders.
[2018.03.11-23.06.20:923][923]PIE: Play in editor start time for /Game/Scenes/UEDPIE_0_MainMap 0.396
[2018.03.11-23.06.20:924][923]LogBlueprintUserMessages: Late PlayInEditor Detection: Level '/Game/Scenes/MainMap.MainMap:PersistentLevel' has LevelScriptBlueprint '/Game/Scenes/MainMap.MainMap:PersistentLevel.MainMap' with GeneratedClass '/Game/Scenes/MainMap.MainMap_C' with ClassGeneratedBy '/Game/Scenes/MainMap.MainMap:PersistentLevel.MainMap'
[2018.03.11-23.06.23:084][177]LogBlueprintUserMessages: Early EndPlayMap Detection: Level '/Game/Scenes/MainMap.MainMap:PersistentLevel' has LevelScriptBlueprint '/Game/Scenes/MainMap.MainMap:PersistentLevel.MainMap' with GeneratedClass '/Game/Scenes/MainMap.MainMap_C' with ClassGeneratedBy '/Game/Scenes/MainMap.MainMap:PersistentLevel.MainMap'
[2018.03.11-23.06.23:114][177]LogBlueprintUserMessages: Late EndPlayMap Detection: Level '/Game/Scenes/MainMap.MainMap:PersistentLevel' has LevelScriptBlueprint '/Game/Scenes/MainMap.MainMap:PersistentLevel.MainMap' with GeneratedClass '/Game/Scenes/MainMap.MainMap_C' with ClassGeneratedBy '/Game/Scenes/MainMap.MainMap:PersistentLevel.MainMap'
[2018.03.11-23.06.27:286][616]LogEditorViewport: Clicking on Actor (LMB): CarpocalypsePawn (Player)
[2018.03.11-23.06.42:832][435]LogEditorViewport: Clicking on Actor (LMB): StaticMeshActor (Floor)
[2018.03.11-23.06.45:829][778]LogEditorViewport: Clicking on Actor (LMB): StaticMeshActor (Plane)
[2018.03.11-23.06.46:218][818]Cmd: DELETE
[2018.03.11-23.06.46:218][818]Cmd: ACTOR DELETE
[2018.03.11-23.06.46:221][818]LogEditorActor: Deleted Actor: StaticMeshActor
[2018.03.11-23.06.46:230][818]LogEditorActor: Deleted 1 Actors (0.012 secs)
[2018.03.11-23.06.47:113][923]LogEditorViewport: Clicking on Actor (LMB): Actor (Point 1)
[2018.03.11-23.06.47:313][942]Cmd: DELETE
[2018.03.11-23.06.47:313][942]Cmd: ACTOR DELETE
[2018.03.11-23.06.47:314][942]LogEditorActor: Deleted Actor: Actor
[2018.03.11-23.06.47:322][942]LogEditorActor: Deleted 1 Actors (0.009 secs)
[2018.03.11-23.06.48:327][ 61]LogEditorViewport: Clicking on Actor (LMB): StaticMeshActor (Floor)
[2018.03.11-23.06.49:147][152]LogEditorViewport: Clicking on Actor (LMB): Actor (Point 2)
[2018.03.11-23.06.49:338][170]Cmd: DELETE
[2018.03.11-23.06.49:338][170]Cmd: ACTOR DELETE
[2018.03.11-23.06.49:339][170]LogEditorActor: Deleted Actor: Actor
[2018.03.11-23.06.49:347][170]LogEditorActor: Deleted 1 Actors (0.008 secs)
[2018.03.11-23.06.53:842][678]LogSlate: Took 0.000175 seconds to synchronously load lazily loaded font '../../../Engine/Content/Slate/Fonts/Roboto-Light.ttf' (159K)
[2018.03.11-23.06.53:854][678]Cmd: OBJ SAVEPACKAGE PACKAGE="/Game/Scenes/MainMap" FILE="../../../../../../Users/jman/Documents/GitHub/Carpocalypse/Carpocalypse/Content/Scenes/MainMap.umap" SILENT=true AUTOSAVING=false KEEPDIRTY=false
[2018.03.11-23.06.54:008][678]LogSavePackage: Save=140.49ms
[2018.03.11-23.06.54:008][678]LogSavePackage: Moving '../../../../../../Users/jman/Documents/GitHub/Carpocalypse/Carpocalypse/Saved/MainMap5E62510C4DFC2024299C71906F8ABB28.tmp' to '../../../../../../Users/jman/Documents/GitHub/Carpocalypse/Carpocalypse/Content/Scenes/MainMap.umap'
[2018.03.11-23.06.54:013][678]LogSavePackage: Display: Finished SavePackage ../../../../../../Users/jman/Documents/GitHub/Carpocalypse/Carpocalypse/Content/Scenes/MainMap.umap
[2018.03.11-23.06.55:836][882]MapCheck: New page: Map Check
[2018.03.11-23.06.55:852][882]LightingResults: New page: Lighting Build - 12 Mar 2018 9:06:55 pm
[2018.03.11-23.06.55:930][882]LogSwarmInterface: [OpenConnection] Registering TCP channel ...
[2018.03.11-23.06.56:000][882]LogSwarmInterface: [OpenConnection] Connecting to agent ...
[2018.03.11-23.06.56:019][882]LogSwarmInterface: [TryOpenConnection] Testing the Agent
[2018.03.11-23.06.57:104][882]LogSwarmInterface: [TryOpenConnection] Opening Connection to Agent
[2018.03.11-23.06.57:104][882]LogSwarmInterface: [TryOpenConnection] Local Process ID is 7944
[2018.03.11-23.07.00:514][882]LogStaticLightingSystem: Running Lightmass w/ ImmediateImport mode ENABLED
[2018.03.11-23.07.00:514][882]LogStaticLightingSystem: Running Lightmass w/ ImmediateProcess mode ENABLED
[2018.03.11-23.07.00:514][882]LogStaticLightingSystem: Running Lightmass w/ Sorting mode ENABLED
[2018.03.11-23.07.00:514][882]LogStaticLightingSystem: Running Lightmass w/ Mapping paddings ENABLED
[2018.03.11-23.07.00:514][882]LogStaticLightingSystem: Running Lightmass w/ Mapping debug paddings DISABLED
[2018.03.11-23.07.00:758][882]LogEditorBuildUtils: Build time 0:04
[2018.03.11-23.07.03:631][ 71]Cmd: OBJ SAVEPACKAGE PACKAGE="/Game/Scenes/MainMap" FILE="../../../../../../Users/jman/Documents/GitHub/Carpocalypse/Carpocalypse/Content/Scenes/MainMap.umap" SILENT=true AUTOSAVING=false KEEPDIRTY=false
[2018.03.11-23.07.03:767][ 71]Job is a success!
[2018.03.11-23.07.03:767][ 71]LogSavePackage: Save=124.64ms
[2018.03.11-23.07.03:767][ 71]LogSavePackage: Moving '../../../../../../Users/jman/Documents/GitHub/Carpocalypse/Carpocalypse/Saved/MainMap7C99691C43160243187B0EA459C3B07E.tmp' to '../../../../../../Users/jman/Documents/GitHub/Carpocalypse/Carpocalypse/Content/Scenes/MainMap.umap'
[2018.03.11-23.07.03:772][ 71]LogSavePackage: Display: Finished SavePackage ../../../../../../Users/jman/Documents/GitHub/Carpocalypse/Carpocalypse/Content/Scenes/MainMap.umap
[2018.03.11-23.07.03:791][ 71]LogFileHelpers: Saving map 'MainMap' took 0.214
[2018.03.11-23.07.03:906][ 72]LogVolumetricLightmapImport: Imported Volumetric Lightmap in 0.011s
[2018.03.11-23.07.03:906][ 72]LogVolumetricLightmapImport:      Indirection Texture 16x16x16 = 0.0Mb
[2018.03.11-23.07.03:906][ 72]LogVolumetricLightmapImport:      BrickData 205x5x5 = 0.2Mb
[2018.03.11-23.07.03:906][ 72]LogVolumetricLightmapImport:      Bricks at Level
[2018.03.11-23.07.03:906][ 72]LogVolumetricLightmapImport:          0: 2.4% covering 100.0% of volume
[2018.03.11-23.07.03:906][ 72]LogVolumetricLightmapImport:          1: 9.8% covering 6.3% of volume
[2018.03.11-23.07.03:906][ 72]LogVolumetricLightmapImport:          2: 87.8% covering 0.9% of volume
[2018.03.11-23.07.04:089][ 72]LogTexture: Display: Building textures: SkyOcclusion0_1 (AutoDXT, 1024X512)
[2018.03.11-23.07.04:089][ 72]LogTexture: Display: Building textures: HQ_Lightmap0_1 (AutoDXT, 1024X1024)
[2018.03.11-23.07.04:089][ 72]LogTexture: Display: Building textures: LQ_Lightmap_0_1 (DXT1, 1024X1024)
[2018.03.11-23.07.04:089][ 72]LogTexture: Display: Building textures: SkyOcclusion0_2 (AutoDXT, 64X32)
[2018.03.11-23.07.04:089][ 72]LogTexture: Display: Building textures: HQ_Lightmap0_2 (AutoDXT, 64X64)
[2018.03.11-23.07.04:089][ 72]LogTexture: Display: Building textures: LQ_Lightmap_0_2 (DXT1, 64X64)
[2018.03.11-23.07.04:089][ 72]LogTexture: Display: Building textures: ShadowMapTexture2D_1 (G8, 32X32)
[2018.03.11-23.07.04:089][ 72]LogTexture: Display: Building textures: ShadowMapTexture2D_0 (G8, 512X512)
[2018.03.11-23.07.04:114][ 72]Lightmass on SYD-R102-PC12: 2.56 sec total, 103 ms importing, 7 ms setup, 667 ms photons, 1.75 sec processing, 0 ms extra exporting [2/2 mappings]. Threads: 12.1 sec total, 1.36 sec processing.
[2018.03.11-23.07.04:137][ 72]LogStaticLightingSystem: Illumination: 8.27 sec (114 ms encoding lightmaps, 51 ms encoding shadowmaps)
[2018.03.11-23.07.04:137][ 72]LogStaticLightingSystem: Lightmap texture memory:  2.7 MB (2.7 MB streaming, 0.0 MB non-streaming), 4 textures
[2018.03.11-23.07.04:137][ 72]LogStaticLightingSystem: Shadowmap texture memory: 0.3 MB (0.3 MB streaming, 0.0 MB non-streaming), 2 textures
[2018.03.11-23.07.04:518][ 72]DumpUnbuiltLightIteractions
[2018.03.11-23.07.04:518][ 72]Lights with unbuilt interactions: 0
[2018.03.11-23.07.04:518][ 72]
[2018.03.11-23.07.04:518][ 72]Primitives with unbuilt interactions: 0
[2018.03.11-23.07.04:651][ 73]Cmd: MAP CHECK NOTIFYRESULTS
[2018.03.11-23.07.04:651][ 73]MapCheck: New page: MainMap - 12 Mar 2018 9:07:04 pm
[2018.03.11-23.07.04:706][ 73]MapCheck: Map check complete: 0 Error(s), 0 Warning(s), took 55.261ms to complete.
[2018.03.11-23.07.05:659][176]Cmd: OBJ SAVEPACKAGE PACKAGE="/Game/Scenes/MainMap" FILE="../../../../../../Users/jman/Documents/GitHub/Carpocalypse/Carpocalypse/Content/Scenes/MainMap.umap" SILENT=true AUTOSAVING=false KEEPDIRTY=false
[2018.03.11-23.07.05:773][176]LogSavePackage: Save=102.51ms
[2018.03.11-23.07.05:773][176]LogSavePackage: Moving '../../../../../../Users/jman/Documents/GitHub/Carpocalypse/Carpocalypse/Saved/MainMapEB6D9178407306979925B389824E7AED.tmp' to '../../../../../../Users/jman/Documents/GitHub/Carpocalypse/Carpocalypse/Content/Scenes/MainMap.umap'
[2018.03.11-23.07.05:778][176]LogSavePackage: Display: Finished SavePackage ../../../../../../Users/jman/Documents/GitHub/Carpocalypse/Carpocalypse/Content/Scenes/MainMap.umap
[2018.03.11-23.07.05:795][176]LogFileHelpers: Saving map 'MainMap' took 0.190
[2018.03.11-23.07.05:799][176]Cmd: OBJ SAVEPACKAGE PACKAGE="/Game/Scenes/MainMap_BuiltData" FILE="../../../../../../Users/jman/Documents/GitHub/Carpocalypse/Carpocalypse/Content/Scenes/MainMap_BuiltData.uasset" SILENT=true
[2018.03.11-23.07.05:848][176]LogSavePackage: Save=46.64ms
[2018.03.11-23.07.05:848][176]LogSavePackage: Moving '../../../../../../Users/jman/Documents/GitHub/Carpocalypse/Carpocalypse/Saved/MainMap_BuiltData61834BE84896FBC44FDA4581C38CAC5B.tmp' to '../../../../../../Users/jman/Documents/GitHub/Carpocalypse/Carpocalypse/Content/Scenes/MainMap_BuiltData.uasset'
[2018.03.11-23.07.05:852][176]LogSavePackage: Display: Finished SavePackage ../../../../../../Users/jman/Documents/GitHub/Carpocalypse/Carpocalypse/Content/Scenes/MainMap_BuiltData.uasset
[2018.03.11-23.07.53:882][253]Cmd: OBJ SAVEPACKAGE PACKAGE="/Game/Scenes/MainMap" FILE="../../../../../../Users/jman/Documents/GitHub/Carpocalypse/Carpocalypse/Content/Scenes/MainMap.umap" SILENT=true AUTOSAVING=false KEEPDIRTY=false
[2018.03.11-23.07.53:999][253]LogSavePackage: Save=105.51ms
[2018.03.11-23.07.53:999][253]LogSavePackage: Moving '../../../../../../Users/jman/Documents/GitHub/Carpocalypse/Carpocalypse/Saved/MainMapF25CC7D849E4E88E4AC7DB9CA71DC784.tmp' to '../../../../../../Users/jman/Documents/GitHub/Carpocalypse/Carpocalypse/Content/Scenes/MainMap.umap'
[2018.03.11-23.07.54:005][253]LogSavePackage: Display: Finished SavePackage ../../../../../../Users/jman/Documents/GitHub/Carpocalypse/Carpocalypse/Content/Scenes/MainMap.umap
[2018.03.11-23.07.54:023][253]Cmd: OBJ SAVEPACKAGE PACKAGE="/Game/Scenes/MainMap_BuiltData" FILE="../../../../../../Users/jman/Documents/GitHub/Carpocalypse/Carpocalypse/Content/Scenes/MainMap_BuiltData.uasset" SILENT=true
[2018.03.11-23.07.54:078][253]LogSavePackage: Save=50.29ms
[2018.03.11-23.07.54:078][253]LogSavePackage: Moving '../../../../../../Users/jman/Documents/GitHub/Carpocalypse/Carpocalypse/Saved/MainMap_BuiltDataA6FB6F7B4BDE070CCDD1CAA1894A3031.tmp' to '../../../../../../Users/jman/Documents/GitHub/Carpocalypse/Carpocalypse/Content/Scenes/MainMap_BuiltData.uasset'
[2018.03.11-23.07.54:081][253]LogSavePackage: Display: Finished SavePackage ../../../../../../Users/jman/Documents/GitHub/Carpocalypse/Carpocalypse/Content/Scenes/MainMap_BuiltData.uasset
[2018.03.11-23.07.54:460][292]LogWindowsTextInputMethodSystem: Display: IME system now deactivated.
[2018.03.11-23.07.54:460][292]LogWindowsTextInputMethodSystem: Display: IME system now deactivated.
[2018.03.11-23.07.54:668][293]Cmd: QUIT_EDITOR
[2018.03.11-23.07.55:489][293]LogExit: Preparing to exit.
[2018.03.11-23.07.55:945][293]LogDirectoryWatcher: A directory notification for 'C:/Users/jman/Documents/GitHub/Carpocalypse/Carpocalypse/Content/' was aborted.
[2018.03.11-23.07.55:973][293]LogExit: Editor shut down
[2018.03.11-23.07.55:978][293]LogExit: Transaction tracking system shut down
[2018.03.11-23.07.56:102][293]LogDirectoryWatcher: A directory notification for '../../../Engine/Content/' was aborted.
[2018.03.11-23.07.56:103][293]LogDirectoryWatcher: A directory notification for '../../../../../../Users/jman/Documents/GitHub/Carpocalypse/Carpocalypse/Content/' was aborted.
[2018.03.11-23.07.56:103][293]LogDirectoryWatcher: A directory notification for '../../../Engine/Plugins/2D/Paper2D/Content/' was aborted.
[2018.03.11-23.07.56:103][293]LogDirectoryWatcher: A directory notification for '../../../Engine/Plugins/Media/MediaCompositing/Content/' was aborted.
[2018.03.11-23.07.56:103][293]LogDirectoryWatcher: A directory notification for '../../../Engine/Plugins/Runtime/AppleARKit/Content/' was aborted.
[2018.03.11-23.07.56:103][293]LogDirectoryWatcher: A directory notification for '../../../Engine/Plugins/Runtime/Oculus/OculusVR/Content/' was aborted.
[2018.03.11-23.07.56:103][293]LogDirectoryWatcher: A directory notification for '../../../Engine/Plugins/Runtime/Steam/SteamVR/Content/' was aborted.
[2018.03.11-23.07.56:147][293]LogExit: Object subsystem successfully closed.
[2018.03.11-23.07.56:167][293]LogD3D11RHI: Shutdown
[2018.03.11-23.07.56:167][293]LogD3D11RHI: CleanupD3DDevice
[2018.03.11-23.07.56:169][293]LogD3D11RHI: ~FD3D11DynamicRHI
[2018.03.11-23.07.56:184][293]LogModuleManager: Shutting down and abandoning module MovieSceneCapture (552)
[2018.03.11-23.07.56:184][293]LogModuleManager: Shutting down and abandoning module HierarchicalLODOutliner (550)
[2018.03.11-23.07.56:184][293]LogModuleManager: Shutting down and abandoning module DesktopPlatform (548)
[2018.03.11-23.07.56:184][293]LogModuleManager: Shutting down and abandoning module SceneOutliner (546)
[2018.03.11-23.07.56:184][293]LogModuleManager: Shutting down and abandoning module AddContentDialog (544)
[2018.03.11-23.07.56:184][293]LogDirectoryWatcher: A directory notification for 'C:/Program Files/Epic Games/UE_4.18/FeaturePacks/' was aborted.
[2018.03.11-23.07.56:186][293]LogModuleManager: Shutting down and abandoning module WidgetCarousel (543)
[2018.03.11-23.07.56:186][293]LogModuleManager: Shutting down and abandoning module EditorWidgets (540)
[2018.03.11-23.07.56:186][293]LogModuleManager: Shutting down and abandoning module CollectionManager (538)
[2018.03.11-23.07.56:186][293]LogDirectoryWatcher: A directory notification for 'C:/Users/jman/Documents/GitHub/Carpocalypse/Carpocalypse/Content/Collections/' was aborted.
[2018.03.11-23.07.56:186][293]LogDirectoryWatcher: A directory notification for 'C:/Users/jman/Documents/GitHub/Carpocalypse/Carpocalypse/Content/Developers/jman/Collections/' was aborted.
[2018.03.11-23.07.56:186][293]LogDirectoryWatcher: A directory notification for 'C:/Users/jman/Documents/GitHub/Carpocalypse/Carpocalypse/Saved/Collections/' was aborted.
[2018.03.11-23.07.56:186][293]LogModuleManager: Shutting down and abandoning module StatsViewer (536)
[2018.03.11-23.07.56:186][293]LogModuleManager: Shutting down and abandoning module FoliageEdit (534)
[2018.03.11-23.07.56:186][293]LogModuleManager: Shutting down and abandoning module LandscapeEditor (532)
[2018.03.11-23.07.56:186][293]LogModuleManager: Shutting down and abandoning module MeshPaintMode (530)
[2018.03.11-23.07.56:186][293]LogModuleManager: Shutting down and abandoning module SceneDepthPickerMode (528)
[2018.03.11-23.07.56:186][293]LogModuleManager: Shutting down and abandoning module ActorPickerMode (526)
[2018.03.11-23.07.56:186][293]LogModuleManager: Shutting down and abandoning module GeometryMode (524)
[2018.03.11-23.07.56:186][293]LogModuleManager: Shutting down and abandoning module TextureAlignMode (522)
[2018.03.11-23.07.56:186][293]LogModuleManager: Shutting down and abandoning module BspMode (520)
[2018.03.11-23.07.56:186][293]LogModuleManager: Shutting down and abandoning module PIEPreviewDeviceProfileSelector (518)
[2018.03.11-23.07.56:186][293]LogModuleManager: Shutting down and abandoning module HardwareSurvey (516)
[2018.03.11-23.07.56:187][293]LogModuleManager: Shutting down and abandoning module SequenceRecorderSections (514)
[2018.03.11-23.07.56:187][293]LogModuleManager: Shutting down and abandoning module AutomationWorker (512)
[2018.03.11-23.07.56:187][293]LogModuleManager: Shutting down and abandoning module MatineeToLevelSequence (510)
[2018.03.11-23.07.56:187][293]LogModuleManager: Shutting down and abandoning module LevelSequenceEditor (508)
[2018.03.11-23.07.56:187][293]LogModuleManager: Shutting down and abandoning module PlacementMode (507)
[2018.03.11-23.07.56:187][293]LogModuleManager: Shutting down and abandoning module WmfMediaFactory (504)
[2018.03.11-23.07.56:187][293]LogModuleManager: Shutting down and abandoning module WmfMediaEditor (502)
[2018.03.11-23.07.56:187][293]LogModuleManager: Shutting down and abandoning module OpenExrWrapper (500)
[2018.03.11-23.07.56:187][293]LogModuleManager: Shutting down and abandoning module ImgMediaFactory (498)
[2018.03.11-23.07.56:187][293]LogModuleManager: Shutting down and abandoning module ImgMediaEditor (496)
[2018.03.11-23.07.56:187][293]LogModuleManager: Shutting down and abandoning module AvfMediaFactory (494)
[2018.03.11-23.07.56:187][293]LogModuleManager: Shutting down and abandoning module AvfMediaEditor (492)
[2018.03.11-23.07.56:187][293]LogModuleManager: Shutting down and abandoning module AndroidMediaFactory (490)
[2018.03.11-23.07.56:187][293]LogModuleManager: Shutting down and abandoning module AndroidMediaEditor (488)
[2018.03.11-23.07.56:187][293]LogModuleManager: Shutting down and abandoning module CharacterAI (486)
[2018.03.11-23.07.56:187][293]LogModuleManager: Shutting down and abandoning module AudioCapture (484)
[2018.03.11-23.07.56:187][293]LogModuleManager: Shutting down and abandoning module SequenceRecorder (483)
[2018.03.11-23.07.56:187][293]LogModuleManager: Shutting down and abandoning module SmartSnapping (480)
[2018.03.11-23.07.56:187][293]LogModuleManager: Shutting down and abandoning module SessionServices (478)
[2018.03.11-23.07.56:187][293]LogModuleManager: Shutting down and abandoning module ViewportSnapping (476)
[2018.03.11-23.07.56:187][293]LogModuleManager: Shutting down and abandoning module ViewportInteraction (474)
[2018.03.11-23.07.56:187][293]LogModuleManager: Shutting down and abandoning module ClothPainter (472)
[2018.03.11-23.07.56:187][293]LogModuleManager: Shutting down and abandoning module SkeletalMeshEditor (471)
[2018.03.11-23.07.56:187][293]LogModuleManager: Shutting down and abandoning module LogVisualizer (468)
[2018.03.11-23.07.56:187][293]LogModuleManager: Shutting down and abandoning module IntroTutorials (466)
[2018.03.11-23.07.56:188][293]LogModuleManager: Shutting down and abandoning module GameProjectGeneration (465)
[2018.03.11-23.07.56:188][293]LogModuleManager: Shutting down and abandoning module IOSPlatformEditor (462)
[2018.03.11-23.07.56:188][293]LogModuleManager: Shutting down and abandoning module HTML5PlatformEditor (460)
[2018.03.11-23.07.56:188][293]LogModuleManager: Shutting down and abandoning module AndroidPlatformEditor (458)
[2018.03.11-23.07.56:188][293]LogModuleManager: Shutting down and abandoning module AndroidDeviceDetection (457)
[2018.03.11-23.07.56:258][293]LogModuleManager: Shutting down and abandoning module WindowsPlatformEditor (454)
[2018.03.11-23.07.56:258][293]LogModuleManager: Shutting down and abandoning module IOSRuntimeSettings (452)
[2018.03.11-23.07.56:258][293]LogModuleManager: Shutting down and abandoning module AndroidRuntimeSettings (450)
[2018.03.11-23.07.56:258][293]LogModuleManager: Shutting down and abandoning module InputBindingEditor (448)
[2018.03.11-23.07.56:258][293]LogModuleManager: Shutting down and abandoning module MergeActors (446)
[2018.03.11-23.07.56:258][293]LogModuleManager: Shutting down and abandoning module SizeMap (444)
[2018.03.11-23.07.56:258][293]LogModuleManager: Shutting down and abandoning module TreeMap (442)
[2018.03.11-23.07.56:258][293]LogModuleManager: Shutting down and abandoning module ReferenceViewer (440)
[2018.03.11-23.07.56:258][293]LogModuleManager: Shutting down and abandoning module LocalizationDashboard (438)
[2018.03.11-23.07.56:258][293]LogModuleManager: Shutting down and abandoning module LocalizationService (437)
[2018.03.11-23.07.56:258][293]LogModuleManager: Shutting down and abandoning module HardwareTargeting (434)
[2018.03.11-23.07.56:258][293]LogModuleManager: Shutting down and abandoning module DeviceProfileEditor (432)
[2018.03.11-23.07.56:258][293]LogModuleManager: Shutting down and abandoning module UndoHistory (430)
[2018.03.11-23.07.56:258][293]LogModuleManager: Shutting down and abandoning module XmlParser (428)
[2018.03.11-23.07.56:258][293]LogModuleManager: Shutting down and abandoning module Blutility (426)
[2018.03.11-23.07.56:258][293]LogModuleManager: Shutting down and abandoning module ProjectSettingsViewer (424)
[2018.03.11-23.07.56:258][293]LogModuleManager: Shutting down and abandoning module ProjectTargetPlatformEditor (423)
[2018.03.11-23.07.56:258][293]LogModuleManager: Shutting down and abandoning module EditorSettingsViewer (420)
[2018.03.11-23.07.56:258][293]LogModuleManager: Shutting down and abandoning module SettingsEditor (418)
[2018.03.11-23.07.56:258][293]LogModuleManager: Shutting down and abandoning module ProjectLauncher (416)
[2018.03.11-23.07.56:258][293]LogModuleManager: Shutting down and abandoning module SessionFrontend (414)
[2018.03.11-23.07.56:258][293]LogModuleManager: Shutting down and abandoning module ProfilerClient (412)
[2018.03.11-23.07.56:259][293]LogModuleManager: Shutting down and abandoning module DeviceManager (410)
[2018.03.11-23.07.56:259][293]LogModuleManager: Shutting down and abandoning module TargetDeviceServices (409)
[2018.03.11-23.07.56:322][293]LogModuleManager: Shutting down and abandoning module AutomationController (406)
[2018.03.11-23.07.56:322][293]LogModuleManager: Shutting down and abandoning module AutomationWindow (404)
[2018.03.11-23.07.56:322][293]LogModuleManager: Shutting down and abandoning module Layers (402)
[2018.03.11-23.07.56:322][293]LogModuleManager: Shutting down and abandoning module ComponentVisualizers (400)
[2018.03.11-23.07.56:322][293]LogModuleManager: Shutting down and abandoning module DetailCustomizations (398)
[2018.03.11-23.07.56:322][293]LogModuleManager: Shutting down and abandoning module PackagesDialog (396)
[2018.03.11-23.07.56:323][293]LogModuleManager: Shutting down and abandoning module Persona (394)
[2018.03.11-23.07.56:323][293]LogModuleManager: Shutting down and abandoning module AdvancedPreviewScene (393)
[2018.03.11-23.07.56:323][293]LogModuleManager: Shutting down and abandoning module AnimGraph (391)
[2018.03.11-23.07.56:323][293]LogModuleManager: Shutting down and abandoning module Kismet (388)
[2018.03.11-23.07.56:324][293]LogModuleManager: Shutting down and abandoning module ClassViewer (386)
[2018.03.11-23.07.56:324][293]LogModuleManager: Shutting down and abandoning module Toolbox (384)
[2018.03.11-23.07.56:324][293]LogModuleManager: Shutting down and abandoning module ModuleUI (382)
[2018.03.11-23.07.56:324][293]LogModuleManager: Shutting down and abandoning module MovieSceneTools (380)
[2018.03.11-23.07.56:324][293]LogModuleManager: Shutting down and abandoning module OutputLog (378)
[2018.03.11-23.07.56:324][293]LogModuleManager: Shutting down and abandoning module GammaUI (376)
[2018.03.11-23.07.56:325][293]LogModuleManager: Shutting down and abandoning module Documentation (374)
[2018.03.11-23.07.56:325][293]LogModuleManager: Shutting down and abandoning module MovieSceneTracks (372)
[2018.03.11-23.07.56:325][293]LogModuleManager: Shutting down and abandoning module MovieScene (370)
[2018.03.11-23.07.56:325][293]LogModuleManager: Shutting down and abandoning module StreamingPauseRendering (368)
[2018.03.11-23.07.56:325][293]LogModuleManager: Shutting down and abandoning module LauncherPlatform (366)
[2018.03.11-23.07.56:325][293]LogModuleManager: Shutting down and abandoning module AnalyticsET (364)
[2018.03.11-23.07.56:325][293]LogModuleManager: Shutting down and abandoning module PortalServices (362)
[2018.03.11-23.07.56:325][293]LogModuleManager: Shutting down and abandoning module PortalRpc (360)
[2018.03.11-23.07.56:325][293]LogModuleManager: Shutting down and abandoning module MessagingRpc (358)
[2018.03.11-23.07.56:325][293]LogModuleManager: Shutting down and abandoning module AIModule (356)
[2018.03.11-23.07.56:325][293]LogModuleManager: Shutting down and abandoning module GameplayDebugger (355)
[2018.03.11-23.07.56:325][293]LogModuleManager: Shutting down and abandoning module AITestSuite (353)
[2018.03.11-23.07.56:325][293]LogModuleManager: Shutting down and abandoning module ProfilerService (350)
[2018.03.11-23.07.56:447][293]LogModuleManager: Shutting down and abandoning module TaskGraph (348)
[2018.03.11-23.07.56:447][293]LogModuleManager: Shutting down and abandoning module SteamVRController (346)
[2018.03.11-23.07.56:447][293]LogModuleManager: Shutting down and abandoning module ProceduralMeshComponentEditor (344)
[2018.03.11-23.07.56:447][293]LogModuleManager: Shutting down and abandoning module ProceduralMeshComponent (342)
[2018.03.11-23.07.56:447][293]LogModuleManager: Shutting down and abandoning module OculusInput (340)
[2018.03.11-23.07.56:447][293]LogModuleManager: Shutting down and abandoning module MobilePatchingUtils (338)
[2018.03.11-23.07.56:447][293]LogModuleManager: Shutting down and abandoning module CustomMeshComponent (336)
[2018.03.11-23.07.56:447][293]LogModuleManager: Shutting down and abandoning module CableComponent (334)
[2018.03.11-23.07.56:447][293]LogModuleManager: Shutting down and abandoning module ArchVisCharacter (332)
[2018.03.11-23.07.56:447][293]LogModuleManager: Shutting down and abandoning module AndroidPermission (330)
[2018.03.11-23.07.56:447][293]LogModuleManager: Shutting down and abandoning module ActorSequence (326)
[2018.03.11-23.07.56:447][293]LogModuleManager: Shutting down and abandoning module MediaPlayerEditor (324)
[2018.03.11-23.07.56:448][293]LogModuleManager: Shutting down and abandoning module MediaCompositingEditor (322)
[2018.03.11-23.07.56:448][293]LogModuleManager: Shutting down and abandoning module MediaCompositing (320)
[2018.03.11-23.07.56:448][293]LogModuleManager: Shutting down and abandoning module HTML5Networking (318)
[2018.03.11-23.07.56:448][293]LogModuleManager: Shutting down and abandoning module AlembicImporter (316)
[2018.03.11-23.07.56:448][293]LogModuleManager: Shutting down and abandoning module AlembicLibrary (315)
[2018.03.11-23.07.56:448][293]LogModuleManager: Shutting down and abandoning module GeometryCache (314)
[2018.03.11-23.07.56:448][293]LogModuleManager: Shutting down and abandoning module GeometryCacheEd (313)
[2018.03.11-23.07.56:448][293]LogModuleManager: Shutting down and abandoning module SpeedTreeImporter (308)
[2018.03.11-23.07.56:448][293]LogModuleManager: Shutting down and abandoning module PluginBrowser (306)
[2018.03.11-23.07.56:448][293]LogModuleManager: Shutting down and abandoning module MobileLauncherProfileWizard (304)
[2018.03.11-23.07.56:448][293]LogModuleManager: Shutting down and abandoning module VisualStudioSourceCodeAccess (302)
[2018.03.11-23.07.56:449][293]LogModuleManager: Shutting down and abandoning module VisualStudioCodeSourceCodeAccess (300)
[2018.03.11-23.07.56:449][293]LogModuleManager: Shutting down and abandoning module UObjectPlugin (298)
[2018.03.11-23.07.56:449][293]LogModuleManager: Shutting down and abandoning module SubversionSourceControl (296)
[2018.03.11-23.07.56:449][293]LogModuleManager: Shutting down and abandoning module PerforceSourceControl (294)
[2018.03.11-23.07.56:449][293]LogModuleManager: Shutting down and abandoning module GitSourceControl (292)
[2018.03.11-23.07.56:449][293]LogModuleManager: Shutting down and abandoning module SourceControl (291)
[2018.03.11-23.07.56:449][293]LogModuleManager: Shutting down and abandoning module LightPropagationVolumeEditor (288)
[2018.03.11-23.07.56:449][293]LogModuleManager: Shutting down and abandoning module PaperTiledImporter (286)
[2018.03.11-23.07.56:449][293]LogModuleManager: Shutting down and abandoning module PaperSpriteSheetImporter (284)
[2018.03.11-23.07.56:449][293]LogModuleManager: Shutting down and abandoning module Paper2DEditor (282)
[2018.03.11-23.07.56:449][293]LogModuleManager: Shutting down and abandoning module MeshPaint (281)
[2018.03.11-23.07.56:449][293]LogModuleManager: Shutting down and abandoning module LevelEditor (279)
[2018.03.11-23.07.56:452][293]LogModuleManager: Shutting down and abandoning module PixelInspectorModule (278)
[2018.03.11-23.07.56:452][293]LogModuleManager: Shutting down and abandoning module MainFrame (276)
[2018.03.11-23.07.56:452][293]LogModuleManager: Shutting down and abandoning module HotReload (275)
[2018.03.11-23.07.56:452][293]LogDirectoryWatcher: A directory notification for 'C:/Users/jman/Documents/GitHub/Carpocalypse/Carpocalypse/Binaries/Win64' was aborted.
[2018.03.11-23.07.56:453][293]LogModuleManager: Shutting down and abandoning module Carpocalypse (270)
[2018.03.11-23.07.56:453][293]LogModuleManager: Shutting down and abandoning module RuntimePhysXCooking (268)
[2018.03.11-23.07.56:453][293]LogModuleManager: Shutting down and abandoning module PhysXVehiclesEditor (266)
[2018.03.11-23.07.56:454][293]LogModuleManager: Shutting down and abandoning module PhysXVehicles (264)
[2018.03.11-23.07.56:454][293]LogModuleManager: Shutting down and abandoning module OculusEditor (262)
[2018.03.11-23.07.56:454][293]LogModuleManager: Shutting down and abandoning module LocationServicesBPLibrary (260)
[2018.03.11-23.07.56:454][293]LogModuleManager: Shutting down and abandoning module ImmediatePhysicsEditor (258)
[2018.03.11-23.07.56:454][293]LogModuleManager: Shutting down and abandoning module ImmediatePhysics (256)
[2018.03.11-23.07.56:454][293]LogModuleManager: Shutting down and abandoning module UdpMessaging (254)
[2018.03.11-23.07.56:555][293]LogModuleManager: Shutting down and abandoning module TcpMessaging (252)
[2018.03.11-23.07.56:856][293]LogModuleManager: Shutting down and abandoning module GameplayTagsEditor (250)
[2018.03.11-23.07.56:857][293]LogModuleManager: Shutting down and abandoning module FacialAnimationEditor (248)
[2018.03.11-23.07.56:857][293]LogModuleManager: Shutting down and abandoning module FacialAnimation (246)
[2018.03.11-23.07.56:857][293]LogModuleManager: Shutting down and abandoning module AssetManagerEditor (244)
[2018.03.11-23.07.56:857][293]LogModuleManager: Shutting down and abandoning module GraphEditor (243)
[2018.03.11-23.07.56:857][293]LogModuleManager: Shutting down and abandoning module ContentBrowser (241)
[2018.03.11-23.07.56:860][293]LogModuleManager: Shutting down and abandoning module LightPropagationVolumeRuntime (238)
[2018.03.11-23.07.56:860][293]LogModuleManager: Shutting down and abandoning module Paper2D (236)
[2018.03.11-23.07.56:860][293]LogModuleManager: Shutting down and abandoning module WindowsMoviePlayer (234)
[2018.03.11-23.07.56:860][293]LogModuleManager: Shutting down and abandoning module WmfMedia (232)
[2018.03.11-23.07.56:865][293]LogModuleManager: Shutting down and abandoning module ImgMedia (230)
[2018.03.11-23.07.56:865][293]LogModuleManager: Shutting down and abandoning module PacketHandler (228)
[2018.03.11-23.07.56:865][293]LogModuleManager: Shutting down and abandoning module ClothingSystemEditor (226)
[2018.03.11-23.07.56:865][293]LogModuleManager: Shutting down and abandoning module ClothingSystemRuntime (224)
[2018.03.11-23.07.56:865][293]LogModuleManager: Shutting down and abandoning module MediaAssets (222)
[2018.03.11-23.07.56:865][293]LogModuleManager: Shutting down and abandoning module Media (221)
[2018.03.11-23.07.56:872][293]LogModuleManager: Shutting down and abandoning module Overlay (218)
[2018.03.11-23.07.56:873][293]LogModuleManager: Shutting down and abandoning module OverlayEditor (217)
[2018.03.11-23.07.56:873][293]LogModuleManager: Shutting down and abandoning module VREditor (214)
[2018.03.11-23.07.56:873][293]LogModuleManager: Shutting down and abandoning module StringTableEditor (212)
[2018.03.11-23.07.56:873][293]LogModuleManager: Shutting down and abandoning module GameplayTasksEditor (210)
[2018.03.11-23.07.56:873][293]LogModuleManager: Shutting down and abandoning module BehaviorTreeEditor (208)
[2018.03.11-23.07.56:873][293]LogModuleManager: Shutting down and abandoning module FunctionalTesting (206)
[2018.03.11-23.07.56:873][293]LogModuleManager: Shutting down and abandoning module CollisionAnalyzer (204)
[2018.03.11-23.07.56:873][293]LogModuleManager: Shutting down and abandoning module WorkspaceMenuStructure (203)
[2018.03.11-23.07.56:873][293]LogModuleManager: Shutting down and abandoning module UMG (200)
[2018.03.11-23.07.56:873][293]LogModuleManager: Shutting down and abandoning module UMGEditor (199)
[2018.03.11-23.07.56:874][293]LogModuleManager: Shutting down and abandoning module Sequencer (198)
[2018.03.11-23.07.56:874][293]LogModuleManager: Shutting down and abandoning module MessageLog (195)
[2018.03.11-23.07.56:874][293]LogModuleManager: Shutting down and abandoning module SlateReflector (190)
[2018.03.11-23.07.56:874][293]LogModuleManager: Shutting down and abandoning module Slate (188)
[2018.03.11-23.07.56:874][293]LogModuleManager: Shutting down and abandoning module EditorStyle (186)
[2018.03.11-23.07.56:882][293]LogModuleManager: Shutting down and abandoning module MRMesh (184)
[2018.03.11-23.07.56:882][293]LogModuleManager: Shutting down and abandoning module SourceCodeAccess (182)
[2018.03.11-23.07.56:882][293]LogModuleManager: Shutting down and abandoning module HeadMountedDisplay (180)
[2018.03.11-23.07.56:882][293]LogModuleManager: Shutting down and abandoning module XAudio2 (178)
[2018.03.11-23.07.56:882][293]LogModuleManager: Shutting down and abandoning module Networking (176)
[2018.03.11-23.07.56:882][293]LogModuleManager: Shutting down and abandoning module Core (172)
[2018.03.11-23.07.56:882][293]LogModuleManager: Shutting down and abandoning module LevelSequence (168)
[2018.03.11-23.07.56:882][293]LogModuleManager: Shutting down and abandoning module DirectoryWatcher (166)
[2018.03.11-23.07.56:884][293]LogModuleManager: Shutting down and abandoning module KismetCompiler (164)
[2018.03.11-23.07.56:884][293]LogModuleManager: Shutting down and abandoning module MeshUtilities (162)
[2018.03.11-23.07.56:884][293]LogModuleManager: Shutting down and abandoning module MeshMergeUtilities (161)
[2018.03.11-23.07.56:884][293]LogModuleManager: Shutting down and abandoning module MeshReductionInterface (160)
[2018.03.11-23.07.56:884][293]LogModuleManager: Shutting down and abandoning module SimplygonSwarm (159)
[2018.03.11-23.07.56:884][293]LogModuleManager: Shutting down and abandoning module SimplygonMeshReduction (157)
[2018.03.11-23.07.56:884][293]LogModuleManager: Shutting down and abandoning module QuadricMeshReduction (155)
[2018.03.11-23.07.56:884][293]LogModuleManager: Shutting down and abandoning module MaterialBaking (151)
[2018.03.11-23.07.56:884][293]LogModuleManager: Shutting down and abandoning module DerivedDataCache (148)
[2018.03.11-23.07.56:954][293]LogDerivedDataCache: Shutdown
[2018.03.11-23.07.56:954][293]LogModuleManager: Shutting down and abandoning module TargetPlatform (146)
[2018.03.11-23.07.56:954][293]LogModuleManager: Shutting down and abandoning module VulkanShaderFormat (145)
[2018.03.11-23.07.56:954][293]LogModuleManager: Shutting down and abandoning module ShaderFormatVectorVM (143)
[2018.03.11-23.07.56:954][293]LogModuleManager: Shutting down and abandoning module ShaderFormatOpenGL (141)
[2018.03.11-23.07.56:954][293]LogModuleManager: Shutting down and abandoning module ShaderFormatD3D (139)
[2018.03.11-23.07.56:955][293]LogModuleManager: Shutting down and abandoning module MetalShaderFormat (137)
[2018.03.11-23.07.56:955][293]LogModuleManager: Shutting down and abandoning module TextureFormatUncompressed (135)
[2018.03.11-23.07.56:955][293]LogModuleManager: Shutting down and abandoning module TextureFormatPVR (133)
[2018.03.11-23.07.56:955][293]LogModuleManager: Shutting down and abandoning module TextureFormatDXT (131)
[2018.03.11-23.07.56:955][293]LogModuleManager: Shutting down and abandoning module TextureFormatIntelISPCTexComp (129)
[2018.03.11-23.07.56:955][293]LogModuleManager: Shutting down and abandoning module TextureFormatASTC (127)
[2018.03.11-23.07.56:955][293]LogModuleManager: Shutting down and abandoning module ImageWrapper (126)
[2018.03.11-23.07.56:955][293]LogModuleManager: Shutting down and abandoning module TextureFormatAndroid (123)
[2018.03.11-23.07.56:955][293]LogModuleManager: Shutting down and abandoning module AudioFormatOpus (121)
[2018.03.11-23.07.56:955][293]LogModuleManager: Shutting down and abandoning module AudioFormatOgg (119)
[2018.03.11-23.07.56:955][293]LogModuleManager: Shutting down and abandoning module AudioFormatADPCM (117)
[2018.03.11-23.07.56:955][293]LogModuleManager: Shutting down and abandoning module LinuxTargetPlatform (115)
[2018.03.11-23.07.56:955][293]LogModuleManager: Shutting down and abandoning module LinuxServerTargetPlatform (113)
[2018.03.11-23.07.56:955][293]LogModuleManager: Shutting down and abandoning module LinuxNoEditorTargetPlatform (111)
[2018.03.11-23.07.56:955][293]LogModuleManager: Shutting down and abandoning module LinuxClientTargetPlatform (109)
[2018.03.11-23.07.56:955][293]LogModuleManager: Shutting down and abandoning module TVOSTargetPlatform (107)
[2018.03.11-23.07.56:956][293]LogModuleManager: Shutting down and abandoning module Messaging (105)
[2018.03.11-23.07.56:956][293]LogModuleManager: Shutting down and abandoning module IOSTargetPlatform (103)
[2018.03.11-23.07.56:956][293]LogModuleManager: Shutting down and abandoning module HTML5TargetPlatform (101)
[2018.03.11-23.07.56:956][293]LogModuleManager: Shutting down and abandoning module AndroidTargetPlatform (99)
[2018.03.11-23.07.56:956][293]LogModuleManager: Shutting down and abandoning module Android_PVRTCTargetPlatform (97)
[2018.03.11-23.07.56:956][293]LogModuleManager: Shutting down and abandoning module Android_MultiTargetPlatform (95)
[2018.03.11-23.07.56:956][293]LogModuleManager: Shutting down and abandoning module Android_ETC2TargetPlatform (93)
[2018.03.11-23.07.56:956][293]LogModuleManager: Shutting down and abandoning module Android_ETC1TargetPlatform (91)
[2018.03.11-23.07.56:956][293]LogModuleManager: Shutting down and abandoning module Android_DXTTargetPlatform (89)
[2018.03.11-23.07.56:956][293]LogModuleManager: Shutting down and abandoning module Android_ATCTargetPlatform (87)
[2018.03.11-23.07.56:956][293]LogModuleManager: Shutting down and abandoning module Android_ASTCTargetPlatform (85)
[2018.03.11-23.07.56:956][293]LogModuleManager: Shutting down and abandoning module WindowsTargetPlatform (83)
[2018.03.11-23.07.56:956][293]LogModuleManager: Shutting down and abandoning module WindowsServerTargetPlatform (81)
[2018.03.11-23.07.56:956][293]LogModuleManager: Shutting down and abandoning module WindowsNoEditorTargetPlatform (79)
[2018.03.11-23.07.56:956][293]LogModuleManager: Shutting down and abandoning module WindowsClientTargetPlatform (77)
[2018.03.11-23.07.56:956][293]LogModuleManager: Shutting down and abandoning module MacTargetPlatform (75)
[2018.03.11-23.07.56:956][293]LogModuleManager: Shutting down and abandoning module MacServerTargetPlatform (73)
[2018.03.11-23.07.56:956][293]LogModuleManager: Shutting down and abandoning module MacNoEditorTargetPlatform (71)
[2018.03.11-23.07.56:957][293]LogModuleManager: Shutting down and abandoning module MacClientTargetPlatform (69)
[2018.03.11-23.07.56:957][293]LogModuleManager: Shutting down and abandoning module AllDesktopTargetPlatform (67)
[2018.03.11-23.07.56:957][293]LogModuleManager: Shutting down and abandoning module InputCore (64)
[2018.03.11-23.07.56:957][293]LogModuleManager: Shutting down and abandoning module Settings (62)
[2018.03.11-23.07.56:957][293]LogModuleManager: Shutting down and abandoning module PhysXCooking (60)
[2018.03.11-23.07.56:957][293]LogModuleManager: Shutting down and abandoning module SteamVR (58)
[2018.03.11-23.07.56:957][293]LogModuleManager: Shutting down and abandoning module OculusHMD (56)
[2018.03.11-23.07.56:957][293]LogModuleManager: Shutting down and abandoning module ExampleDeviceProfileSelector (54)
[2018.03.11-23.07.56:957][293]LogModuleManager: Shutting down and abandoning module AppleARKit (52)
[2018.03.11-23.07.56:957][293]LogModuleManager: Shutting down and abandoning module AugmentedReality (51)
[2018.03.11-23.07.56:957][293]LogModuleManager: Shutting down and abandoning module OnlineBlueprintSupport (48)
[2018.03.11-23.07.56:957][293]LogModuleManager: Shutting down and abandoning module OnlineSubsystem (44)
[2018.03.11-23.07.56:957][293]LogModuleManager: Shutting down and abandoning module XMPP (43)
[2018.03.11-23.07.56:958][293]LogModuleManager: Shutting down and abandoning module HTTP (41)
[2018.03.11-23.07.56:958][293]LogHttp: Display: Http module shutting down, but needs to wait on 1 outstanding Http requests:
[2018.03.11-23.07.56:958][293]LogHttp: Display: 	verb=[POST] url=[https://datarouter.ol.epicgames.com/datarouter/api/v1/public/data?SessionID=%7B80E2B980-42B0-71B4-231E-57B1B2828D5D%7D&AppID=UEEditor.Rocket.Release&AppVersion=4.18.3-3832480%2B%2B%2BUE4%2BRelease-4.18&UserID=f65fdfb944b42471c8fe45918ca32ce9%7C5847cd64de044139ab896601d25803f0%7C9ad5ed9a-ea06-44ea-806b-38f08c3aad6b&AppEnvironment=datacollector-binary&UploadType=eteventstream] status=Processing
[2018.03.11-23.07.56:967][293]LogModuleManager: Shutting down and abandoning module SSL (40)
[2018.03.11-23.07.56:970][293]LogModuleManager: Shutting down and abandoning module AnimationModifiers (36)
[2018.03.11-23.07.56:970][293]LogModuleManager: Shutting down and abandoning module PropertyEditor (35)
[2018.03.11-23.07.56:970][293]LogModuleManager: Shutting down and abandoning module AudioEditor (32)
[2018.03.11-23.07.56:970][293]LogModuleManager: Shutting down and abandoning module TextureCompressor (30)
[2018.03.11-23.07.56:971][293]LogModuleManager: Shutting down and abandoning module ShaderCore (28)
[2018.03.11-23.07.56:971][293]LogModuleManager: Shutting down and abandoning module Landscape (26)
[2018.03.11-23.07.56:971][293]LogModuleManager: Shutting down and abandoning module SlateRHIRenderer (24)
[2018.03.11-23.07.56:972][293]LogModuleManager: Shutting down and abandoning module OpenGLDrv (22)
[2018.03.11-23.07.56:972][293]LogModuleManager: Shutting down and abandoning module D3D11RHI (20)
[2018.03.11-23.07.56:972][293]LogModuleManager: Shutting down and abandoning module AnimGraphRuntime (18)
[2018.03.11-23.07.56:972][293]LogModuleManager: Shutting down and abandoning module Renderer (16)
[2018.03.11-23.07.56:972][293]LogModuleManager: Shutting down and abandoning module Engine (14)
[2018.03.11-23.07.56:973][293]LogModuleManager: Shutting down and abandoning module CoreUObject (12)
[2018.03.11-23.07.56:973][293]LogModuleManager: Shutting down and abandoning module NetworkFile (10)
[2018.03.11-23.07.56:973][293]LogModuleManager: Shutting down and abandoning module CookedIterativeFile (8)
[2018.03.11-23.07.56:973][293]LogModuleManager: Shutting down and abandoning module StreamingFile (6)
[2018.03.11-23.07.56:973][293]LogModuleManager: Shutting down and abandoning module SandboxFile (4)
[2018.03.11-23.07.56:973][293]LogModuleManager: Shutting down and abandoning module PakFile (2)
[2018.03.11-23.07.56:984][293]LogExit: Exiting.
[2018.03.11-23.07.57:015][293]Log file closed, 03/12/18 10:07:57
