Log file open, 03/12/18 10:08:13
LogWindows: Failed to load 'aqProf.dll' (GetLastError=126)
LogWindows: File 'aqProf.dll' does not exist
LogWindows: Failed to load 'VtuneApi.dll' (GetLastError=126)
LogWindows: File 'VtuneApi.dll' does not exist
LogWindows: Failed to load 'VtuneApi32e.dll' (GetLastError=126)
LogWindows: File 'VtuneApi32e.dll' does not exist
LogInit: Display: Running engine for game: Carpocalypse
LogPlatformFile: Not using cached read wrapper
LogInit: Display: RandInit(-1343761604) SRandInit(-1343761603).
LogInit: Read version file with build ID '3709383'
LogInit: Overriding engine version to CL 3832480, compatible CL 3709383
LogInit: Registered custom module enumerator with build ID '3709383'
LogTaskGraph: Started task graph with 5 named threads and 14 total threads with 3 sets of task threads.
LogStats: Stats thread started at 0.158393
LogD3D11RHI: Aftermath initialized
LogPluginManager: Mounting plugin Paper2D
LogPluginManager: Mounting plugin LightPropagationVolume
LogPluginManager: Mounting plugin CodeLiteSourceCodeAccess
LogPluginManager: Mounting plugin GitSourceControl
LogPluginManager: Mounting plugin KDevelopSourceCodeAccess
LogPluginManager: Mounting plugin NullSourceCodeAccess
LogPluginManager: Mounting plugin PerforceSourceControl
LogPluginManager: Mounting plugin SubversionSourceControl
LogPluginManager: Mounting plugin UObjectPlugin
LogPluginManager: Mounting plugin VisualStudioCodeSourceCodeAccess
LogPluginManager: Mounting plugin VisualStudioSourceCodeAccess
LogPluginManager: Mounting plugin XCodeSourceCodeAccess
LogPluginManager: Mounting plugin AssetManagerEditor
LogPluginManager: Mounting plugin AudioCapture
LogPluginManager: Mounting plugin FacialAnimation
LogPluginManager: Mounting plugin GameplayTagsEditor
LogPluginManager: Mounting plugin MobileLauncherProfileWizard
LogPluginManager: Mounting plugin PluginBrowser
LogPluginManager: Mounting plugin SpeedTreeImporter
LogPluginManager: Mounting plugin AlembicImporter
LogPluginManager: Mounting plugin CharacterAI
LogPluginManager: Mounting plugin HTML5Networking
LogPluginManager: Mounting plugin AndroidMedia
LogPluginManager: Mounting plugin AvfMedia
LogPluginManager: Mounting plugin ImgMedia
LogPluginManager: Mounting plugin MediaCompositing
LogPluginManager: Mounting plugin MediaPlayerEditor
LogPluginManager: Mounting plugin WmfMedia
LogPluginManager: Mounting plugin TcpMessaging
LogPluginManager: Mounting plugin UdpMessaging
LogPluginManager: Mounting plugin ActorSequence
LogPluginManager: Mounting plugin LevelSequenceEditor
LogPluginManager: Mounting plugin MatineeToLevelSequence
LogPluginManager: Mounting plugin OnlineSubsystemGooglePlay
LogPluginManager: Mounting plugin OnlineSubsystemIOS
LogPluginManager: Mounting plugin OnlineSubsystem
LogPluginManager: Mounting plugin OnlineSubsystemNull
LogPluginManager: Mounting plugin OnlineSubsystemUtils
LogPluginManager: Mounting plugin AndroidDeviceProfileSelector
LogPluginManager: Mounting plugin AndroidMoviePlayer
LogPluginManager: Mounting plugin AndroidPermission
LogPluginManager: Mounting plugin AppleARKit
LogPluginManager: Mounting plugin AppleMoviePlayer
LogPluginManager: Mounting plugin ArchVisCharacter
LogPluginManager: Mounting plugin CableComponent
LogPluginManager: Mounting plugin CustomMeshComponent
LogPluginManager: Mounting plugin ExampleDeviceProfileSelector
LogPluginManager: Mounting plugin GoogleCloudMessaging
LogPluginManager: Mounting plugin ImmediatePhysics
LogPluginManager: Mounting plugin IOSDeviceProfileSelector
LogPluginManager: Mounting plugin LinuxDeviceProfileSelector
LogPluginManager: Mounting plugin LocationServicesBPLibrary
LogPluginManager: Mounting plugin MobilePatchingUtils
LogPluginManager: Mounting plugin OculusVR
LogPluginManager: Plugin shader directory ../../../Engine/Plugins/Runtime/Oculus/OculusVR/Shaders found
LogPluginManager: Mapping shader source directory ../../../Engine/Plugins/Runtime/Oculus/OculusVR/Shaders to virtual directory /Plugin/OculusVR
LogPluginManager: Mounting plugin PhysXVehicles
LogPluginManager: Mounting plugin ProceduralMeshComponent
LogPluginManager: Mounting plugin RuntimePhysXCooking
LogPluginManager: Mounting plugin SteamVR
LogPluginManager: Mounting plugin WindowsMoviePlayer
LogModuleManager: Display: Found up-to-date module file ../../../../../../Users/jman/Documents/GitHub/Carpocalypse/Carpocalypse/Binaries/Win64/UE4Editor-Carpocalypse.dll (API version 3709383).
LogModuleManager: Display: Found up-to-date module file ../../../Engine/Plugins/2D/Paper2D/Binaries/Win64/UE4Editor-Paper2D.dll (API version 3709383).
LogModuleManager: Display: Found up-to-date module file ../../../Engine/Plugins/2D/Paper2D/Binaries/Win64/UE4Editor-Paper2DEditor.dll (API version 3709383).
LogModuleManager: Display: Found up-to-date module file ../../../Engine/Plugins/2D/Paper2D/Binaries/Win64/UE4Editor-PaperSpriteSheetImporter.dll (API version 3709383).
LogModuleManager: Display: Found up-to-date module file ../../../Engine/Plugins/2D/Paper2D/Binaries/Win64/UE4Editor-PaperTiledImporter.dll (API version 3709383).
LogModuleManager: Display: Found up-to-date module file ../../../Engine/Plugins/2D/Paper2D/Binaries/Win64/UE4Editor-SmartSnapping.dll (API version 3709383).
LogModuleManager: Display: Found up-to-date module file ../../../Engine/Plugins/Blendables/LightPropagationVolume/Binaries/Win64/UE4Editor-LightPropagationVolumeRuntime.dll (API version 3709383).
LogModuleManager: Display: Found up-to-date module file ../../../Engine/Plugins/Blendables/LightPropagationVolume/Binaries/Win64/UE4Editor-LightPropagationVolumeEditor.dll (API version 3709383).
LogModuleManager: Display: Found up-to-date module file ../../../Engine/Plugins/Developer/GitSourceControl/Binaries/Win64/UE4Editor-GitSourceControl.dll (API version 3709383).
LogModuleManager: Display: Found up-to-date module file ../../../Engine/Plugins/Developer/PerforceSourceControl/Binaries/Win64/UE4Editor-PerforceSourceControl.dll (API version 3709383).
LogModuleManager: Display: Found up-to-date module file ../../../Engine/Plugins/Developer/SubversionSourceControl/Binaries/Win64/UE4Editor-SubversionSourceControl.dll (API version 3709383).
LogModuleManager: Display: Found up-to-date module file ../../../Engine/Plugins/Developer/UObjectPlugin/Binaries/Win64/UE4Editor-UObjectPlugin.dll (API version 3709383).
LogModuleManager: Display: Found up-to-date module file ../../../Engine/Plugins/Developer/VisualStudioCodeSourceCodeAccess/Binaries/Win64/UE4Editor-VisualStudioCodeSourceCodeAccess.dll (API version 3709383).
LogModuleManager: Display: Found up-to-date module file ../../../Engine/Plugins/Developer/VisualStudioSourceCodeAccess/Binaries/Win64/UE4Editor-VisualStudioSourceCodeAccess.dll (API version 3709383).
LogModuleManager: Display: Found up-to-date module file ../../../Engine/Plugins/Editor/AssetManagerEditor/Binaries/Win64/UE4Editor-AssetManagerEditor.dll (API version 3709383).
LogModuleManager: Display: Found up-to-date module file ../../../Engine/Plugins/Editor/AudioCapture/Binaries/Win64/UE4Editor-AudioCapture.dll (API version 3709383).
LogModuleManager: Display: Found up-to-date module file ../../../Engine/Plugins/Editor/FacialAnimation/Binaries/Win64/UE4Editor-FacialAnimation.dll (API version 3709383).
LogModuleManager: Display: Found up-to-date module file ../../../Engine/Plugins/Editor/FacialAnimation/Binaries/Win64/UE4Editor-FacialAnimationEditor.dll (API version 3709383).
LogModuleManager: Display: Found up-to-date module file ../../../Engine/Plugins/Editor/GameplayTagsEditor/Binaries/Win64/UE4Editor-GameplayTagsEditor.dll (API version 3709383).
LogModuleManager: Display: Found up-to-date module file ../../../Engine/Plugins/Editor/MobileLauncherProfileWizard/Binaries/Win64/UE4Editor-MobileLauncherProfileWizard.dll (API version 3709383).
LogModuleManager: Display: Found up-to-date module file ../../../Engine/Plugins/Editor/PluginBrowser/Binaries/Win64/UE4Editor-PluginBrowser.dll (API version 3709383).
LogModuleManager: Display: Found up-to-date module file ../../../Engine/Plugins/Editor/SpeedTreeImporter/Binaries/Win64/UE4Editor-SpeedTreeImporter.dll (API version 3709383).
LogModuleManager: Display: Found up-to-date module file ../../../Engine/Plugins/Experimental/AlembicImporter/Binaries/Win64/UE4Editor-AlembicImporter.dll (API version 3709383).
LogModuleManager: Display: Found up-to-date module file ../../../Engine/Plugins/Experimental/AlembicImporter/Binaries/Win64/UE4Editor-AlembicLibrary.dll (API version 3709383).
LogModuleManager: Display: Found up-to-date module file ../../../Engine/Plugins/Experimental/CharacterAI/Binaries/Win64/UE4Editor-CharacterAI.dll (API version 3709383).
LogModuleManager: Display: Found up-to-date module file ../../../Engine/Plugins/Experimental/HTML5Networking/Binaries/Win64/UE4Editor-HTML5Networking.dll (API version 3709383).
LogModuleManager: Display: Found up-to-date module file ../../../Engine/Plugins/Media/AndroidMedia/Binaries/Win64/UE4Editor-AndroidMediaEditor.dll (API version 3709383).
LogModuleManager: Display: Found up-to-date module file ../../../Engine/Plugins/Media/AndroidMedia/Binaries/Win64/UE4Editor-AndroidMediaFactory.dll (API version 3709383).
LogModuleManager: Display: Found up-to-date module file ../../../Engine/Plugins/Media/AvfMedia/Binaries/Win64/UE4Editor-AvfMediaEditor.dll (API version 3709383).
LogModuleManager: Display: Found up-to-date module file ../../../Engine/Plugins/Media/AvfMedia/Binaries/Win64/UE4Editor-AvfMediaFactory.dll (API version 3709383).
LogModuleManager: Display: Found up-to-date module file ../../../Engine/Plugins/Media/AvfMedia/Binaries/Win64/UE4Editor-AvfMediaFactory.dll (API version 3709383).
LogModuleManager: Display: Found up-to-date module file ../../../Engine/Plugins/Media/ImgMedia/Binaries/Win64/UE4Editor-ImgMedia.dll (API version 3709383).
LogModuleManager: Display: Found up-to-date module file ../../../Engine/Plugins/Media/ImgMedia/Binaries/Win64/UE4Editor-ImgMediaEditor.dll (API version 3709383).
LogModuleManager: Display: Found up-to-date module file ../../../Engine/Plugins/Media/ImgMedia/Binaries/Win64/UE4Editor-ImgMediaFactory.dll (API version 3709383).
LogModuleManager: Display: Found up-to-date module file ../../../Engine/Plugins/Media/ImgMedia/Binaries/Win64/UE4Editor-ImgMediaFactory.dll (API version 3709383).
LogModuleManager: Display: Found up-to-date module file ../../../Engine/Plugins/Media/ImgMedia/Binaries/Win64/UE4Editor-OpenExrWrapper.dll (API version 3709383).
LogModuleManager: Display: Found up-to-date module file ../../../Engine/Plugins/Media/MediaCompositing/Binaries/Win64/UE4Editor-MediaCompositing.dll (API version 3709383).
LogModuleManager: Display: Found up-to-date module file ../../../Engine/Plugins/Media/MediaCompositing/Binaries/Win64/UE4Editor-MediaCompositingEditor.dll (API version 3709383).
LogModuleManager: Display: Found up-to-date module file ../../../Engine/Plugins/Media/MediaPlayerEditor/Binaries/Win64/UE4Editor-MediaPlayerEditor.dll (API version 3709383).
LogModuleManager: Display: Found up-to-date module file ../../../Engine/Plugins/Media/WmfMedia/Binaries/Win64/UE4Editor-WmfMedia.dll (API version 3709383).
LogModuleManager: Display: Found up-to-date module file ../../../Engine/Plugins/Media/WmfMedia/Binaries/Win64/UE4Editor-WmfMediaEditor.dll (API version 3709383).
LogModuleManager: Display: Found up-to-date module file ../../../Engine/Plugins/Media/WmfMedia/Binaries/Win64/UE4Editor-WmfMediaFactory.dll (API version 3709383).
LogModuleManager: Display: Found up-to-date module file ../../../Engine/Plugins/Media/WmfMedia/Binaries/Win64/UE4Editor-WmfMediaFactory.dll (API version 3709383).
LogModuleManager: Display: Found up-to-date module file ../../../Engine/Plugins/Messaging/TcpMessaging/Binaries/Win64/UE4Editor-TcpMessaging.dll (API version 3709383).
LogModuleManager: Display: Found up-to-date module file ../../../Engine/Plugins/Messaging/UdpMessaging/Binaries/Win64/UE4Editor-UdpMessaging.dll (API version 3709383).
LogModuleManager: Display: Found up-to-date module file ../../../Engine/Plugins/MovieScene/ActorSequence/Binaries/Win64/UE4Editor-ActorSequence.dll (API version 3709383).
LogModuleManager: Display: Found up-to-date module file ../../../Engine/Plugins/MovieScene/LevelSequenceEditor/Binaries/Win64/UE4Editor-LevelSequenceEditor.dll (API version 3709383).
LogModuleManager: Display: Found up-to-date module file ../../../Engine/Plugins/MovieScene/MatineeToLevelSequence/Binaries/Win64/UE4Editor-MatineeToLevelSequence.dll (API version 3709383).
LogModuleManager: Display: Found up-to-date module file ../../../Engine/Plugins/Online/OnlineSubsystem/Binaries/Win64/UE4Editor-OnlineSubsystem.dll (API version 3709383).
LogModuleManager: Display: Found up-to-date module file ../../../Engine/Plugins/Online/OnlineSubsystemNull/Binaries/Win64/UE4Editor-OnlineSubsystemNull.dll (API version 3709383).
LogModuleManager: Display: Found up-to-date module file ../../../Engine/Plugins/Online/OnlineSubsystemUtils/Binaries/Win64/UE4Editor-OnlineSubsystemUtils.dll (API version 3709383).
LogModuleManager: Display: Found up-to-date module file ../../../Engine/Plugins/Online/OnlineSubsystemUtils/Binaries/Win64/UE4Editor-OnlineBlueprintSupport.dll (API version 3709383).
LogModuleManager: Display: Found up-to-date module file ../../../Engine/Plugins/Runtime/AndroidDeviceProfileSelector/Binaries/Win64/UE4Editor-AndroidDeviceProfileSelector.dll (API version 3709383).
LogModuleManager: Display: Found up-to-date module file ../../../Engine/Plugins/Runtime/AndroidPermission/Binaries/Win64/UE4Editor-AndroidPermission.dll (API version 3709383).
LogModuleManager: Display: Found up-to-date module file ../../../Engine/Plugins/Runtime/AppleARKit/Binaries/Win64/UE4Editor-AppleARKit.dll (API version 3709383).
LogModuleManager: Display: Found up-to-date module file ../../../Engine/Plugins/Runtime/ArchVisCharacter/Binaries/Win64/UE4Editor-ArchVisCharacter.dll (API version 3709383).
LogModuleManager: Display: Found up-to-date module file ../../../Engine/Plugins/Runtime/CableComponent/Binaries/Win64/UE4Editor-CableComponent.dll (API version 3709383).
LogModuleManager: Display: Found up-to-date module file ../../../Engine/Plugins/Runtime/CustomMeshComponent/Binaries/Win64/UE4Editor-CustomMeshComponent.dll (API version 3709383).
LogModuleManager: Display: Found up-to-date module file ../../../Engine/Plugins/Runtime/ExampleDeviceProfileSelector/Binaries/Win64/UE4Editor-ExampleDeviceProfileSelector.dll (API version 3709383).
LogModuleManager: Display: Found up-to-date module file ../../../Engine/Plugins/Runtime/ImmediatePhysics/Binaries/Win64/UE4Editor-ImmediatePhysics.dll (API version 3709383).
LogModuleManager: Display: Found up-to-date module file ../../../Engine/Plugins/Runtime/ImmediatePhysics/Binaries/Win64/UE4Editor-ImmediatePhysicsEditor.dll (API version 3709383).
LogModuleManager: Display: Found up-to-date module file ../../../Engine/Plugins/Runtime/LocationServicesBPLibrary/Binaries/Win64/UE4Editor-LocationServicesBPLibrary.dll (API version 3709383).
LogModuleManager: Display: Found up-to-date module file ../../../Engine/Plugins/Runtime/MobilePatchingUtils/Binaries/Win64/UE4Editor-MobilePatchingUtils.dll (API version 3709383).
LogModuleManager: Display: Found up-to-date module file ../../../Engine/Plugins/Runtime/Oculus/OculusVR/Binaries/Win64/UE4Editor-OculusHMD.dll (API version 3709383).
LogModuleManager: Display: Found up-to-date module file ../../../Engine/Plugins/Runtime/Oculus/OculusVR/Binaries/Win64/UE4Editor-OculusInput.dll (API version 3709383).
LogModuleManager: Display: Found up-to-date module file ../../../Engine/Plugins/Runtime/Oculus/OculusVR/Binaries/Win64/UE4Editor-OculusEditor.dll (API version 3709383).
LogModuleManager: Display: Found up-to-date module file ../../../Engine/Plugins/Runtime/PhysXVehicles/Binaries/Win64/UE4Editor-PhysXVehicles.dll (API version 3709383).
LogModuleManager: Display: Found up-to-date module file ../../../Engine/Plugins/Runtime/PhysXVehicles/Binaries/Win64/UE4Editor-PhysXVehiclesEditor.dll (API version 3709383).
LogModuleManager: Display: Found up-to-date module file ../../../Engine/Plugins/Runtime/ProceduralMeshComponent/Binaries/Win64/UE4Editor-ProceduralMeshComponent.dll (API version 3709383).
LogModuleManager: Display: Found up-to-date module file ../../../Engine/Plugins/Runtime/ProceduralMeshComponent/Binaries/Win64/UE4Editor-ProceduralMeshComponentEditor.dll (API version 3709383).
LogModuleManager: Display: Found up-to-date module file ../../../Engine/Plugins/Runtime/RuntimePhysXCooking/Binaries/Win64/UE4Editor-RuntimePhysXCooking.dll (API version 3709383).
LogModuleManager: Display: Found up-to-date module file ../../../Engine/Plugins/Runtime/Steam/SteamVR/Binaries/Win64/UE4Editor-SteamVR.dll (API version 3709383).
LogModuleManager: Display: Found up-to-date module file ../../../Engine/Plugins/Runtime/Steam/SteamVR/Binaries/Win64/UE4Editor-SteamVRController.dll (API version 3709383).
LogModuleManager: Display: Found up-to-date module file ../../../Engine/Plugins/Runtime/WindowsMoviePlayer/Binaries/Win64/UE4Editor-WindowsMoviePlayer.dll (API version 3709383).
LogInit: Using libcurl 7.47.1
LogInit:  - built for x86_64-pc-win32
LogInit:  - supports SSL with OpenSSL/1.0.2g
LogInit:  - supports HTTP deflate (compression) using libz 1.2.8
LogInit:  - other features:
LogInit:      CURL_VERSION_SSL
LogInit:      CURL_VERSION_LIBZ
LogInit:      CURL_VERSION_IPV6
LogInit:      CURL_VERSION_ASYNCHDNS
LogInit:      CURL_VERSION_LARGEFILE
LogInit:      CURL_VERSION_IDN
LogInit:  CurlRequestOptions (configurable via config and command line):
LogInit:  - bVerifyPeer = false  - Libcurl will NOT verify peer certificate
LogInit:  - bUseHttpProxy = false  - Libcurl will NOT use HTTP proxy
LogInit:  - bDontReuseConnections = false  - Libcurl will reuse connections
LogInit:  - CertBundlePath = nullptr  - Libcurl will use whatever was configured at build time.
LogHMD: Failed initializing OVRPlugin 1.19.0
LogInit: Build: ++UE4+Release-4.18-CL-3832480
LogInit: Engine Version: 4.18.3-3832480+++UE4+Release-4.18
LogInit: Compatible Engine Version: 4.18.0-3709383+++UE4+Release-4.18
LogInit: Net CL: 3709383
LogDevObjectVersion: Number of dev versions registered: 16
LogDevObjectVersion:   Dev-Blueprints (B0D832E4-1F89-4F0D-ACCF-7EB736FD4AA2): 10
LogDevObjectVersion:   Dev-Build (E1C64328-A22C-4D53-A36C-8E866417BD8C): 0
LogDevObjectVersion:   Dev-Core (375EC13C-06E4-48FB-B500-84F0262A717E): 2
LogDevObjectVersion:   Dev-Editor (E4B068ED-F494-42E9-A231-DA0B2E46BB41): 20
LogDevObjectVersion:   Dev-Framework (CFFC743F-43B0-4480-9391-14DF171D2073): 30
LogDevObjectVersion:   Dev-Mobile (B02B49B5-BB20-44E9-A304-32B752E40360): 0
LogDevObjectVersion:   Dev-Networking (A4E4105C-59A1-49B5-A7C5-40C4547EDFEE): 0
LogDevObjectVersion:   Dev-Online (39C831C9-5AE6-47DC-9A44-9C173E1C8E7C): 0
LogDevObjectVersion:   Dev-Physics (78F01B33-EBEA-4F98-B9B4-84EACCB95AA2): 0
LogDevObjectVersion:   Dev-Platform (6631380F-2D4D-43E0-8009-CF276956A95A): 0
LogDevObjectVersion:   Dev-Rendering (12F88B9F-8875-4AFC-A67C-D90C383ABD29): 20
LogDevObjectVersion:   Dev-Sequencer (7B5AE74C-D270-4C10-A958-57980B212A5A): 4
LogDevObjectVersion:   Dev-VR (D7296918-1DD6-4BDD-9DE2-64A83CC13884): 0
LogDevObjectVersion:   Dev-LoadTimes (C2A15278-BFE7-4AFE-6C17-90FF531DF755): 1
LogDevObjectVersion:   Private-Geometry (6EACA3D4-40EC-4CC1-B786-8BED09428FC5): 1
LogDevObjectVersion:   Dev-AnimPhys (29E575DD-E0A3-4627-9D10-D276232CDCEA): 12
LogInit: Compiled (64-bit): Jan 12 2018 02:04:55
LogInit: Compiled with Visual C++: 19.00.24215.01
LogInit: Build Configuration: Development
LogInit: Branch Name: ++UE4+Release-4.18
LogInit: Command line:  
LogInit: Base directory: C:/Program Files/Epic Games/UE_4.18/Engine/Binaries/Win64/
LogInit: Installed Engine Build: 1
LogInit: Presizing for max 8388607 objects, including 0 objects not considered by GC, pre-allocating 0 bytes for permanent pool.
LogInit: Object subsystem initialized
[2018.03.11-23.08.15:431][  0]LogInit: Selected Device Profile: [Windows]
[2018.03.11-23.08.15:431][  0]LogInit: Applying CVar settings loaded from the selected device profile: [Windows]
[2018.03.11-23.08.15:451][  0]LogInit: Computer: SYD-R102-PC12
[2018.03.11-23.08.15:451][  0]LogInit: User: jman
[2018.03.11-23.08.15:451][  0]LogInit: CPU Page size=4096, Cores=4
[2018.03.11-23.08.15:451][  0]LogInit: High frequency timer resolution =3.328122 MHz
[2018.03.11-23.08.15:452][  0]LogMemory: Memory total: Physical=31.9GB (32GB approx)
[2018.03.11-23.08.15:452][  0]LogMemory: Platform Memory Stats for Windows
[2018.03.11-23.08.15:452][  0]LogMemory: Process Physical Memory: 276.61 MB used, 276.61 MB peak
[2018.03.11-23.08.15:452][  0]LogMemory: Process Virtual Memory: 274.07 MB used, 274.07 MB peak
[2018.03.11-23.08.15:452][  0]LogMemory: Physical Memory: 9310.09 MB used,  23373.07 MB free, 32683.16 MB total
[2018.03.11-23.08.15:452][  0]LogMemory: Virtual Memory: 732.77 MB used,  23373.07 MB free, 134217728.00 MB total
[2018.03.11-23.08.15:616][  0]LogInit: Using OS detected language (en-US).
[2018.03.11-23.08.15:616][  0]LogInit: Using OS detected locale (en-AU).
[2018.03.11-23.08.15:621][  0]LogTextLocalizationManager: No specific localization for 'en-US' exists, so the 'en' localization will be used.
[2018.03.11-23.08.15:960][  0]LogInit: Setting process to per monitor DPI aware
[2018.03.11-23.08.16:346][  0]LogD3D11RHI: D3D11 adapters:
[2018.03.11-23.08.16:380][  0]LogD3D11RHI:    0. 'NVIDIA GeForce GTX 980' (Feature Level 11_0)
[2018.03.11-23.08.16:380][  0]LogD3D11RHI:       4060/0/16341 MB DedicatedVideo/DedicatedSystem/SharedSystem, Outputs:1, VendorId:0x10de
[2018.03.11-23.08.16:382][  0]LogD3D11RHI:    1. 'Microsoft Basic Render Driver' (Feature Level 11_0)
[2018.03.11-23.08.16:382][  0]LogD3D11RHI:       0/0/16341 MB DedicatedVideo/DedicatedSystem/SharedSystem, Outputs:0, VendorId:0x1414
[2018.03.11-23.08.16:382][  0]LogD3D11RHI: Chosen D3D11 Adapter: 0
[2018.03.11-23.08.16:387][  0]LogD3D11RHI: Creating new Direct3DDevice
[2018.03.11-23.08.16:387][  0]LogD3D11RHI:     GPU DeviceId: 0x13c0 (for the marketing name, search the web for "GPU Device Id")
[2018.03.11-23.08.16:387][  0]LogWindows: EnumDisplayDevices:
[2018.03.11-23.08.16:387][  0]LogWindows:    0. 'NVIDIA GeForce GTX 980' (P:1 D:1)
[2018.03.11-23.08.16:387][  0]LogWindows:    1. 'NVIDIA GeForce GTX 980' (P:0 D:0)
[2018.03.11-23.08.16:388][  0]LogWindows:    2. 'NVIDIA GeForce GTX 980' (P:0 D:0)
[2018.03.11-23.08.16:388][  0]LogWindows:    3. 'NVIDIA GeForce GTX 980' (P:0 D:0)
[2018.03.11-23.08.16:388][  0]LogWindows: DebugString: GetVideoDriverDetailsInvalid PrimaryIsNotTheChoosenAdapter GetVideoDriverDetailsInvalid PrimaryIsNotTheChoosenAdapter GetVideoDriverDetailsInvalid PrimaryIsNotTheChoosenAdapter GetVideoDriverDetailsInvalid PrimaryIsNotTheChoosenAdapter FoundDriverCount:0 
[2018.03.11-23.08.16:388][  0]LogD3D11RHI:     Adapter Name: NVIDIA GeForce GTX 980
[2018.03.11-23.08.16:388][  0]LogD3D11RHI:   Driver Version: Unknown (internal:Unknown, unified:Unknown)
[2018.03.11-23.08.16:388][  0]LogD3D11RHI:      Driver Date: Unknown
[2018.03.11-23.08.16:388][  0]LogRHI: Texture pool is 2842 MB (70% of 4060 MB)
[2018.03.11-23.08.16:409][  0]LogD3D11RHI: Async texture creation enabled
[2018.03.11-23.08.16:420][  0]LogD3D11RHI: GPU Timing Frequency: 1000.000000 (Debug: 2 1)
[2018.03.11-23.08.16:463][  0]LogShaderCompilers: Guid format shader working directory is -26 characters bigger than the processId version (../../../../../../Users/jman/Documents/GitHub/Carpocalypse/Carpocalypse/Intermediate/Shaders/WorkingDirectory/7220/).
[2018.03.11-23.08.16:463][  0]LogShaderCompilers: Cleaned the shader compiler working directory 'C:/Users/jman/AppData/Local/Temp/UnrealShaderWorkingDir/2B120C49445F3C0356D6BAA903AC87B9/'.
[2018.03.11-23.08.16:463][  0]LogShaderCompilers: Display: Using Local Shader Compiler.
[2018.03.11-23.08.17:462][  0]LogTemp: Display: Loaded TP AllDesktopTargetPlatform
[2018.03.11-23.08.17:563][  0]LogTemp: Display: Loaded TP MacClientTargetPlatform
[2018.03.11-23.08.17:657][  0]LogTemp: Display: Loaded TP MacNoEditorTargetPlatform
[2018.03.11-23.08.17:718][  0]LogTemp: Display: Loaded TP MacServerTargetPlatform
[2018.03.11-23.08.17:784][  0]LogTemp: Display: Loaded TP MacTargetPlatform
[2018.03.11-23.08.17:856][  0]LogTemp: Display: Loaded TP WindowsClientTargetPlatform
[2018.03.11-23.08.17:921][  0]LogTemp: Display: Loaded TP WindowsNoEditorTargetPlatform
[2018.03.11-23.08.17:984][  0]LogTemp: Display: Loaded TP WindowsServerTargetPlatform
[2018.03.11-23.08.18:039][  0]LogTemp: Display: Loaded TP WindowsTargetPlatform
[2018.03.11-23.08.18:098][  0]LogTemp: Display: Loaded TP Android_ASTCTargetPlatform
[2018.03.11-23.08.18:156][  0]LogTemp: Display: Loaded TP Android_ATCTargetPlatform
[2018.03.11-23.08.18:221][  0]LogTemp: Display: Loaded TP Android_DXTTargetPlatform
[2018.03.11-23.08.18:282][  0]LogTemp: Display: Loaded TP Android_ETC1TargetPlatform
[2018.03.11-23.08.18:344][  0]LogTemp: Display: Loaded TP Android_ETC2TargetPlatform
[2018.03.11-23.08.18:478][  0]LogTemp: Display: Loaded TP Android_MultiTargetPlatform
[2018.03.11-23.08.18:478][  0]LogTemp: Display: Loaded TP Android_PVRTCTargetPlatform
[2018.03.11-23.08.18:536][  0]LogTemp: Display: Loaded TP AndroidTargetPlatform
[2018.03.11-23.08.18:578][  0]LogTemp: Display: Loaded TP HTML5TargetPlatform
[2018.03.11-23.08.18:669][  0]LogTemp: Display: Loaded TP IOSTargetPlatform
[2018.03.11-23.08.18:697][  0]LogTemp: Display: Loaded TP TVOSTargetPlatform
[2018.03.11-23.08.18:749][  0]LogTemp: Display: Loaded TP LinuxClientTargetPlatform
[2018.03.11-23.08.18:813][  0]LogTemp: Display: Loaded TP LinuxNoEditorTargetPlatform
[2018.03.11-23.08.18:874][  0]LogTemp: Display: Loaded TP LinuxServerTargetPlatform
[2018.03.11-23.08.18:951][  0]LogTemp: Display: Loaded TP LinuxTargetPlatform
[2018.03.11-23.08.18:951][  0]LogTargetPlatformManager: Display: Building Assets For Windows
[2018.03.11-23.08.19:556][  0]LogDerivedDataCache: Display: Max Cache Size: 512 MB
[2018.03.11-23.08.19:615][  0]LogDerivedDataCache: Loaded boot cache 0.06s 79MB C:/Users/jman/AppData/Local/UnrealEngine/4.18/DerivedDataCache/Boot.ddc.
[2018.03.11-23.08.19:616][  0]LogDerivedDataCache: Display: Loaded Boot cache: C:/Users/jman/AppData/Local/UnrealEngine/4.18/DerivedDataCache/Boot.ddc
[2018.03.11-23.08.19:616][  0]LogDerivedDataCache: FDerivedDataBackendGraph:  Pak pak cache file ../../../../../../Users/jman/Documents/GitHub/Carpocalypse/Carpocalypse/DerivedDataCache/DDC.ddp not found, will not use a pak cache.
[2018.03.11-23.08.19:616][  0]LogDerivedDataCache: Unable to find inner node Pak for hierarchical cache Hierarchy.
[2018.03.11-23.08.19:616][  0]LogDerivedDataCache: FDerivedDataBackendGraph:  CompressedPak pak cache file ../../../../../../Users/jman/Documents/GitHub/Carpocalypse/Carpocalypse/DerivedDataCache/Compressed.ddp not found, will not use a pak cache.
[2018.03.11-23.08.19:616][  0]LogDerivedDataCache: Unable to find inner node CompressedPak for hierarchical cache Hierarchy.
[2018.03.11-23.08.19:635][  0]LogDerivedDataCache: Display: Pak cache opened for reading ../../../Engine/DerivedDataCache/Compressed.ddp.
[2018.03.11-23.08.19:648][  0]LogDerivedDataCache: Using Local data cache path C:/Users/jman/AppData/Local/UnrealEngine/Common/DerivedDataCache: Writable
[2018.03.11-23.08.19:657][  0]LogMaterial: Verifying Global Shaders for PCD3D_SM5
[2018.03.11-23.08.19:657][  0]LogSlate: Using Freetype 2.6.0
[2018.03.11-23.08.19:658][  0]LogSlate: SlateFontCache - WITH_FREETYPE: 1, WITH_HARFBUZZ: 1
[2018.03.11-23.08.19:659][  0]LogSlate: SlateFontCache - WITH_FREETYPE: 1, WITH_HARFBUZZ: 1
[2018.03.11-23.08.20:066][  0]LogInit: Selected Device Profile: [Windows]
[2018.03.11-23.08.20:513][  0]LogSimplygon: Simplygon DLL not present - disabling.
[2018.03.11-23.08.20:583][  0]LogMeshReduction: Using SimplygonSwarm for distributed automatic mesh merging
[2018.03.11-23.08.20:583][  0]LogMeshReduction: Using QuadricMeshReduction for automatic static mesh reduction
[2018.03.11-23.08.20:583][  0]LogMeshReduction: No automatic skeletal mesh reduction module available
[2018.03.11-23.08.20:583][  0]LogMeshReduction: No automatic mesh merging module available
[2018.03.11-23.08.20:583][  0]LogMeshMerging: No automatic mesh merging module available
[2018.03.11-23.08.20:624][  0]LogNetVersion: Carpocalypse , NetCL: 3709383, EngineNetVer: 2, GameNetVer: 0 (Checksum: 507098726)
[2018.03.11-23.08.20:796][  0]LogAssetRegistry: FAssetRegistry took 0.0251 seconds to start up
[2018.03.11-23.08.21:268][  0]LogPackageLocalizationCache: Processed 7 localized package path(s) for 2 prioritized culture(s) in 0.068021 seconds
[2018.03.11-23.08.21:272][  0]LogUObjectArray: 35870 objects as part of root set at end of initial load.
[2018.03.11-23.08.21:272][  0]LogUObjectAllocator: 7363704 out of 0 bytes used by permanent object pool.
[2018.03.11-23.08.21:272][  0]LogUObjectArray: CloseDisregardForGC: 0/0 objects in disregard for GC pool
[2018.03.11-23.08.21:333][  0]LogInit: WinSock: version 1.1 (2.2), MaxSocks=32767, MaxUdp=65467
[2018.03.11-23.08.24:375][  0]LogTcpMessaging: Initializing TcpMessaging bridge
[2018.03.11-23.08.24:424][  0]LogUdpMessaging: Initializing bridge on interface 0.0.0.0:0 to multicast group 230.0.0.1:6666.
[2018.03.11-23.08.25:450][  0]LogMaterial: Uniform references updated for custom material expression Custom.
[2018.03.11-23.08.25:965][  0]SourceControl: Source control is disabled
[2018.03.11-23.08.25:965][  0]SourceControl: Source control is disabled
[2018.03.11-23.08.26:046][  0]SourceControl: Source control is disabled
[2018.03.11-23.08.26:110][  0]SourceControl: Source control is disabled
[2018.03.11-23.08.27:060][  0]LogAndroidPermission: UAndroidPermissionCallbackProxy::GetInstance
[2018.03.11-23.08.27:359][  0]LogOcInput: OculusInput pre-init called
[2018.03.11-23.08.27:647][  0]LogEngine: Initializing Engine...
[2018.03.11-23.08.27:649][  0]LogHMD: Failed to initialize OpenVR with code 110
[2018.03.11-23.08.27:837][  0]LogStats: UGameplayTagsManager::ConstructGameplayTagTree: Construct from data asset -  0.000 s
[2018.03.11-23.08.27:837][  0]LogStats: UGameplayTagsManager::ConstructGameplayTagTree: GameplayTagTreeChangedEvent.Broadcast -  0.000 s
[2018.03.11-23.08.27:983][  0]LogAIModule: Creating AISystem for world Untitled
[2018.03.11-23.08.27:998][  0]LogInit: XAudio2 using 'Realtek Digital Output (Realtek High Definition Audio)' : 2 channels at 48 kHz using 16 bits per sample (channel mask 0x3)
[2018.03.11-23.08.28:015][  0]LogInit: FAudioDevice initialized.
[2018.03.11-23.08.28:097][  0]LogDerivedDataCache: Saved boot cache 0.08s 79MB C:/Users/jman/AppData/Local/UnrealEngine/4.18/DerivedDataCache/Boot.ddc.
[2018.03.11-23.08.28:104][  0]LogInit: Texture streaming: Enabled
[2018.03.11-23.08.28:246][  0]LogEngineSessionManager: EngineSessionManager initialized
[2018.03.11-23.08.28:445][  0]LogInit: Transaction tracking system initialized
[2018.03.11-23.08.28:825][  0]BlueprintLog: New page: Editor Load
[2018.03.11-23.08.29:847][  0]LocalizationService: Localization service is disabled
[2018.03.11-23.08.30:890][  0]LogConsoleResponse: Display: 
[2018.03.11-23.08.31:068][  0]LogCook: Display: Max memory allowance for cook 16384mb min free memory 0mb
[2018.03.11-23.08.31:068][  0]LogCook: Display: Mobile HDR setting 1
[2018.03.11-23.08.31:068][  0]LogGameplayTags: Display: UGameplayTagsManager::DoneAddingNativeTags. DelegateIsBound: 0
[2018.03.11-23.08.31:828][  0]LogFileCache: Scanning file cache for directory 'C:/Users/jman/Documents/GitHub/Carpocalypse/Carpocalypse/Content/' took 0.01s
[2018.03.11-23.08.32:682][  0]SourceControl: Source control is disabled
[2018.03.11-23.08.32:682][  0]Cmd: MAP LOAD FILE="../../../../../../Users/jman/Documents/GitHub/Carpocalypse/Carpocalypse/Content/Scenes/MainMap.umap" TEMPLATE=0 SHOWPROGRESS=1 FEATURELEVEL=3
[2018.03.11-23.08.32:682][  0]LightingResults: New page: Lighting Build
[2018.03.11-23.08.32:739][  0]MapCheck: New page: Map Check
[2018.03.11-23.08.32:739][  0]LightingResults: New page: Lighting Build
[2018.03.11-23.08.32:947][  0]LogAIModule: Creating AISystem for world MainMap
[2018.03.11-23.08.32:953][  0]LogEditorServer: Finished looking for orphan Actors (0.000 secs)
[2018.03.11-23.08.32:961][  0]Cmd: MAP CHECKDEP NOCLEARLOG
[2018.03.11-23.08.33:024][  0]MapCheck: Map check complete: 0 Error(s), 0 Warning(s), took 63.092ms to complete.
[2018.03.11-23.08.33:024][  0]LogFileHelpers: Loading map 'MainMap' took 0.343
[2018.03.11-23.08.33:092][  0]LogWindowsTextInputMethodSystem: Display: IME system now deactivated.
[2018.03.11-23.08.33:093][  0]LogWindowsTextInputMethodSystem: Display: IME system now deactivated.
[2018.03.11-23.08.33:186][  0]LogCollectionManager: Loaded 0 collections in 0.001286 seconds
[2018.03.11-23.08.33:268][  0]LogFileCache: Scanning file cache for directory 'C:/Users/jman/Documents/GitHub/Carpocalypse/Carpocalypse/Saved/Collections/' took 0.01s
[2018.03.11-23.08.33:268][  0]LogFileCache: Scanning file cache for directory 'C:/Users/jman/Documents/GitHub/Carpocalypse/Carpocalypse/Content/Developers/jman/Collections/' took 0.01s
[2018.03.11-23.08.33:268][  0]LogFileCache: Scanning file cache for directory 'C:/Users/jman/Documents/GitHub/Carpocalypse/Carpocalypse/Content/Collections/' took 0.01s
[2018.03.11-23.08.33:268][  0]LogCollectionManager: Rebuilt the GUID cache for 0 collections in 0.000000 seconds
[2018.03.11-23.08.33:275][  0]LogContentBrowser: Native class hierarchy populated in 0.0074 seconds. Added 2369 classes and 522 folders.
[2018.03.11-23.08.33:349][  0]LogContentBrowser: Native class hierarchy updated for 'WidgetCarousel' in 0.0006 seconds. Added 0 classes and 0 folders.
[2018.03.11-23.08.33:384][  0]LogContentBrowser: Native class hierarchy updated for 'AddContentDialog' in 0.0005 seconds. Added 0 classes and 0 folders.
[2018.03.11-23.08.33:431][  0]LogContentBrowser: Native class hierarchy updated for 'SceneOutliner' in 0.0005 seconds. Added 1 classes and 2 folders.
[2018.03.11-23.08.33:473][  0]LogSlate: Took 0.000726 seconds to synchronously load lazily loaded font '../../../Engine/Content/Slate/Fonts/Roboto-Regular.ttf' (155K)
[2018.03.11-23.08.33:476][  0]LogSlate: Took 0.000489 seconds to synchronously load lazily loaded font '../../../Engine/Content/Slate/Fonts/Roboto-Bold.ttf' (160K)
[2018.03.11-23.08.33:481][  0]LogSlate: Took 0.000423 seconds to synchronously load lazily loaded font '../../../Engine/Content/Editor/Slate/Fonts/FontAwesome.ttf' (139K)
[2018.03.11-23.08.33:566][  0]LogRenderer: Reallocating scene render targets to support 1616x812 Format 10 NumSamples 1 (Frame:1).
[2018.03.11-23.08.33:782][  0]LogContentBrowser: Native class hierarchy updated for 'HierarchicalLODOutliner' in 0.0005 seconds. Added 1 classes and 2 folders.
[2018.03.11-23.08.33:782][  0]LogLoad: (Engine Initialization) Total time: 21.57 seconds
[2018.03.11-23.08.33:782][  0]LogLoad: (Engine Initialization) Total Blueprint compile time: 0.00 seconds
[2018.03.11-23.08.33:783][  0]LogExternalProfiler: Found external profiler: VSPerf
[2018.03.11-23.08.33:783][  0]LogExternalProfiler: Using external profiler: VSPerf
[2018.03.11-23.08.33:812][  0]LogContentStreaming: Texture pool size now 1000 MB
[2018.03.11-23.08.33:864][  1]LogAssetRegistry: Asset discovery search completed in 13.0887 seconds
[2018.03.11-23.08.33:865][  1]LogCollectionManager: Rebuilt the object cache for 0 collections in 0.000000 seconds (found 0 objects)
[2018.03.11-23.08.33:865][  1]LogCollectionManager: Fixed up redirectors for 0 collections in 0.000060 seconds (updated 0 objects)
[2018.03.11-23.13.37:325][928]LogSlate: Took 0.000174 seconds to synchronously load lazily loaded font '../../../Engine/Content/Slate/Fonts/Roboto-Light.ttf' (159K)
[2018.03.11-23.13.37:341][928]Cmd: MAP LOAD FILE="../../../../../../Users/jman/Documents/GitHub/Carpocalypse/Carpocalypse/Content/Scenes/MainMap.umap" TEMPLATE=0 SHOWPROGRESS=1 FEATURELEVEL=3
[2018.03.11-23.13.37:341][928]LightingResults: New page: Lighting Build
[2018.03.11-23.13.37:342][928]LoadErrors: New page: Loading map: MainMap.umap
[2018.03.11-23.13.37:343][928]MapCheck: New page: Map Check
[2018.03.11-23.13.37:343][928]LightingResults: New page: Lighting Build
[2018.03.11-23.13.37:373][928]LogAIModule: Creating AISystem for world MainMap
[2018.03.11-23.13.37:377][928]LogEditorServer: Finished looking for orphan Actors (0.000 secs)
[2018.03.11-23.13.37:422][928]Cmd: MAP CHECKDEP NOCLEARLOG
[2018.03.11-23.13.37:470][928]MapCheck: Map check complete: 0 Error(s), 0 Warning(s), took 48.36ms to complete.
[2018.03.11-23.13.37:471][928]LogFileHelpers: Loading map 'MainMap' took 0.131
[2018.03.11-23.14.16:606][613]Cmd: MAP LOAD FILE="../../../../../../Users/jman/Documents/GitHub/Carpocalypse/Carpocalypse/Content/Scenes/MainMap.umap" TEMPLATE=0 SHOWPROGRESS=1 FEATURELEVEL=3
[2018.03.11-23.14.16:607][613]LightingResults: New page: Lighting Build
[2018.03.11-23.14.16:607][613]LoadErrors: New page: Loading map: MainMap.umap
[2018.03.11-23.14.16:608][613]MapCheck: New page: Map Check
[2018.03.11-23.14.16:608][613]LightingResults: New page: Lighting Build
[2018.03.11-23.14.16:637][613]LogAIModule: Creating AISystem for world MainMap
[2018.03.11-23.14.16:641][613]LogEditorServer: Finished looking for orphan Actors (0.000 secs)
[2018.03.11-23.14.16:668][613]Cmd: MAP CHECKDEP NOCLEARLOG
[2018.03.11-23.14.16:716][613]MapCheck: Map check complete: 0 Error(s), 0 Warning(s), took 47.568ms to complete.
[2018.03.11-23.14.16:717][613]LogFileHelpers: Loading map 'MainMap' took 0.112
[2018.03.11-23.14.28:149][953]LogSlate: Took 0.000260 seconds to synchronously load lazily loaded font '../../../Engine/Content/Editor/Slate/Fonts/Roboto-BoldCondensed.ttf' (158K)
[2018.03.11-23.15.01:692][254]LogContentBrowser: Native class hierarchy updated for 'BlueprintGraph' in 0.0008 seconds. Added 116 classes and 0 folders.
[2018.03.11-23.15.02:220][254]LogSlate: Took 0.000138 seconds to synchronously load lazily loaded font '../../../Engine/Content/Slate/Fonts/Roboto-Regular.ttf' (155K)
[2018.03.11-23.15.02:341][254]LogRenderer: Reallocating scene render targets to support 1616x1000 Format 10 NumSamples 1 (Frame:1).
[2018.03.11-23.15.04:441][490]LogSlate: Took 0.000215 seconds to synchronously load lazily loaded font '../../../Engine/Content/Editor/Slate/Fonts/Roboto-Italic.ttf' (157K)
[2018.03.11-23.15.23:436][703]BlueprintLog: New page: Compile Spline
[2018.03.11-23.20.36:509][812]LogSlate: Warning: Prevented a slow task dialog from being summoned while a context menu was open
[2018.03.11-23.23.13:626][ 18]Cmd: OBJ SAVEPACKAGE PACKAGE="/Game/BluePrints/Spline" FILE="../../../../../../Users/jman/Documents/GitHub/Carpocalypse/Carpocalypse/Content/BluePrints/Spline.uasset" SILENT=true
[2018.03.11-23.23.13:638][ 18]LogSavePackage: Save=9.87ms
[2018.03.11-23.23.13:638][ 18]LogSavePackage: Moving '../../../../../../Users/jman/Documents/GitHub/Carpocalypse/Carpocalypse/Saved/Spline2D1954294AAB2F63D764BFAF0139925F.tmp' to '../../../../../../Users/jman/Documents/GitHub/Carpocalypse/Carpocalypse/Content/BluePrints/Spline.uasset'
[2018.03.11-23.23.13:642][ 18]LogSavePackage: Display: Finished SavePackage ../../../../../../Users/jman/Documents/GitHub/Carpocalypse/Carpocalypse/Content/BluePrints/Spline.uasset
[2018.03.11-23.23.13:645][ 18]Cmd: OBJ SAVEPACKAGE PACKAGE="/Game/BluePrints/PlayerController" FILE="../../../../../../Users/jman/Documents/GitHub/Carpocalypse/Carpocalypse/Content/BluePrints/PlayerController.uasset" SILENT=true
[2018.03.11-23.23.13:659][ 18]LogSavePackage: Save=12.37ms
[2018.03.11-23.23.13:660][ 18]LogSavePackage: Moving '../../../../../../Users/jman/Documents/GitHub/Carpocalypse/Carpocalypse/Saved/PlayerController6D0069C3495B4DEC7178398F5E9AB6A5.tmp' to '../../../../../../Users/jman/Documents/GitHub/Carpocalypse/Carpocalypse/Content/BluePrints/PlayerController.uasset'
[2018.03.11-23.23.13:663][ 18]LogSavePackage: Display: Finished SavePackage ../../../../../../Users/jman/Documents/GitHub/Carpocalypse/Carpocalypse/Content/BluePrints/PlayerController.uasset
[2018.03.11-23.23.23:011][ 91]LogMetaData: Removing '/Game/BluePrints/BP_Spline.BP_Spline:UserConstructionScript.K2Node_FunctionEntry_0' ref from Metadata '/Game/BluePrints/Spline.PackageMetaData'
[2018.03.11-23.23.23:011][ 91]LogMetaData: Removing '/Game/BluePrints/BP_Spline.SKEL_BP_Spline_C' ref from Metadata '/Game/BluePrints/Spline.PackageMetaData'
[2018.03.11-23.23.23:011][ 91]LogMetaData: Removing '/Game/BluePrints/BP_Spline.BP_Spline_C' ref from Metadata '/Game/BluePrints/Spline.PackageMetaData'
[2018.03.11-23.23.23:011][ 91]LogMetaData: Removing '/Game/BluePrints/BP_Spline.BP_Spline:EventGraph.K2Node_Event_0' ref from Metadata '/Game/BluePrints/Spline.PackageMetaData'
[2018.03.11-23.23.23:011][ 91]LogMetaData: Removing '/Game/BluePrints/BP_Spline.BP_Spline:EventGraph.K2Node_Event_1' ref from Metadata '/Game/BluePrints/Spline.PackageMetaData'
[2018.03.11-23.23.23:011][ 91]LogMetaData: Removing '/Game/BluePrints/BP_Spline.BP_Spline:EventGraph.K2Node_Event_2' ref from Metadata '/Game/BluePrints/Spline.PackageMetaData'
[2018.03.11-23.23.23:027][ 91]Cmd: OBJ SAVEPACKAGE PACKAGE="/Game/BluePrints/BP_Spline" FILE="../../../../../../Users/jman/Documents/GitHub/Carpocalypse/Carpocalypse/Content/BluePrints/BP_Spline.uasset" SILENT=true
[2018.03.11-23.23.23:038][ 91]LogSavePackage: Save=9.02ms
[2018.03.11-23.23.23:038][ 91]LogSavePackage: Moving '../../../../../../Users/jman/Documents/GitHub/Carpocalypse/Carpocalypse/Saved/BP_SplineA041DDBE4B554EFA830071B048D36A0B.tmp' to '../../../../../../Users/jman/Documents/GitHub/Carpocalypse/Carpocalypse/Content/BluePrints/BP_Spline.uasset'
[2018.03.11-23.23.23:043][ 91]LogSavePackage: Display: Finished SavePackage ../../../../../../Users/jman/Documents/GitHub/Carpocalypse/Carpocalypse/Content/BluePrints/BP_Spline.uasset
[2018.03.11-23.23.23:210][ 91]Cmd: OBJ SAVEPACKAGE PACKAGE="/Game/BluePrints/PlayerController" FILE="../../../../../../Users/jman/Documents/GitHub/Carpocalypse/Carpocalypse/Content/BluePrints/PlayerController.uasset" SILENT=true
[2018.03.11-23.23.23:227][ 91]LogSavePackage: Save=11.70ms
[2018.03.11-23.23.23:227][ 91]LogSavePackage: Moving '../../../../../../Users/jman/Documents/GitHub/Carpocalypse/Carpocalypse/Saved/PlayerControllerF581CA0A4469FCA0D9D6209D8346FAEF.tmp' to '../../../../../../Users/jman/Documents/GitHub/Carpocalypse/Carpocalypse/Content/BluePrints/PlayerController.uasset'
[2018.03.11-23.23.23:231][ 91]LogSavePackage: Display: Finished SavePackage ../../../../../../Users/jman/Documents/GitHub/Carpocalypse/Carpocalypse/Content/BluePrints/PlayerController.uasset
[2018.03.11-23.23.24:252][195]Cmd: OBJ SAVEPACKAGE PACKAGE="/Game/BluePrints/BP_Spline" FILE="../../../../../../Users/jman/Documents/GitHub/Carpocalypse/Carpocalypse/Content/BluePrints/BP_Spline.uasset" SILENT=true
[2018.03.11-23.23.24:265][195]LogSavePackage: Save=8.27ms
[2018.03.11-23.23.24:265][195]LogSavePackage: Moving '../../../../../../Users/jman/Documents/GitHub/Carpocalypse/Carpocalypse/Saved/BP_Spline4D47062E46B5BC21B38263AF4472E5E1.tmp' to '../../../../../../Users/jman/Documents/GitHub/Carpocalypse/Carpocalypse/Content/BluePrints/BP_Spline.uasset'
[2018.03.11-23.23.24:268][195]LogSavePackage: Display: Finished SavePackage ../../../../../../Users/jman/Documents/GitHub/Carpocalypse/Carpocalypse/Content/BluePrints/BP_Spline.uasset
[2018.03.11-23.23.26:982][517]BlueprintLog: New page: Compile PlayerController
[2018.03.11-23.23.55:318][883]BlueprintLog: New page: Compile PlayerController
[2018.03.11-23.28.10:242][418]LogSlate: Took 0.000730 seconds to synchronously load lazily loaded font '../../../Engine/Content/Slate/Fonts/Roboto-Light.ttf' (159K)
[2018.03.11-23.28.19:339][445]LogFileHelpers: Editor autosave (incl. sublevels) for '/Game/Scenes/MainMap' took 0.035
[2018.03.11-23.28.19:341][445]OBJ SavePackage: Generating thumbnails for [0] asset(s) in package [/Game/BluePrints/PlayerController] ([1] browsable assets)...
[2018.03.11-23.28.19:341][445]OBJ SavePackage: Finished generating thumbnails for package [/Game/BluePrints/PlayerController]
[2018.03.11-23.28.19:364][445]LogSavePackage: Save=17.90ms
[2018.03.11-23.28.19:365][445]LogSavePackage: Moving '../../../../../../Users/jman/Documents/GitHub/Carpocalypse/Carpocalypse/Saved/PlayerController_Auto17DB7220C4CC09FC94DA415AEB9614E95.tmp' to '../../../../../../Users/jman/Documents/GitHub/Carpocalypse/Carpocalypse/Saved/Autosaves/Game/BluePrints/PlayerController_Auto1.uasset'
[2018.03.11-23.28.19:367][445]LogSavePackage: Display: Finished SavePackage ../../../../../../Users/jman/Documents/GitHub/Carpocalypse/Carpocalypse/Saved/Autosaves/Game/BluePrints/PlayerController_Auto1.uasset
[2018.03.11-23.28.19:367][445]LogFileHelpers: Auto-saving content packages took 0.027
[2018.03.11-23.29.14:590][214]LogSlate: Took 0.001708 seconds to synchronously load lazily loaded font '../../../Engine/Content/Editor/Slate/Fonts/Roboto-BoldCondensedItalic.ttf' (160K)
[2018.03.11-23.32.34:093][ 54]LogSlate: Warning: Prevented a slow task dialog from being summoned while a context menu was open
[2018.03.11-23.33.41:891][  2]BlueprintLog: New page: Compile PlayerController
[2018.03.11-23.34.13:472][697]LogSlate: Warning: Prevented a slow task dialog from being summoned while a context menu was open
[2018.03.11-23.34.32:036][914]BlueprintLog: New page: Compile BP_Spline
[2018.03.11-23.34.38:380][632]Cmd: OBJ SAVEPACKAGE PACKAGE="/Game/BluePrints/PlayerController" FILE="../../../../../../Users/jman/Documents/GitHub/Carpocalypse/Carpocalypse/Content/BluePrints/PlayerController.uasset" SILENT=true
[2018.03.11-23.34.38:400][632]LogSavePackage: Save=15.16ms
[2018.03.11-23.34.38:400][632]LogSavePackage: Moving '../../../../../../Users/jman/Documents/GitHub/Carpocalypse/Carpocalypse/Saved/PlayerController0F21F0074C592D56E6349780BB2D1DC8.tmp' to '../../../../../../Users/jman/Documents/GitHub/Carpocalypse/Carpocalypse/Content/BluePrints/PlayerController.uasset'
[2018.03.11-23.34.38:404][632]LogSavePackage: Display: Finished SavePackage ../../../../../../Users/jman/Documents/GitHub/Carpocalypse/Carpocalypse/Content/BluePrints/PlayerController.uasset
[2018.03.11-23.34.38:408][632]Cmd: OBJ SAVEPACKAGE PACKAGE="/Game/BluePrints/BP_Spline" FILE="../../../../../../Users/jman/Documents/GitHub/Carpocalypse/Carpocalypse/Content/BluePrints/BP_Spline.uasset" SILENT=true
[2018.03.11-23.34.38:420][632]LogSavePackage: Save=7.70ms
[2018.03.11-23.34.38:420][632]LogSavePackage: Moving '../../../../../../Users/jman/Documents/GitHub/Carpocalypse/Carpocalypse/Saved/BP_Spline371F0EE747BFC43748D7DD8645DAC253.tmp' to '../../../../../../Users/jman/Documents/GitHub/Carpocalypse/Carpocalypse/Content/BluePrints/BP_Spline.uasset'
[2018.03.11-23.34.38:424][632]LogSavePackage: Display: Finished SavePackage ../../../../../../Users/jman/Documents/GitHub/Carpocalypse/Carpocalypse/Content/BluePrints/BP_Spline.uasset
[2018.03.11-23.35.39:137][814]BlueprintLog: New page: Compile PlayerController
[2018.03.11-23.36.23:297][ 46]BlueprintLog: New page: Compile BP_Spline
[2018.03.11-23.36.43:788][434]BlueprintLog: New page: Compile PlayerController
[2018.03.11-23.36.48:140][922]BlueprintLog: New page: Compile BP_Spline
[2018.03.11-23.37.24:942][176]BlueprintLog: New page: Compile PlayerController
[2018.03.11-23.37.24:949][176]LogBlueprint: Error: [Compiler PlayerController] This blueprint (self) is not a BP_Spline_C, therefore ' Target ' must have a connection.
[2018.03.11-23.37.24:949][176]LogBlueprint: Error: [Compiler PlayerController] Variable node  Set DD  uses an invalid target.  It may depend on a node that is not connected to the execution chain, and got purged.
[2018.03.11-23.37.25:041][176]LogBlueprint: Warning: [Compiler PlayerController] [1752.84] Compile of PlayerController failed. 2 Fatal Issue(s) 0 Warning(s) [in 99 ms] (/Game/BluePrints/PlayerController.PlayerController)
[2018.03.11-23.37.31:766][977]BlueprintLog: New page: Compile PlayerController
[2018.03.11-23.38.39:482][584]LogEditorTransaction: Undo Delete current selection
[2018.03.11-23.38.39:766][617]LogEditorTransaction: Undo Create Pin Link
[2018.03.11-23.38.40:216][671]LogEditorTransaction: Undo Delete current selection
[2018.03.11-23.38.40:663][724]LogEditorTransaction: Undo Create Pin Link
[2018.03.11-23.38.40:946][758]LogEditorTransaction: Undo Move Node
[2018.03.11-23.38.41:414][814]LogEditorTransaction: Undo Add Node
[2018.03.11-23.38.41:687][846]LogEditorTransaction: Undo Add Node
[2018.03.11-23.38.41:930][875]LogEditorTransaction: Undo Delete current selection
[2018.03.11-23.38.42:175][904]LogEditorTransaction: Undo Create Pin Link
[2018.03.11-23.38.42:418][933]LogEditorTransaction: Undo Add Node
[2018.03.11-23.38.42:671][963]LogEditorTransaction: Undo Rename Variable
[2018.03.11-23.38.43:286][ 35]LogEditorTransaction: Undo Move Node
[2018.03.11-23.38.43:574][ 67]LogEditorTransaction: Undo Move Node
[2018.03.11-23.38.43:837][ 97]LogEditorTransaction: Undo Comment Bubble Visibility
[2018.03.11-23.38.44:094][125]LogEditorTransaction: Undo Create Pin Link
[2018.03.11-23.38.44:355][155]LogEditorTransaction: Undo Move Node
[2018.03.11-23.38.44:609][184]LogEditorTransaction: Undo Move Nodes
[2018.03.11-23.38.44:871][214]LogEditorTransaction: Undo Move Node
[2018.03.11-23.38.45:157][247]LogEditorTransaction: Undo Promote To Variable
[2018.03.11-23.38.45:452][281]LogEditorTransaction: Undo Add Component Nodes
[2018.03.11-23.38.45:812][323]LogEditorTransaction: Undo Delete current selection
[2018.03.11-23.38.46:157][364]LogEditorTransaction: Undo Create Pin Link
[2018.03.11-23.38.46:482][403]LogEditorTransaction: Undo Move Node
[2018.03.11-23.38.46:718][430]LogEditorTransaction: Undo Add Node
[2018.03.11-23.38.46:922][454]LogEditorTransaction: Undo Make New Scene Root
[2018.03.11-23.38.47:171][483]LogEditorTransaction: Undo Delete current selection
[2018.03.11-23.38.49:159][715]Cmd: OBJ SAVEPACKAGE PACKAGE="/Game/BluePrints/PlayerController" FILE="../../../../../../Users/jman/Documents/GitHub/Carpocalypse/Carpocalypse/Content/BluePrints/PlayerController.uasset" SILENT=true
[2018.03.11-23.38.49:191][715]LogSavePackage: Save=26.12ms
[2018.03.11-23.38.49:191][715]LogSavePackage: Moving '../../../../../../Users/jman/Documents/GitHub/Carpocalypse/Carpocalypse/Saved/PlayerControllerFD902BAA499C132534D15D8E08E08BD7.tmp' to '../../../../../../Users/jman/Documents/GitHub/Carpocalypse/Carpocalypse/Content/BluePrints/PlayerController.uasset'
[2018.03.11-23.38.49:206][715]LogSavePackage: Display: Finished SavePackage ../../../../../../Users/jman/Documents/GitHub/Carpocalypse/Carpocalypse/Content/BluePrints/PlayerController.uasset
[2018.03.11-23.39.56:058][839]Cmd: OBJ SAVEPACKAGE PACKAGE="/Game/BluePrints/PlayerController" FILE="../../../../../../Users/jman/Documents/GitHub/Carpocalypse/Carpocalypse/Content/BluePrints/PlayerController.uasset" SILENT=true
[2018.03.11-23.39.56:078][839]LogSavePackage: Save=15.26ms
[2018.03.11-23.39.56:078][839]LogSavePackage: Moving '../../../../../../Users/jman/Documents/GitHub/Carpocalypse/Carpocalypse/Saved/PlayerController50B1BC3B464E0286E733E7B01789503B.tmp' to '../../../../../../Users/jman/Documents/GitHub/Carpocalypse/Carpocalypse/Content/BluePrints/PlayerController.uasset'
[2018.03.11-23.39.56:082][839]LogSavePackage: Display: Finished SavePackage ../../../../../../Users/jman/Documents/GitHub/Carpocalypse/Carpocalypse/Content/BluePrints/PlayerController.uasset
[2018.03.11-23.40.21:231][833]Cmd: OBJ SAVEPACKAGE PACKAGE="/Game/BluePrints/BP_Spline" FILE="../../../../../../Users/jman/Documents/GitHub/Carpocalypse/Carpocalypse/Content/BluePrints/BP_Spline.uasset" SILENT=true
[2018.03.11-23.40.21:244][833]LogSavePackage: Save=8.53ms
[2018.03.11-23.40.21:244][833]LogSavePackage: Moving '../../../../../../Users/jman/Documents/GitHub/Carpocalypse/Carpocalypse/Saved/BP_SplineCC70279B4B5E91735FD1B9A231B3EBCC.tmp' to '../../../../../../Users/jman/Documents/GitHub/Carpocalypse/Carpocalypse/Content/BluePrints/BP_Spline.uasset'
[2018.03.11-23.40.21:249][833]LogSavePackage: Display: Finished SavePackage ../../../../../../Users/jman/Documents/GitHub/Carpocalypse/Carpocalypse/Content/BluePrints/BP_Spline.uasset
[2018.03.11-23.40.21:801][899]BlueprintLog: New page: Compile BP_Spline
[2018.03.11-23.40.38:761][897]Cmd: OBJ SAVEPACKAGE PACKAGE="/Game/BluePrints/BP_Spline" FILE="../../../../../../Users/jman/Documents/GitHub/Carpocalypse/Carpocalypse/Content/BluePrints/BP_Spline.uasset" SILENT=true
[2018.03.11-23.40.38:772][897]LogSavePackage: Save=7.86ms
[2018.03.11-23.40.38:772][897]LogSavePackage: Moving '../../../../../../Users/jman/Documents/GitHub/Carpocalypse/Carpocalypse/Saved/BP_SplineFD41C3FC41A8F270D35D29828CE13489.tmp' to '../../../../../../Users/jman/Documents/GitHub/Carpocalypse/Carpocalypse/Content/BluePrints/BP_Spline.uasset'
[2018.03.11-23.40.38:777][897]LogSavePackage: Display: Finished SavePackage ../../../../../../Users/jman/Documents/GitHub/Carpocalypse/Carpocalypse/Content/BluePrints/BP_Spline.uasset
[2018.03.11-23.40.45:079][650]BlueprintLog: New page: Compile BP_Spline
[2018.03.11-23.40.46:369][783]Cmd: OBJ SAVEPACKAGE PACKAGE="/Game/BluePrints/BP_Spline" FILE="../../../../../../Users/jman/Documents/GitHub/Carpocalypse/Carpocalypse/Content/BluePrints/BP_Spline.uasset" SILENT=true
[2018.03.11-23.40.46:380][783]LogSavePackage: Save=7.55ms
[2018.03.11-23.40.46:380][783]LogSavePackage: Moving '../../../../../../Users/jman/Documents/GitHub/Carpocalypse/Carpocalypse/Saved/BP_SplineDA8F4A2D4A28E20A47FF4D9FE9FC1367.tmp' to '../../../../../../Users/jman/Documents/GitHub/Carpocalypse/Carpocalypse/Content/BluePrints/BP_Spline.uasset'
[2018.03.11-23.40.46:382][783]LogSavePackage: Display: Finished SavePackage ../../../../../../Users/jman/Documents/GitHub/Carpocalypse/Carpocalypse/Content/BluePrints/BP_Spline.uasset
[2018.03.11-23.40.57:608][125]LogSlate: Warning: Prevented a slow task dialog from being summoned while a context menu was open
[2018.03.11-23.41.09:173][505]BlueprintLog: New page: Compile PlayerController
[2018.03.11-23.42.19:041][773]BlueprintLog: New page: Compile PlayerController
[2018.03.11-23.42.35:492][676]BlueprintLog: New page: Compile PlayerController
[2018.03.11-23.43.05:138][158]LogActorComponent: UnregisterComponent: (/Engine/Transient.EditorFloorComp) Not registered. Aborting.
[2018.03.11-23.43.29:356][678]Cmd: OBJ SAVEPACKAGE PACKAGE="/Game/BluePrints/BP_Spline" FILE="../../../../../../Users/jman/Documents/GitHub/Carpocalypse/Carpocalypse/Content/BluePrints/BP_Spline.uasset" SILENT=true
[2018.03.11-23.43.29:365][678]LogSavePackage: Save=7.07ms
[2018.03.11-23.43.29:365][678]LogSavePackage: Moving '../../../../../../Users/jman/Documents/GitHub/Carpocalypse/Carpocalypse/Saved/BP_Spline85DB36DA4B54132535E74BB773E0E97C.tmp' to '../../../../../../Users/jman/Documents/GitHub/Carpocalypse/Carpocalypse/Content/BluePrints/BP_Spline.uasset'
[2018.03.11-23.43.29:370][678]LogSavePackage: Display: Finished SavePackage ../../../../../../Users/jman/Documents/GitHub/Carpocalypse/Carpocalypse/Content/BluePrints/BP_Spline.uasset
[2018.03.11-23.43.30:315][791]BlueprintLog: New page: Compile BP_Spline
[2018.03.11-23.43.30:949][846]Cmd: OBJ SAVEPACKAGE PACKAGE="/Game/BluePrints/BP_Spline" FILE="../../../../../../Users/jman/Documents/GitHub/Carpocalypse/Carpocalypse/Content/BluePrints/BP_Spline.uasset" SILENT=true
[2018.03.11-23.43.30:960][846]LogSavePackage: Save=7.26ms
[2018.03.11-23.43.30:960][846]LogSavePackage: Moving '../../../../../../Users/jman/Documents/GitHub/Carpocalypse/Carpocalypse/Saved/BP_Spline216BC7A44BA7458129E06297340739D9.tmp' to '../../../../../../Users/jman/Documents/GitHub/Carpocalypse/Carpocalypse/Content/BluePrints/BP_Spline.uasset'
[2018.03.11-23.43.30:962][846]LogSavePackage: Display: Finished SavePackage ../../../../../../Users/jman/Documents/GitHub/Carpocalypse/Carpocalypse/Content/BluePrints/BP_Spline.uasset
[2018.03.11-23.43.49:433][885]Cmd: OBJ SAVEPACKAGE PACKAGE="/Game/BluePrints/PlayerController" FILE="../../../../../../Users/jman/Documents/GitHub/Carpocalypse/Carpocalypse/Content/BluePrints/PlayerController.uasset" SILENT=true
[2018.03.11-23.43.49:441][885]LogSavePackage: Save=6.77ms
[2018.03.11-23.43.49:441][885]LogSavePackage: Moving '../../../../../../Users/jman/Documents/GitHub/Carpocalypse/Carpocalypse/Saved/PlayerController98724C804C9E02C55B98129367D076B4.tmp' to '../../../../../../Users/jman/Documents/GitHub/Carpocalypse/Carpocalypse/Content/BluePrints/PlayerController.uasset'
[2018.03.11-23.43.49:445][885]LogSavePackage: Display: Finished SavePackage ../../../../../../Users/jman/Documents/GitHub/Carpocalypse/Carpocalypse/Content/BluePrints/PlayerController.uasset
[2018.03.11-23.44.12:505][584]LogSlate: Warning: Prevented a slow task dialog from being summoned while a context menu was open
[2018.03.11-23.45.39:340][894]LogEditorTransaction: Undo Rename Variable
[2018.03.11-23.45.41:746][174]Cmd: OBJ SAVEPACKAGE PACKAGE="/Game/BluePrints/PlayerController" FILE="../../../../../../Users/jman/Documents/GitHub/Carpocalypse/Carpocalypse/Content/BluePrints/PlayerController.uasset" SILENT=true
[2018.03.11-23.45.41:767][174]LogSavePackage: Save=14.36ms
[2018.03.11-23.45.41:767][174]LogSavePackage: Moving '../../../../../../Users/jman/Documents/GitHub/Carpocalypse/Carpocalypse/Saved/PlayerController11F7C8A041ADB16DEF1DCF8976DD1283.tmp' to '../../../../../../Users/jman/Documents/GitHub/Carpocalypse/Carpocalypse/Content/BluePrints/PlayerController.uasset'
[2018.03.11-23.45.41:771][174]LogSavePackage: Display: Finished SavePackage ../../../../../../Users/jman/Documents/GitHub/Carpocalypse/Carpocalypse/Content/BluePrints/PlayerController.uasset
[2018.03.11-23.45.43:599][391]BlueprintLog: New page: Compile PlayerController
[2018.03.11-23.47.06:671][177]Cmd: OBJ SAVEPACKAGE PACKAGE="/Game/BluePrints/PlayerController" FILE="../../../../../../Users/jman/Documents/GitHub/Carpocalypse/Carpocalypse/Content/BluePrints/PlayerController.uasset" SILENT=true
[2018.03.11-23.47.06:690][177]LogSavePackage: Save=15.32ms
[2018.03.11-23.47.06:690][177]LogSavePackage: Moving '../../../../../../Users/jman/Documents/GitHub/Carpocalypse/Carpocalypse/Saved/PlayerControllerE090D2B542CE781CF4E28983CA934D3C.tmp' to '../../../../../../Users/jman/Documents/GitHub/Carpocalypse/Carpocalypse/Content/BluePrints/PlayerController.uasset'
[2018.03.11-23.47.06:693][177]LogSavePackage: Display: Finished SavePackage ../../../../../../Users/jman/Documents/GitHub/Carpocalypse/Carpocalypse/Content/BluePrints/PlayerController.uasset
[2018.03.11-23.48.01:941][671]Cmd: OBJ SAVEPACKAGE PACKAGE="/Game/BluePrints/PlayerController" FILE="../../../../../../Users/jman/Documents/GitHub/Carpocalypse/Carpocalypse/Content/BluePrints/PlayerController.uasset" SILENT=true
[2018.03.11-23.48.01:961][671]LogSavePackage: Save=16.79ms
[2018.03.11-23.48.01:961][671]LogSavePackage: Moving '../../../../../../Users/jman/Documents/GitHub/Carpocalypse/Carpocalypse/Saved/PlayerController72B83A3C4745EE6D74C00390ADF969F5.tmp' to '../../../../../../Users/jman/Documents/GitHub/Carpocalypse/Carpocalypse/Content/BluePrints/PlayerController.uasset'
[2018.03.11-23.48.01:967][671]LogSavePackage: Display: Finished SavePackage ../../../../../../Users/jman/Documents/GitHub/Carpocalypse/Carpocalypse/Content/BluePrints/PlayerController.uasset
[2018.03.11-23.48.03:575][863]BlueprintLog: New page: Compile PlayerController
[2018.03.11-23.48.03:582][863]LogBlueprint: Warning: [Compiler PlayerController] Can't parse default value 'None' for  Distance Along Spline . Property: DistanceAlongSpline.
[2018.03.11-23.48.03:735][863]LogBlueprint: Warning: [Compiler PlayerController] [2391.54] Compile of PlayerController successful, but with 1 Warning(s) [in 160 ms] (/Game/BluePrints/PlayerController.PlayerController)
[2018.03.11-23.48.26:633][306]BlueprintLog: New page: Compile PlayerController
[2018.03.11-23.48.27:913][431]BlueprintLog: New page: Compile BP_Spline
[2018.03.11-23.48.28:360][452]Cmd: OBJ SAVEPACKAGE PACKAGE="/Game/BluePrints/BP_Spline" FILE="../../../../../../Users/jman/Documents/GitHub/Carpocalypse/Carpocalypse/Content/BluePrints/BP_Spline.uasset" SILENT=true
[2018.03.11-23.48.28:373][452]LogSavePackage: Save=7.67ms
[2018.03.11-23.48.28:373][452]LogSavePackage: Moving '../../../../../../Users/jman/Documents/GitHub/Carpocalypse/Carpocalypse/Saved/BP_SplineF141EBD74D67FFC11CAE9BB90D091CC1.tmp' to '../../../../../../Users/jman/Documents/GitHub/Carpocalypse/Carpocalypse/Content/BluePrints/BP_Spline.uasset'
[2018.03.11-23.48.28:375][452]LogSavePackage: Display: Finished SavePackage ../../../../../../Users/jman/Documents/GitHub/Carpocalypse/Carpocalypse/Content/BluePrints/BP_Spline.uasset
[2018.03.11-23.48.29:233][552]Cmd: OBJ SAVEPACKAGE PACKAGE="/Game/BluePrints/PlayerController" FILE="../../../../../../Users/jman/Documents/GitHub/Carpocalypse/Carpocalypse/Content/BluePrints/PlayerController.uasset" SILENT=true
[2018.03.11-23.48.29:254][552]LogSavePackage: Save=17.94ms
[2018.03.11-23.48.29:254][552]LogSavePackage: Moving '../../../../../../Users/jman/Documents/GitHub/Carpocalypse/Carpocalypse/Saved/PlayerControllerF5A4D8C4413C85F0445FB1BE0993970B.tmp' to '../../../../../../Users/jman/Documents/GitHub/Carpocalypse/Carpocalypse/Content/BluePrints/PlayerController.uasset'
[2018.03.11-23.48.29:256][552]LogSavePackage: Display: Finished SavePackage ../../../../../../Users/jman/Documents/GitHub/Carpocalypse/Carpocalypse/Content/BluePrints/PlayerController.uasset
