Log file open, 02/19/18 10:54:38
LogWindows: Failed to load 'aqProf.dll' (GetLastError=126)
LogWindows: File 'aqProf.dll' does not exist
LogWindows: Failed to load 'VtuneApi.dll' (GetLastError=126)
LogWindows: File 'VtuneApi.dll' does not exist
LogWindows: Failed to load 'VtuneApi32e.dll' (GetLastError=126)
LogWindows: File 'VtuneApi32e.dll' does not exist
LogInit: Display: Running engine for game: Carpocalypse
LogPlatformFile: Not using cached read wrapper
LogInit: Display: RandInit(-520517996) SRandInit(-520517996).
LogInit: Read version file with build ID '3709383'
LogInit: Overriding engine version to CL 3832480, compatible CL 3709383
LogInit: Registered custom module enumerator with build ID '3709383'
LogTaskGraph: Started task graph with 5 named threads and 14 total threads with 3 sets of task threads.
LogStats: Stats thread started at 0.174169
LogD3D11RHI: Aftermath initialized
LogPluginManager: Mounting plugin Paper2D
LogPluginManager: Mounting plugin LightPropagationVolume
LogPluginManager: Mounting plugin CodeLiteSourceCodeAccess
LogPluginManager: Mounting plugin GitSourceControl
LogPluginManager: Mounting plugin KDevelopSourceCodeAccess
LogPluginManager: Mounting plugin NullSourceCodeAccess
LogPluginManager: Mounting plugin PerforceSourceControl
LogPluginManager: Mounting plugin SubversionSourceControl
LogPluginManager: Mounting plugin UObjectPlugin
LogPluginManager: Mounting plugin VisualStudioCodeSourceCodeAccess
LogPluginManager: Mounting plugin VisualStudioSourceCodeAccess
LogPluginManager: Mounting plugin XCodeSourceCodeAccess
LogPluginManager: Mounting plugin AssetManagerEditor
LogPluginManager: Mounting plugin AudioCapture
LogPluginManager: Mounting plugin FacialAnimation
LogPluginManager: Mounting plugin GameplayTagsEditor
LogPluginManager: Mounting plugin MobileLauncherProfileWizard
LogPluginManager: Mounting plugin PluginBrowser
LogPluginManager: Mounting plugin SpeedTreeImporter
LogPluginManager: Mounting plugin AlembicImporter
LogPluginManager: Mounting plugin CharacterAI
LogPluginManager: Mounting plugin HTML5Networking
LogPluginManager: Mounting plugin AndroidMedia
LogPluginManager: Mounting plugin AvfMedia
LogPluginManager: Mounting plugin ImgMedia
LogPluginManager: Mounting plugin MediaCompositing
LogPluginManager: Mounting plugin MediaPlayerEditor
LogPluginManager: Mounting plugin WmfMedia
LogPluginManager: Mounting plugin TcpMessaging
LogPluginManager: Mounting plugin UdpMessaging
LogPluginManager: Mounting plugin ActorSequence
LogPluginManager: Mounting plugin LevelSequenceEditor
LogPluginManager: Mounting plugin MatineeToLevelSequence
LogPluginManager: Mounting plugin OnlineSubsystemGooglePlay
LogPluginManager: Mounting plugin OnlineSubsystemIOS
LogPluginManager: Mounting plugin OnlineSubsystem
LogPluginManager: Mounting plugin OnlineSubsystemNull
LogPluginManager: Mounting plugin OnlineSubsystemUtils
LogPluginManager: Mounting plugin AndroidDeviceProfileSelector
LogPluginManager: Mounting plugin AndroidMoviePlayer
LogPluginManager: Mounting plugin AndroidPermission
LogPluginManager: Mounting plugin AppleARKit
LogPluginManager: Mounting plugin AppleMoviePlayer
LogPluginManager: Mounting plugin ArchVisCharacter
LogPluginManager: Mounting plugin CableComponent
LogPluginManager: Mounting plugin CustomMeshComponent
LogPluginManager: Mounting plugin ExampleDeviceProfileSelector
LogPluginManager: Mounting plugin GoogleCloudMessaging
LogPluginManager: Mounting plugin ImmediatePhysics
LogPluginManager: Mounting plugin IOSDeviceProfileSelector
LogPluginManager: Mounting plugin LinuxDeviceProfileSelector
LogPluginManager: Mounting plugin LocationServicesBPLibrary
LogPluginManager: Mounting plugin MobilePatchingUtils
LogPluginManager: Mounting plugin OculusVR
LogPluginManager: Plugin shader directory ../../../Engine/Plugins/Runtime/Oculus/OculusVR/Shaders found
LogPluginManager: Mapping shader source directory ../../../Engine/Plugins/Runtime/Oculus/OculusVR/Shaders to virtual directory /Plugin/OculusVR
LogPluginManager: Mounting plugin PhysXVehicles
LogPluginManager: Mounting plugin ProceduralMeshComponent
LogPluginManager: Mounting plugin RuntimePhysXCooking
LogPluginManager: Mounting plugin SteamVR
LogPluginManager: Mounting plugin WindowsMoviePlayer
LogModuleManager: Display: Found up-to-date module file ../../../../../../Users/jman/Documents/Unreal Projects/Carpocalypse/Binaries/Win64/UE4Editor-Carpocalypse.dll (API version 3709383).
LogModuleManager: Display: Found up-to-date module file ../../../Engine/Plugins/2D/Paper2D/Binaries/Win64/UE4Editor-Paper2D.dll (API version 3709383).
LogModuleManager: Display: Found up-to-date module file ../../../Engine/Plugins/2D/Paper2D/Binaries/Win64/UE4Editor-Paper2DEditor.dll (API version 3709383).
LogModuleManager: Display: Found up-to-date module file ../../../Engine/Plugins/2D/Paper2D/Binaries/Win64/UE4Editor-PaperSpriteSheetImporter.dll (API version 3709383).
LogModuleManager: Display: Found up-to-date module file ../../../Engine/Plugins/2D/Paper2D/Binaries/Win64/UE4Editor-PaperTiledImporter.dll (API version 3709383).
LogModuleManager: Display: Found up-to-date module file ../../../Engine/Plugins/2D/Paper2D/Binaries/Win64/UE4Editor-SmartSnapping.dll (API version 3709383).
LogModuleManager: Display: Found up-to-date module file ../../../Engine/Plugins/Blendables/LightPropagationVolume/Binaries/Win64/UE4Editor-LightPropagationVolumeRuntime.dll (API version 3709383).
LogModuleManager: Display: Found up-to-date module file ../../../Engine/Plugins/Blendables/LightPropagationVolume/Binaries/Win64/UE4Editor-LightPropagationVolumeEditor.dll (API version 3709383).
LogModuleManager: Display: Found up-to-date module file ../../../Engine/Plugins/Developer/GitSourceControl/Binaries/Win64/UE4Editor-GitSourceControl.dll (API version 3709383).
LogModuleManager: Display: Found up-to-date module file ../../../Engine/Plugins/Developer/PerforceSourceControl/Binaries/Win64/UE4Editor-PerforceSourceControl.dll (API version 3709383).
LogModuleManager: Display: Found up-to-date module file ../../../Engine/Plugins/Developer/SubversionSourceControl/Binaries/Win64/UE4Editor-SubversionSourceControl.dll (API version 3709383).
LogModuleManager: Display: Found up-to-date module file ../../../Engine/Plugins/Developer/UObjectPlugin/Binaries/Win64/UE4Editor-UObjectPlugin.dll (API version 3709383).
LogModuleManager: Display: Found up-to-date module file ../../../Engine/Plugins/Developer/VisualStudioCodeSourceCodeAccess/Binaries/Win64/UE4Editor-VisualStudioCodeSourceCodeAccess.dll (API version 3709383).
LogModuleManager: Display: Found up-to-date module file ../../../Engine/Plugins/Developer/VisualStudioSourceCodeAccess/Binaries/Win64/UE4Editor-VisualStudioSourceCodeAccess.dll (API version 3709383).
LogModuleManager: Display: Found up-to-date module file ../../../Engine/Plugins/Editor/AssetManagerEditor/Binaries/Win64/UE4Editor-AssetManagerEditor.dll (API version 3709383).
LogModuleManager: Display: Found up-to-date module file ../../../Engine/Plugins/Editor/AudioCapture/Binaries/Win64/UE4Editor-AudioCapture.dll (API version 3709383).
LogModuleManager: Display: Found up-to-date module file ../../../Engine/Plugins/Editor/FacialAnimation/Binaries/Win64/UE4Editor-FacialAnimation.dll (API version 3709383).
LogModuleManager: Display: Found up-to-date module file ../../../Engine/Plugins/Editor/FacialAnimation/Binaries/Win64/UE4Editor-FacialAnimationEditor.dll (API version 3709383).
LogModuleManager: Display: Found up-to-date module file ../../../Engine/Plugins/Editor/GameplayTagsEditor/Binaries/Win64/UE4Editor-GameplayTagsEditor.dll (API version 3709383).
LogModuleManager: Display: Found up-to-date module file ../../../Engine/Plugins/Editor/MobileLauncherProfileWizard/Binaries/Win64/UE4Editor-MobileLauncherProfileWizard.dll (API version 3709383).
LogModuleManager: Display: Found up-to-date module file ../../../Engine/Plugins/Editor/PluginBrowser/Binaries/Win64/UE4Editor-PluginBrowser.dll (API version 3709383).
LogModuleManager: Display: Found up-to-date module file ../../../Engine/Plugins/Editor/SpeedTreeImporter/Binaries/Win64/UE4Editor-SpeedTreeImporter.dll (API version 3709383).
LogModuleManager: Display: Found up-to-date module file ../../../Engine/Plugins/Experimental/AlembicImporter/Binaries/Win64/UE4Editor-AlembicImporter.dll (API version 3709383).
LogModuleManager: Display: Found up-to-date module file ../../../Engine/Plugins/Experimental/AlembicImporter/Binaries/Win64/UE4Editor-AlembicLibrary.dll (API version 3709383).
LogModuleManager: Display: Found up-to-date module file ../../../Engine/Plugins/Experimental/CharacterAI/Binaries/Win64/UE4Editor-CharacterAI.dll (API version 3709383).
LogModuleManager: Display: Found up-to-date module file ../../../Engine/Plugins/Experimental/HTML5Networking/Binaries/Win64/UE4Editor-HTML5Networking.dll (API version 3709383).
LogModuleManager: Display: Found up-to-date module file ../../../Engine/Plugins/Media/AndroidMedia/Binaries/Win64/UE4Editor-AndroidMediaEditor.dll (API version 3709383).
LogModuleManager: Display: Found up-to-date module file ../../../Engine/Plugins/Media/AndroidMedia/Binaries/Win64/UE4Editor-AndroidMediaFactory.dll (API version 3709383).
LogModuleManager: Display: Found up-to-date module file ../../../Engine/Plugins/Media/AvfMedia/Binaries/Win64/UE4Editor-AvfMediaEditor.dll (API version 3709383).
LogModuleManager: Display: Found up-to-date module file ../../../Engine/Plugins/Media/AvfMedia/Binaries/Win64/UE4Editor-AvfMediaFactory.dll (API version 3709383).
LogModuleManager: Display: Found up-to-date module file ../../../Engine/Plugins/Media/AvfMedia/Binaries/Win64/UE4Editor-AvfMediaFactory.dll (API version 3709383).
LogModuleManager: Display: Found up-to-date module file ../../../Engine/Plugins/Media/ImgMedia/Binaries/Win64/UE4Editor-ImgMedia.dll (API version 3709383).
LogModuleManager: Display: Found up-to-date module file ../../../Engine/Plugins/Media/ImgMedia/Binaries/Win64/UE4Editor-ImgMediaEditor.dll (API version 3709383).
LogModuleManager: Display: Found up-to-date module file ../../../Engine/Plugins/Media/ImgMedia/Binaries/Win64/UE4Editor-ImgMediaFactory.dll (API version 3709383).
LogModuleManager: Display: Found up-to-date module file ../../../Engine/Plugins/Media/ImgMedia/Binaries/Win64/UE4Editor-ImgMediaFactory.dll (API version 3709383).
LogModuleManager: Display: Found up-to-date module file ../../../Engine/Plugins/Media/ImgMedia/Binaries/Win64/UE4Editor-OpenExrWrapper.dll (API version 3709383).
LogModuleManager: Display: Found up-to-date module file ../../../Engine/Plugins/Media/MediaCompositing/Binaries/Win64/UE4Editor-MediaCompositing.dll (API version 3709383).
LogModuleManager: Display: Found up-to-date module file ../../../Engine/Plugins/Media/MediaCompositing/Binaries/Win64/UE4Editor-MediaCompositingEditor.dll (API version 3709383).
LogModuleManager: Display: Found up-to-date module file ../../../Engine/Plugins/Media/MediaPlayerEditor/Binaries/Win64/UE4Editor-MediaPlayerEditor.dll (API version 3709383).
LogModuleManager: Display: Found up-to-date module file ../../../Engine/Plugins/Media/WmfMedia/Binaries/Win64/UE4Editor-WmfMedia.dll (API version 3709383).
LogModuleManager: Display: Found up-to-date module file ../../../Engine/Plugins/Media/WmfMedia/Binaries/Win64/UE4Editor-WmfMediaEditor.dll (API version 3709383).
LogModuleManager: Display: Found up-to-date module file ../../../Engine/Plugins/Media/WmfMedia/Binaries/Win64/UE4Editor-WmfMediaFactory.dll (API version 3709383).
LogModuleManager: Display: Found up-to-date module file ../../../Engine/Plugins/Media/WmfMedia/Binaries/Win64/UE4Editor-WmfMediaFactory.dll (API version 3709383).
LogModuleManager: Display: Found up-to-date module file ../../../Engine/Plugins/Messaging/TcpMessaging/Binaries/Win64/UE4Editor-TcpMessaging.dll (API version 3709383).
LogModuleManager: Display: Found up-to-date module file ../../../Engine/Plugins/Messaging/UdpMessaging/Binaries/Win64/UE4Editor-UdpMessaging.dll (API version 3709383).
LogModuleManager: Display: Found up-to-date module file ../../../Engine/Plugins/MovieScene/ActorSequence/Binaries/Win64/UE4Editor-ActorSequence.dll (API version 3709383).
LogModuleManager: Display: Found up-to-date module file ../../../Engine/Plugins/MovieScene/LevelSequenceEditor/Binaries/Win64/UE4Editor-LevelSequenceEditor.dll (API version 3709383).
LogModuleManager: Display: Found up-to-date module file ../../../Engine/Plugins/MovieScene/MatineeToLevelSequence/Binaries/Win64/UE4Editor-MatineeToLevelSequence.dll (API version 3709383).
LogModuleManager: Display: Found up-to-date module file ../../../Engine/Plugins/Online/OnlineSubsystem/Binaries/Win64/UE4Editor-OnlineSubsystem.dll (API version 3709383).
LogModuleManager: Display: Found up-to-date module file ../../../Engine/Plugins/Online/OnlineSubsystemNull/Binaries/Win64/UE4Editor-OnlineSubsystemNull.dll (API version 3709383).
LogModuleManager: Display: Found up-to-date module file ../../../Engine/Plugins/Online/OnlineSubsystemUtils/Binaries/Win64/UE4Editor-OnlineSubsystemUtils.dll (API version 3709383).
LogModuleManager: Display: Found up-to-date module file ../../../Engine/Plugins/Online/OnlineSubsystemUtils/Binaries/Win64/UE4Editor-OnlineBlueprintSupport.dll (API version 3709383).
LogModuleManager: Display: Found up-to-date module file ../../../Engine/Plugins/Runtime/AndroidDeviceProfileSelector/Binaries/Win64/UE4Editor-AndroidDeviceProfileSelector.dll (API version 3709383).
LogModuleManager: Display: Found up-to-date module file ../../../Engine/Plugins/Runtime/AndroidPermission/Binaries/Win64/UE4Editor-AndroidPermission.dll (API version 3709383).
LogModuleManager: Display: Found up-to-date module file ../../../Engine/Plugins/Runtime/AppleARKit/Binaries/Win64/UE4Editor-AppleARKit.dll (API version 3709383).
LogModuleManager: Display: Found up-to-date module file ../../../Engine/Plugins/Runtime/ArchVisCharacter/Binaries/Win64/UE4Editor-ArchVisCharacter.dll (API version 3709383).
LogModuleManager: Display: Found up-to-date module file ../../../Engine/Plugins/Runtime/CableComponent/Binaries/Win64/UE4Editor-CableComponent.dll (API version 3709383).
LogModuleManager: Display: Found up-to-date module file ../../../Engine/Plugins/Runtime/CustomMeshComponent/Binaries/Win64/UE4Editor-CustomMeshComponent.dll (API version 3709383).
LogModuleManager: Display: Found up-to-date module file ../../../Engine/Plugins/Runtime/ExampleDeviceProfileSelector/Binaries/Win64/UE4Editor-ExampleDeviceProfileSelector.dll (API version 3709383).
LogModuleManager: Display: Found up-to-date module file ../../../Engine/Plugins/Runtime/ImmediatePhysics/Binaries/Win64/UE4Editor-ImmediatePhysics.dll (API version 3709383).
LogModuleManager: Display: Found up-to-date module file ../../../Engine/Plugins/Runtime/ImmediatePhysics/Binaries/Win64/UE4Editor-ImmediatePhysicsEditor.dll (API version 3709383).
LogModuleManager: Display: Found up-to-date module file ../../../Engine/Plugins/Runtime/LocationServicesBPLibrary/Binaries/Win64/UE4Editor-LocationServicesBPLibrary.dll (API version 3709383).
LogModuleManager: Display: Found up-to-date module file ../../../Engine/Plugins/Runtime/MobilePatchingUtils/Binaries/Win64/UE4Editor-MobilePatchingUtils.dll (API version 3709383).
LogModuleManager: Display: Found up-to-date module file ../../../Engine/Plugins/Runtime/Oculus/OculusVR/Binaries/Win64/UE4Editor-OculusHMD.dll (API version 3709383).
LogModuleManager: Display: Found up-to-date module file ../../../Engine/Plugins/Runtime/Oculus/OculusVR/Binaries/Win64/UE4Editor-OculusInput.dll (API version 3709383).
LogModuleManager: Display: Found up-to-date module file ../../../Engine/Plugins/Runtime/Oculus/OculusVR/Binaries/Win64/UE4Editor-OculusEditor.dll (API version 3709383).
LogModuleManager: Display: Found up-to-date module file ../../../Engine/Plugins/Runtime/PhysXVehicles/Binaries/Win64/UE4Editor-PhysXVehicles.dll (API version 3709383).
LogModuleManager: Display: Found up-to-date module file ../../../Engine/Plugins/Runtime/PhysXVehicles/Binaries/Win64/UE4Editor-PhysXVehiclesEditor.dll (API version 3709383).
LogModuleManager: Display: Found up-to-date module file ../../../Engine/Plugins/Runtime/ProceduralMeshComponent/Binaries/Win64/UE4Editor-ProceduralMeshComponent.dll (API version 3709383).
LogModuleManager: Display: Found up-to-date module file ../../../Engine/Plugins/Runtime/ProceduralMeshComponent/Binaries/Win64/UE4Editor-ProceduralMeshComponentEditor.dll (API version 3709383).
LogModuleManager: Display: Found up-to-date module file ../../../Engine/Plugins/Runtime/RuntimePhysXCooking/Binaries/Win64/UE4Editor-RuntimePhysXCooking.dll (API version 3709383).
LogModuleManager: Display: Found up-to-date module file ../../../Engine/Plugins/Runtime/Steam/SteamVR/Binaries/Win64/UE4Editor-SteamVR.dll (API version 3709383).
LogModuleManager: Display: Found up-to-date module file ../../../Engine/Plugins/Runtime/Steam/SteamVR/Binaries/Win64/UE4Editor-SteamVRController.dll (API version 3709383).
LogModuleManager: Display: Found up-to-date module file ../../../Engine/Plugins/Runtime/WindowsMoviePlayer/Binaries/Win64/UE4Editor-WindowsMoviePlayer.dll (API version 3709383).
LogInit: Using libcurl 7.47.1
LogInit:  - built for x86_64-pc-win32
LogInit:  - supports SSL with OpenSSL/1.0.2g
LogInit:  - supports HTTP deflate (compression) using libz 1.2.8
LogInit:  - other features:
LogInit:      CURL_VERSION_SSL
LogInit:      CURL_VERSION_LIBZ
LogInit:      CURL_VERSION_IPV6
LogInit:      CURL_VERSION_ASYNCHDNS
LogInit:      CURL_VERSION_LARGEFILE
LogInit:      CURL_VERSION_IDN
LogInit:  CurlRequestOptions (configurable via config and command line):
LogInit:  - bVerifyPeer = false  - Libcurl will NOT verify peer certificate
LogInit:  - bUseHttpProxy = false  - Libcurl will NOT use HTTP proxy
LogInit:  - bDontReuseConnections = false  - Libcurl will reuse connections
LogInit:  - CertBundlePath = nullptr  - Libcurl will use whatever was configured at build time.
LogHMD: Failed initializing OVRPlugin 1.19.0
LogInit: Build: ++UE4+Release-4.18-CL-3832480
LogInit: Engine Version: 4.18.3-3832480+++UE4+Release-4.18
LogInit: Compatible Engine Version: 4.18.0-3709383+++UE4+Release-4.18
LogInit: Net CL: 3709383
LogDevObjectVersion: Number of dev versions registered: 16
LogDevObjectVersion:   Dev-Blueprints (B0D832E4-1F89-4F0D-ACCF-7EB736FD4AA2): 10
LogDevObjectVersion:   Dev-Build (E1C64328-A22C-4D53-A36C-8E866417BD8C): 0
LogDevObjectVersion:   Dev-Core (375EC13C-06E4-48FB-B500-84F0262A717E): 2
LogDevObjectVersion:   Dev-Editor (E4B068ED-F494-42E9-A231-DA0B2E46BB41): 20
LogDevObjectVersion:   Dev-Framework (CFFC743F-43B0-4480-9391-14DF171D2073): 30
LogDevObjectVersion:   Dev-Mobile (B02B49B5-BB20-44E9-A304-32B752E40360): 0
LogDevObjectVersion:   Dev-Networking (A4E4105C-59A1-49B5-A7C5-40C4547EDFEE): 0
LogDevObjectVersion:   Dev-Online (39C831C9-5AE6-47DC-9A44-9C173E1C8E7C): 0
LogDevObjectVersion:   Dev-Physics (78F01B33-EBEA-4F98-B9B4-84EACCB95AA2): 0
LogDevObjectVersion:   Dev-Platform (6631380F-2D4D-43E0-8009-CF276956A95A): 0
LogDevObjectVersion:   Dev-Rendering (12F88B9F-8875-4AFC-A67C-D90C383ABD29): 20
LogDevObjectVersion:   Dev-Sequencer (7B5AE74C-D270-4C10-A958-57980B212A5A): 4
LogDevObjectVersion:   Dev-VR (D7296918-1DD6-4BDD-9DE2-64A83CC13884): 0
LogDevObjectVersion:   Dev-LoadTimes (C2A15278-BFE7-4AFE-6C17-90FF531DF755): 1
LogDevObjectVersion:   Private-Geometry (6EACA3D4-40EC-4CC1-B786-8BED09428FC5): 1
LogDevObjectVersion:   Dev-AnimPhys (29E575DD-E0A3-4627-9D10-D276232CDCEA): 12
LogInit: Compiled (64-bit): Jan 12 2018 02:04:55
LogInit: Compiled with Visual C++: 19.00.24215.01
LogInit: Build Configuration: Development
LogInit: Branch Name: ++UE4+Release-4.18
LogInit: Command line: -EpicPortal 
LogInit: Base directory: C:/Program Files/Epic Games/UE_4.18/Engine/Binaries/Win64/
LogInit: Installed Engine Build: 1
LogInit: Presizing for max 8388607 objects, including 0 objects not considered by GC, pre-allocating 0 bytes for permanent pool.
LogInit: Object subsystem initialized
[2018.02.18-23.54.41:102][  0]LogInit: Selected Device Profile: [Windows]
[2018.02.18-23.54.41:102][  0]LogInit: Applying CVar settings loaded from the selected device profile: [Windows]
[2018.02.18-23.54.41:113][  0]LogInit: Computer: SYD-R102-PC12
[2018.02.18-23.54.41:113][  0]LogInit: User: jman
[2018.02.18-23.54.41:113][  0]LogInit: CPU Page size=4096, Cores=4
[2018.02.18-23.54.41:113][  0]LogInit: High frequency timer resolution =3.328122 MHz
[2018.02.18-23.54.41:113][  0]LogMemory: Memory total: Physical=31.9GB (32GB approx)
[2018.02.18-23.54.41:113][  0]LogMemory: Platform Memory Stats for Windows
[2018.02.18-23.54.41:113][  0]LogMemory: Process Physical Memory: 279.49 MB used, 279.49 MB peak
[2018.02.18-23.54.41:113][  0]LogMemory: Process Virtual Memory: 274.23 MB used, 274.23 MB peak
[2018.02.18-23.54.41:113][  0]LogMemory: Physical Memory: 6542.74 MB used,  26140.41 MB free, 32683.16 MB total
[2018.02.18-23.54.41:113][  0]LogMemory: Virtual Memory: 733.11 MB used,  26140.41 MB free, 134217728.00 MB total
[2018.02.18-23.54.41:297][  0]LogInit: Using OS detected language (en-US).
[2018.02.18-23.54.41:297][  0]LogInit: Using OS detected locale (en-AU).
[2018.02.18-23.54.41:302][  0]LogTextLocalizationManager: No specific localization for 'en-US' exists, so the 'en' localization will be used.
[2018.02.18-23.54.41:654][  0]LogInit: Setting process to per monitor DPI aware
[2018.02.18-23.54.42:003][  0]LogD3D11RHI: D3D11 adapters:
[2018.02.18-23.54.42:030][  0]LogD3D11RHI:    0. 'NVIDIA GeForce GTX 980' (Feature Level 11_0)
[2018.02.18-23.54.42:030][  0]LogD3D11RHI:       4060/0/16341 MB DedicatedVideo/DedicatedSystem/SharedSystem, Outputs:1, VendorId:0x10de
[2018.02.18-23.54.42:032][  0]LogD3D11RHI:    1. 'Microsoft Basic Render Driver' (Feature Level 11_0)
[2018.02.18-23.54.42:032][  0]LogD3D11RHI:       0/0/16341 MB DedicatedVideo/DedicatedSystem/SharedSystem, Outputs:0, VendorId:0x1414
[2018.02.18-23.54.42:032][  0]LogD3D11RHI: Chosen D3D11 Adapter: 0
[2018.02.18-23.54.42:037][  0]LogD3D11RHI: Creating new Direct3DDevice
[2018.02.18-23.54.42:037][  0]LogD3D11RHI:     GPU DeviceId: 0x13c0 (for the marketing name, search the web for "GPU Device Id")
[2018.02.18-23.54.42:037][  0]LogWindows: EnumDisplayDevices:
[2018.02.18-23.54.42:037][  0]LogWindows:    0. 'NVIDIA GeForce GTX 980' (P:1 D:1)
[2018.02.18-23.54.42:037][  0]LogWindows:    1. 'NVIDIA GeForce GTX 980' (P:0 D:0)
[2018.02.18-23.54.42:037][  0]LogWindows:    2. 'NVIDIA GeForce GTX 980' (P:0 D:0)
[2018.02.18-23.54.42:037][  0]LogWindows:    3. 'NVIDIA GeForce GTX 980' (P:0 D:0)
[2018.02.18-23.54.42:037][  0]LogWindows: DebugString: GetVideoDriverDetailsInvalid PrimaryIsNotTheChoosenAdapter GetVideoDriverDetailsInvalid PrimaryIsNotTheChoosenAdapter GetVideoDriverDetailsInvalid PrimaryIsNotTheChoosenAdapter GetVideoDriverDetailsInvalid PrimaryIsNotTheChoosenAdapter FoundDriverCount:0 
[2018.02.18-23.54.42:037][  0]LogD3D11RHI:     Adapter Name: NVIDIA GeForce GTX 980
[2018.02.18-23.54.42:037][  0]LogD3D11RHI:   Driver Version: Unknown (internal:Unknown, unified:Unknown)
[2018.02.18-23.54.42:037][  0]LogD3D11RHI:      Driver Date: Unknown
[2018.02.18-23.54.42:037][  0]LogRHI: Texture pool is 2842 MB (70% of 4060 MB)
[2018.02.18-23.54.42:057][  0]LogD3D11RHI: Async texture creation enabled
[2018.02.18-23.54.42:068][  0]LogD3D11RHI: GPU Timing Frequency: 1000.000000 (Debug: 2 1)
[2018.02.18-23.54.42:110][  0]LogShaderCompilers: Guid format shader working directory is -23 characters bigger than the processId version (../../../../../../Users/jman/Documents/Unreal Projects/Carpocalypse/Intermediate/Shaders/WorkingDirectory/13344/).
[2018.02.18-23.54.42:110][  0]LogShaderCompilers: Cleaned the shader compiler working directory 'C:/Users/jman/AppData/Local/Temp/UnrealShaderWorkingDir/948503A74BEC3CEF02DC40812C169327/'.
[2018.02.18-23.54.42:110][  0]LogShaderCompilers: Display: Using Local Shader Compiler.
[2018.02.18-23.54.43:072][  0]LogTemp: Display: Loaded TP AllDesktopTargetPlatform
[2018.02.18-23.54.43:130][  0]LogTemp: Display: Loaded TP MacClientTargetPlatform
[2018.02.18-23.54.43:185][  0]LogTemp: Display: Loaded TP MacNoEditorTargetPlatform
[2018.02.18-23.54.43:240][  0]LogTemp: Display: Loaded TP MacServerTargetPlatform
[2018.02.18-23.54.43:298][  0]LogTemp: Display: Loaded TP MacTargetPlatform
[2018.02.18-23.54.43:358][  0]LogTemp: Display: Loaded TP WindowsClientTargetPlatform
[2018.02.18-23.54.43:419][  0]LogTemp: Display: Loaded TP WindowsNoEditorTargetPlatform
[2018.02.18-23.54.43:487][  0]LogTemp: Display: Loaded TP WindowsServerTargetPlatform
[2018.02.18-23.54.43:543][  0]LogTemp: Display: Loaded TP WindowsTargetPlatform
[2018.02.18-23.54.43:599][  0]LogTemp: Display: Loaded TP Android_ASTCTargetPlatform
[2018.02.18-23.54.43:669][  0]LogTemp: Display: Loaded TP Android_ATCTargetPlatform
[2018.02.18-23.54.43:728][  0]LogTemp: Display: Loaded TP Android_DXTTargetPlatform
[2018.02.18-23.54.43:789][  0]LogTemp: Display: Loaded TP Android_ETC1TargetPlatform
[2018.02.18-23.54.43:847][  0]LogTemp: Display: Loaded TP Android_ETC2TargetPlatform
[2018.02.18-23.54.43:971][  0]LogTemp: Display: Loaded TP Android_MultiTargetPlatform
[2018.02.18-23.54.43:971][  0]LogTemp: Display: Loaded TP Android_PVRTCTargetPlatform
[2018.02.18-23.54.44:036][  0]LogTemp: Display: Loaded TP AndroidTargetPlatform
[2018.02.18-23.54.44:082][  0]LogTemp: Display: Loaded TP HTML5TargetPlatform
[2018.02.18-23.54.44:188][  0]LogTemp: Display: Loaded TP IOSTargetPlatform
[2018.02.18-23.54.44:220][  0]LogTemp: Display: Loaded TP TVOSTargetPlatform
[2018.02.18-23.54.44:280][  0]LogTemp: Display: Loaded TP LinuxClientTargetPlatform
[2018.02.18-23.54.44:342][  0]LogTemp: Display: Loaded TP LinuxNoEditorTargetPlatform
[2018.02.18-23.54.44:405][  0]LogTemp: Display: Loaded TP LinuxServerTargetPlatform
[2018.02.18-23.54.44:465][  0]LogTemp: Display: Loaded TP LinuxTargetPlatform
[2018.02.18-23.54.44:465][  0]LogTargetPlatformManager: Display: Building Assets For Windows
[2018.02.18-23.54.45:023][  0]LogDerivedDataCache: Display: Max Cache Size: 512 MB
[2018.02.18-23.54.45:078][  0]LogDerivedDataCache: Loaded boot cache 0.05s 79MB C:/Users/jman/AppData/Local/UnrealEngine/4.18/DerivedDataCache/Boot.ddc.
[2018.02.18-23.54.45:078][  0]LogDerivedDataCache: Display: Loaded Boot cache: C:/Users/jman/AppData/Local/UnrealEngine/4.18/DerivedDataCache/Boot.ddc
[2018.02.18-23.54.45:078][  0]LogDerivedDataCache: FDerivedDataBackendGraph:  Pak pak cache file ../../../../../../Users/jman/Documents/Unreal Projects/Carpocalypse/DerivedDataCache/DDC.ddp not found, will not use a pak cache.
[2018.02.18-23.54.45:078][  0]LogDerivedDataCache: Unable to find inner node Pak for hierarchical cache Hierarchy.
[2018.02.18-23.54.45:078][  0]LogDerivedDataCache: FDerivedDataBackendGraph:  CompressedPak pak cache file ../../../../../../Users/jman/Documents/Unreal Projects/Carpocalypse/DerivedDataCache/Compressed.ddp not found, will not use a pak cache.
[2018.02.18-23.54.45:078][  0]LogDerivedDataCache: Unable to find inner node CompressedPak for hierarchical cache Hierarchy.
[2018.02.18-23.54.45:093][  0]LogDerivedDataCache: Display: Pak cache opened for reading ../../../Engine/DerivedDataCache/Compressed.ddp.
[2018.02.18-23.54.45:106][  0]LogDerivedDataCache: Using Local data cache path C:/Users/jman/AppData/Local/UnrealEngine/Common/DerivedDataCache: Writable
[2018.02.18-23.54.45:115][  0]LogMaterial: Verifying Global Shaders for PCD3D_SM5
[2018.02.18-23.54.45:116][  0]LogSlate: Using Freetype 2.6.0
[2018.02.18-23.54.45:117][  0]LogSlate: SlateFontCache - WITH_FREETYPE: 1, WITH_HARFBUZZ: 1
[2018.02.18-23.54.45:117][  0]LogSlate: SlateFontCache - WITH_FREETYPE: 1, WITH_HARFBUZZ: 1
[2018.02.18-23.54.45:458][  0]LogInit: Selected Device Profile: [Windows]
[2018.02.18-23.54.45:789][  0]LogSimplygon: Simplygon DLL not present - disabling.
[2018.02.18-23.54.45:832][  0]LogMeshReduction: Using SimplygonSwarm for distributed automatic mesh merging
[2018.02.18-23.54.45:832][  0]LogMeshReduction: Using QuadricMeshReduction for automatic static mesh reduction
[2018.02.18-23.54.45:832][  0]LogMeshReduction: No automatic skeletal mesh reduction module available
[2018.02.18-23.54.45:832][  0]LogMeshReduction: No automatic mesh merging module available
[2018.02.18-23.54.45:832][  0]LogMeshMerging: No automatic mesh merging module available
[2018.02.18-23.54.45:861][  0]LogNetVersion: Carpocalypse , NetCL: 3709383, EngineNetVer: 2, GameNetVer: 0 (Checksum: 507098726)
[2018.02.18-23.54.46:017][  0]LogAssetRegistry: FAssetRegistry took 0.0251 seconds to start up
[2018.02.18-23.54.46:505][  0]LogPackageLocalizationCache: Processed 7 localized package path(s) for 2 prioritized culture(s) in 0.069011 seconds
[2018.02.18-23.54.46:510][  0]LogUObjectArray: 35870 objects as part of root set at end of initial load.
[2018.02.18-23.54.46:511][  0]LogUObjectAllocator: 7363704 out of 0 bytes used by permanent object pool.
[2018.02.18-23.54.46:511][  0]LogUObjectArray: CloseDisregardForGC: 0/0 objects in disregard for GC pool
[2018.02.18-23.54.46:577][  0]LogInit: WinSock: version 1.1 (2.2), MaxSocks=32767, MaxUdp=65467
[2018.02.18-23.54.50:540][  0]LogTcpMessaging: Initializing TcpMessaging bridge
[2018.02.18-23.54.50:625][  0]LogUdpMessaging: Initializing bridge on interface 0.0.0.0:0 to multicast group 230.0.0.1:6666.
[2018.02.18-23.54.51:486][  0]LogMaterial: Missing cached shader map for material BaseMaterial, compiling. 
[2018.02.18-23.54.51:973][  0]LogMaterial: Uniform references updated for custom material expression Custom.
[2018.02.18-23.54.52:845][  0]SourceControl: Source control is disabled
[2018.02.18-23.54.52:845][  0]SourceControl: Source control is disabled
[2018.02.18-23.54.52:959][  0]SourceControl: Source control is disabled
[2018.02.18-23.54.53:071][  0]SourceControl: Source control is disabled
[2018.02.18-23.54.54:650][  0]LogAndroidPermission: UAndroidPermissionCallbackProxy::GetInstance
[2018.02.18-23.54.55:144][  0]LogOcInput: OculusInput pre-init called
[2018.02.18-23.54.55:608][  0]LogEngine: Initializing Engine...
[2018.02.18-23.54.55:612][  0]LogHMD: Failed to initialize OpenVR with code 110
[2018.02.18-23.54.55:888][  0]LogStats: UGameplayTagsManager::ConstructGameplayTagTree: Construct from data asset -  0.000 s
[2018.02.18-23.54.55:888][  0]LogStats: UGameplayTagsManager::ConstructGameplayTagTree: GameplayTagTreeChangedEvent.Broadcast -  0.000 s
[2018.02.18-23.54.56:130][  0]LogAIModule: Creating AISystem for world Untitled
[2018.02.18-23.54.56:153][  0]LogInit: XAudio2 using 'U28E850-8 (NVIDIA High Definition Audio)' : 2 channels at 48 kHz using 16 bits per sample (channel mask 0x3)
[2018.02.18-23.54.56:190][  0]LogInit: FAudioDevice initialized.
[2018.02.18-23.54.56:267][  0]LogDerivedDataCache: Saved boot cache 0.08s 79MB C:/Users/jman/AppData/Local/UnrealEngine/4.18/DerivedDataCache/Boot.ddc.
[2018.02.18-23.54.56:273][  0]LogInit: Texture streaming: Enabled
[2018.02.18-23.54.56:483][  0]LogEngineSessionManager: EngineSessionManager initialized
[2018.02.18-23.54.56:737][  0]LogInit: Transaction tracking system initialized
[2018.02.18-23.54.57:276][  0]BlueprintLog: New page: Editor Load
[2018.02.18-23.54.58:623][  0]LocalizationService: Localization service is disabled
[2018.02.18-23.54.59:564][  0]LogConsoleResponse: Display: 
[2018.02.18-23.54.59:737][  0]LogCook: Display: Max memory allowance for cook 16384mb min free memory 0mb
[2018.02.18-23.54.59:737][  0]LogCook: Display: Mobile HDR setting 1
[2018.02.18-23.54.59:737][  0]LogFileCache: Scanning file cache for directory 'C:/Users/jman/Documents/Unreal Projects/Carpocalypse/Content/' took 0.01s
[2018.02.18-23.54.59:737][  0]LogGameplayTags: Display: UGameplayTagsManager::DoneAddingNativeTags. DelegateIsBound: 0
[2018.02.18-23.55.01:365][  0]SourceControl: Source control is disabled
[2018.02.18-23.55.01:365][  0]Cmd: MAP LOAD FILE="../../../../../../Users/jman/Documents/Unreal Projects/Carpocalypse/Content/TwinStickCPP/Maps/TwinStickExampleMap.umap" TEMPLATE=0 SHOWPROGRESS=1 FEATURELEVEL=3
[2018.02.18-23.55.01:365][  0]LightingResults: New page: Lighting Build
[2018.02.18-23.55.01:414][  0]MapCheck: New page: Map Check
[2018.02.18-23.55.01:414][  0]LightingResults: New page: Lighting Build
[2018.02.18-23.55.01:626][  0]LogTexture: Display: Building textures: HQ_Lightmap0_3 (AutoDXT, 64X64)
[2018.02.18-23.55.01:626][  0]LogTexture: Display: Building textures: HQ_Lightmap0_2 (AutoDXT, 128X128)
[2018.02.18-23.55.01:626][  0]LogTexture: Display: Building textures: LQ_Lightmap_0_3 (DXT1, 64X64)
[2018.02.18-23.55.01:626][  0]LogTexture: Display: Building textures: LQ_Lightmap_0_2 (DXT1, 128X128)
[2018.02.18-23.55.01:626][  0]LogTexture: Display: Building textures: SkyOcclusion0_2 (AutoDXT, 128X64)
[2018.02.18-23.55.01:626][  0]LogTexture: Display: Building textures: SkyOcclusion0_1 (AutoDXT, 1024X512)
[2018.02.18-23.55.01:626][  0]LogTexture: Display: Building textures: SkyOcclusion0_3 (AutoDXT, 64X32)
[2018.02.18-23.55.01:626][  0]LogTexture: Display: Building textures: LQ_Lightmap_0_1 (DXT1, 1024X1024)
[2018.02.18-23.55.01:626][  0]LogTexture: Display: Building textures: HQ_Lightmap0_1 (AutoDXT, 1024X1024)
[2018.02.18-23.55.01:626][  0]LogTexture: Display: Building textures: ShadowMapTexture2D_1 (G8, 64X32)
[2018.02.18-23.55.01:626][  0]LogTexture: Display: Building textures: ShadowMapTexture2D_0 (G8, 2048X1024)
[2018.02.18-23.55.01:803][  0]LogMaterial: Missing cached shader map for material AntiAliasedTextMaterialTranslucent, compiling. 
[2018.02.18-23.55.01:847][  0]LogAIModule: Creating AISystem for world TwinStickExampleMap
[2018.02.18-23.55.01:871][  0]LogEditorServer: Finished looking for orphan Actors (0.000 secs)
[2018.02.18-23.55.01:881][  0]Cmd: MAP CHECKDEP NOCLEARLOG
[2018.02.18-23.55.01:962][  0]MapCheck: Map check complete: 0 Error(s), 0 Warning(s), took 80.628ms to complete.
[2018.02.18-23.55.01:962][  0]LogFileHelpers: Loading map 'TwinStickExampleMap' took 0.597
[2018.02.18-23.55.02:029][  0]LogWindowsTextInputMethodSystem: Display: IME system now deactivated.
[2018.02.18-23.55.02:030][  0]LogWindowsTextInputMethodSystem: Display: IME system now deactivated.
[2018.02.18-23.55.02:132][  0]LogCollectionManager: Loaded 0 collections in 0.001886 seconds
[2018.02.18-23.55.02:249][  0]LogFileCache: Scanning file cache for directory 'C:/Users/jman/Documents/Unreal Projects/Carpocalypse/Saved/Collections/' took 0.01s
[2018.02.18-23.55.02:249][  0]LogFileCache: Scanning file cache for directory 'C:/Users/jman/Documents/Unreal Projects/Carpocalypse/Content/Developers/jman/Collections/' took 0.01s
[2018.02.18-23.55.02:249][  0]LogFileCache: Scanning file cache for directory 'C:/Users/jman/Documents/Unreal Projects/Carpocalypse/Content/Collections/' took 0.01s
[2018.02.18-23.55.02:249][  0]LogCollectionManager: Rebuilt the GUID cache for 0 collections in 0.000000 seconds
[2018.02.18-23.55.02:261][  0]LogContentBrowser: Native class hierarchy populated in 0.0118 seconds. Added 2366 classes and 521 folders.
[2018.02.18-23.55.02:381][  0]LogContentBrowser: Native class hierarchy updated for 'WidgetCarousel' in 0.0006 seconds. Added 0 classes and 0 folders.
[2018.02.18-23.55.02:431][  0]LogContentBrowser: Native class hierarchy updated for 'AddContentDialog' in 0.0007 seconds. Added 0 classes and 0 folders.
[2018.02.18-23.55.02:507][  0]LogContentBrowser: Native class hierarchy updated for 'SceneOutliner' in 0.0007 seconds. Added 1 classes and 2 folders.
[2018.02.18-23.55.02:569][  0]LogSlate: Took 0.000502 seconds to synchronously load lazily loaded font '../../../Engine/Content/Slate/Fonts/Roboto-Regular.ttf' (155K)
[2018.02.18-23.55.02:573][  0]LogSlate: Took 0.000831 seconds to synchronously load lazily loaded font '../../../Engine/Content/Slate/Fonts/Roboto-Bold.ttf' (160K)
[2018.02.18-23.55.02:583][  0]LogSlate: Took 0.000480 seconds to synchronously load lazily loaded font '../../../Engine/Content/Editor/Slate/Fonts/FontAwesome.ttf' (139K)
[2018.02.18-23.55.02:719][  0]LogRenderer: Reallocating scene render targets to support 1616x812 Format 10 NumSamples 1 (Frame:1).
[2018.02.18-23.55.02:951][  0]LogContentBrowser: Native class hierarchy updated for 'HierarchicalLODOutliner' in 0.0007 seconds. Added 1 classes and 2 folders.
[2018.02.18-23.55.02:951][  0]LogLoad: (Engine Initialization) Total time: 25.13 seconds
[2018.02.18-23.55.02:951][  0]LogLoad: (Engine Initialization) Total Blueprint compile time: 0.00 seconds
[2018.02.18-23.55.02:952][  0]LogExternalProfiler: Found external profiler: VSPerf
[2018.02.18-23.55.02:952][  0]LogExternalProfiler: Using external profiler: VSPerf
[2018.02.18-23.55.02:985][  0]LogContentStreaming: Texture pool size now 1000 MB
[2018.02.18-23.55.03:048][  1]LogAssetRegistry: Asset discovery search completed in 17.0533 seconds
[2018.02.18-23.55.03:050][  1]LogCollectionManager: Rebuilt the object cache for 0 collections in 0.000000 seconds (found 0 objects)
[2018.02.18-23.55.03:050][  1]LogCollectionManager: Fixed up redirectors for 0 collections in 0.000076 seconds (updated 0 objects)
[2018.02.18-23.55.19:169][917]LogTemp: Repeating last play command: Selected Viewport
[2018.02.18-23.55.19:183][917]LogBlueprintUserMessages: Early PlayInEditor Detection: Level '/Game/TwinStickCPP/Maps/TwinStickExampleMap.TwinStickExampleMap:PersistentLevel' has LevelScriptBlueprint '/Game/TwinStickCPP/Maps/TwinStickExampleMap.TwinStickExampleMap:PersistentLevel.TwinStickExampleMap' with GeneratedClass '/Game/TwinStickCPP/Maps/TwinStickExampleMap.TwinStickExampleMap_C' with ClassGeneratedBy '/Game/TwinStickCPP/Maps/TwinStickExampleMap.TwinStickExampleMap:PersistentLevel.TwinStickExampleMap'
[2018.02.18-23.55.19:183][917]LogPlayLevel: PlayLevel: No blueprints needed recompiling
[2018.02.18-23.55.19:184][917]PIE: New page: PIE session: TwinStickExampleMap (19 Feb 2018 9:55:19 pm)
[2018.02.18-23.55.19:184][917]LogPlayLevel: Creating play world package: /Game/TwinStickCPP/Maps/UEDPIE_0_TwinStickExampleMap
[2018.02.18-23.55.19:202][917]LogPlayLevel: PIE: StaticDuplicateObject took: (0.018079s)
[2018.02.18-23.55.19:203][917]LogAIModule: Creating AISystem for world TwinStickExampleMap
[2018.02.18-23.55.19:203][917]LogPlayLevel: PIE: World Init took: (0.000812s)
[2018.02.18-23.55.19:203][917]LogPlayLevel: PIE: Created PIE world by copying editor world from /Game/TwinStickCPP/Maps/TwinStickExampleMap.TwinStickExampleMap to /Game/TwinStickCPP/Maps/UEDPIE_0_TwinStickExampleMap.TwinStickExampleMap (0.019252s)
[2018.02.18-23.55.19:225][917]LogInit: XAudio2 using 'U28E850-8 (NVIDIA High Definition Audio)' : 2 channels at 48 kHz using 16 bits per sample (channel mask 0x3)
[2018.02.18-23.55.19:233][917]LogInit: FAudioDevice initialized.
[2018.02.18-23.55.19:277][917]LogLoad: Game class is 'CarpocalypseGameMode'
[2018.02.18-23.55.19:279][917]LogWorld: Bringing World /Game/TwinStickCPP/Maps/UEDPIE_0_TwinStickExampleMap.TwinStickExampleMap up for play (max tick rate 0) at 2018.02.19-10.55.19
[2018.02.18-23.55.19:279][917]LogWorld: Bringing up level for play took: 0.001128
[2018.02.18-23.55.19:328][917]LogContentBrowser: Native class hierarchy updated for 'MovieSceneCapture' in 0.0005 seconds. Added 11 classes and 0 folders.
[2018.02.18-23.55.19:329][917]PIE: Play in editor start time for /Game/TwinStickCPP/Maps/UEDPIE_0_TwinStickExampleMap -0.371
[2018.02.18-23.55.19:329][917]LogBlueprintUserMessages: Late PlayInEditor Detection: Level '/Game/TwinStickCPP/Maps/TwinStickExampleMap.TwinStickExampleMap:PersistentLevel' has LevelScriptBlueprint '/Game/TwinStickCPP/Maps/TwinStickExampleMap.TwinStickExampleMap:PersistentLevel.TwinStickExampleMap' with GeneratedClass '/Game/TwinStickCPP/Maps/TwinStickExampleMap.TwinStickExampleMap_C' with ClassGeneratedBy '/Game/TwinStickCPP/Maps/TwinStickExampleMap.TwinStickExampleMap:PersistentLevel.TwinStickExampleMap'
[2018.02.18-23.55.21:447][167]LogBlueprintUserMessages: Early EndPlayMap Detection: Level '/Game/TwinStickCPP/Maps/TwinStickExampleMap.TwinStickExampleMap:PersistentLevel' has LevelScriptBlueprint '/Game/TwinStickCPP/Maps/TwinStickExampleMap.TwinStickExampleMap:PersistentLevel.TwinStickExampleMap' with GeneratedClass '/Game/TwinStickCPP/Maps/TwinStickExampleMap.TwinStickExampleMap_C' with ClassGeneratedBy '/Game/TwinStickCPP/Maps/TwinStickExampleMap.TwinStickExampleMap:PersistentLevel.TwinStickExampleMap'
[2018.02.18-23.55.21:477][167]LogBlueprintUserMessages: Late EndPlayMap Detection: Level '/Game/TwinStickCPP/Maps/TwinStickExampleMap.TwinStickExampleMap:PersistentLevel' has LevelScriptBlueprint '/Game/TwinStickCPP/Maps/TwinStickExampleMap.TwinStickExampleMap:PersistentLevel.TwinStickExampleMap' with GeneratedClass '/Game/TwinStickCPP/Maps/TwinStickExampleMap.TwinStickExampleMap_C' with ClassGeneratedBy '/Game/TwinStickCPP/Maps/TwinStickExampleMap.TwinStickExampleMap:PersistentLevel.TwinStickExampleMap'
[2018.02.18-23.55.31:048][298]LogEditorViewport: Clicking on Actor (LMB): StaticMeshActor (Floor)
[2018.02.18-23.55.32:783][486]LogEditorViewport: Clicking on Actor (LMB): StaticMeshActor (Wall7)
[2018.02.18-23.55.42:498][634]Cmd: DELETE
[2018.02.18-23.55.42:498][634]Cmd: ACTOR DELETE
[2018.02.18-23.55.42:503][634]LogEditorActor: Deleted Actor: StaticMeshActor
[2018.02.18-23.55.42:510][634]LogEditorActor: Deleted 1 Actors (0.011 secs)
[2018.02.18-23.55.43:013][693]LogEditorViewport: Clicking on Actor (LMB): StaticMeshActor (Wall1)
[2018.02.18-23.55.43:249][714]Cmd: DELETE
[2018.02.18-23.55.43:249][714]Cmd: ACTOR DELETE
[2018.02.18-23.55.43:251][714]LogEditorActor: Deleted Actor: StaticMeshActor
[2018.02.18-23.55.43:258][714]LogEditorActor: Deleted 1 Actors (0.009 secs)
[2018.02.18-23.55.45:954][ 35]LogEditorViewport: Clicking on Actor (LMB): StaticMeshActor (Wall6)
[2018.02.18-23.55.46:173][ 54]Cmd: DELETE
[2018.02.18-23.55.46:173][ 54]Cmd: ACTOR DELETE
[2018.02.18-23.55.46:175][ 54]LogEditorActor: Deleted Actor: StaticMeshActor
[2018.02.18-23.55.46:184][ 54]LogEditorActor: Deleted 1 Actors (0.011 secs)
[2018.02.18-23.55.46:783][124]LogEditorViewport: Clicking on Actor (LMB): StaticMeshActor (Wall5)
[2018.02.18-23.55.47:054][149]Cmd: DELETE
[2018.02.18-23.55.47:054][149]Cmd: ACTOR DELETE
[2018.02.18-23.55.47:056][149]LogEditorActor: Deleted Actor: StaticMeshActor
[2018.02.18-23.55.47:063][149]LogEditorActor: Deleted 1 Actors (0.008 secs)
[2018.02.18-23.55.58:699][539]Cmd: TRANSACTION UNDO
[2018.02.18-23.55.58:699][539]LogEditorTransaction: Undo Clicking on Actors
[2018.02.18-23.55.58:723][539]LogSlate: Took 0.000199 seconds to synchronously load lazily loaded font '../../../Engine/Content/Slate/Fonts/Roboto-Light.ttf' (159K)
[2018.02.18-23.56.00:891][790]Cmd: TRANSACTION UNDO
[2018.02.18-23.56.00:891][790]LogEditorTransaction: Undo Clicking on Actors
[2018.02.18-23.56.01:320][841]Cmd: TRANSACTION UNDO
[2018.02.18-23.56.01:320][841]LogEditorTransaction: Undo Delete selection
[2018.02.18-23.56.22:993][421]LogEditorActor: Deleted Actor: BP_Sky_Sphere_C
[2018.02.18-23.56.23:000][421]LogEditorActor: Deleted 1 Actors (0.009 secs)
[2018.02.18-23.56.24:589][612]Cmd: TRANSACTION UNDO
[2018.02.18-23.56.24:589][612]LogEditorTransaction: Undo Delete selection
[2018.02.18-23.56.25:968][765]LogSlate: Took 0.000172 seconds to synchronously load lazily loaded font '../../../Engine/Content/Slate/Fonts/Roboto-Light.ttf' (159K)
[2018.02.18-23.56.26:091][765]LogSavePackage: Save=94.25ms
[2018.02.18-23.56.26:091][765]LogSavePackage: Moving '../../../../../../Users/jman/Documents/Unreal Projects/Carpocalypse/Saved/TwinStickExampleMap56C13E7F466088763F240DBE5B911926.tmp' to '../../../../../../Users/jman/Documents/Unreal Projects/Carpocalypse/Content/TwinStickCPP/Maps/TwinStickExampleMap.umap'
[2018.02.18-23.56.26:095][765]LogSavePackage: Display: Finished SavePackage ../../../../../../Users/jman/Documents/Unreal Projects/Carpocalypse/Content/TwinStickCPP/Maps/TwinStickExampleMap.umap
[2018.02.18-23.56.26:229][765]LogSavePackage: Save=117.62ms
[2018.02.18-23.56.26:229][765]LogSavePackage: Moving '../../../../../../Users/jman/Documents/Unreal Projects/Carpocalypse/Saved/TwinStickExampleMap_BuiltData04EEB0784FEFA57C94633AA8DE29DCF3.tmp' to '../../../../../../Users/jman/Documents/Unreal Projects/Carpocalypse/Content/TwinStickCPP/Maps/TwinStickExampleMap_BuiltData.uasset'
[2018.02.18-23.56.26:231][765]LogSavePackage: Display: Finished SavePackage ../../../../../../Users/jman/Documents/Unreal Projects/Carpocalypse/Content/TwinStickCPP/Maps/TwinStickExampleMap_BuiltData.uasset
[2018.02.18-23.56.33:915][660]Cmd: DELETE
[2018.02.18-23.56.33:915][660]Cmd: ACTOR DELETE
[2018.02.18-23.56.33:916][660]LogEditorActor: Deleted Actor: CarpocalypsePawn
[2018.02.18-23.56.33:953][660]LogEditorActor: Deleted 1 Actors (0.038 secs)
[2018.02.18-23.56.35:202][810]Cmd: TRANSACTION UNDO
[2018.02.18-23.56.35:202][810]LogEditorTransaction: Undo Delete Actors
[2018.02.18-23.56.36:500][927]LogSavePackage: Save=89.22ms
[2018.02.18-23.56.36:500][927]LogSavePackage: Moving '../../../../../../Users/jman/Documents/Unreal Projects/Carpocalypse/Saved/TwinStickExampleMapE583263F48B5F7D8759F4692608EC79E.tmp' to '../../../../../../Users/jman/Documents/Unreal Projects/Carpocalypse/Content/TwinStickCPP/Maps/TwinStickExampleMap.umap'
[2018.02.18-23.56.36:505][927]LogSavePackage: Display: Finished SavePackage ../../../../../../Users/jman/Documents/Unreal Projects/Carpocalypse/Content/TwinStickCPP/Maps/TwinStickExampleMap.umap
[2018.02.18-23.56.36:601][927]LogSavePackage: Save=82.56ms
[2018.02.18-23.56.36:601][927]LogSavePackage: Moving '../../../../../../Users/jman/Documents/Unreal Projects/Carpocalypse/Saved/TwinStickExampleMap_BuiltDataDA2A616246CD2A4E6615C585615DA2EA.tmp' to '../../../../../../Users/jman/Documents/Unreal Projects/Carpocalypse/Content/TwinStickCPP/Maps/TwinStickExampleMap_BuiltData.uasset'
[2018.02.18-23.56.36:603][927]LogSavePackage: Display: Finished SavePackage ../../../../../../Users/jman/Documents/Unreal Projects/Carpocalypse/Content/TwinStickCPP/Maps/TwinStickExampleMap_BuiltData.uasset
[2018.02.18-23.56.37:553][ 32]LogEditorActor: Deleted Actor: TextRenderActor
[2018.02.18-23.56.37:561][ 32]LogEditorActor: Deleted 1 Actors (0.009 secs)
[2018.02.18-23.56.40:742][406]LogEditorActor: Deleted Actor: StaticMeshActor
[2018.02.18-23.56.40:750][406]LogEditorActor: Deleted 1 Actors (0.009 secs)
[2018.02.18-23.56.46:944][142]LogEditorActor: Deleted Actor: StaticMeshActor
[2018.02.18-23.56.46:952][142]LogEditorActor: Deleted 1 Actors (0.009 secs)
[2018.02.18-23.57.02:304][966]MapCheck: New page: Map Check
[2018.02.18-23.57.02:317][966]LightingResults: New page: Lighting Build - 19 Feb 2018 9:57:02 pm
[2018.02.18-23.57.02:391][966]LogSwarmInterface: [OpenConnection] Registering TCP channel ...
[2018.02.18-23.57.02:440][966]LogSwarmInterface: [OpenConnection] Connecting to agent ...
[2018.02.18-23.57.02:449][966]LogSwarmInterface: [TryOpenConnection] Testing the Agent
[2018.02.18-23.57.02:970][966]LogSwarmInterface: [TryOpenConnection] Opening Connection to Agent
[2018.02.18-23.57.02:970][966]LogSwarmInterface: [TryOpenConnection] Local Process ID is 13344
[2018.02.18-23.57.05:625][966]LogStaticLightingSystem: Running Lightmass w/ ImmediateImport mode ENABLED
[2018.02.18-23.57.05:625][966]LogStaticLightingSystem: Running Lightmass w/ ImmediateProcess mode ENABLED
[2018.02.18-23.57.05:625][966]LogStaticLightingSystem: Running Lightmass w/ Sorting mode ENABLED
[2018.02.18-23.57.05:625][966]LogStaticLightingSystem: Running Lightmass w/ Mapping paddings ENABLED
[2018.02.18-23.57.05:625][966]LogStaticLightingSystem: Running Lightmass w/ Mapping debug paddings DISABLED
[2018.02.18-23.57.05:767][966]LogEditorBuildUtils: Build time 0:03
[2018.02.18-23.57.05:774][966]LogMaterial: Missing cached shader map for material FLightmassMaterialRenderer MaterialInstanceDynamic_1, compiling. 
[2018.02.18-23.57.05:779][966]LogMaterial: Missing cached shader map for material FLightmassMaterialRenderer MaterialInstanceDynamic_1, compiling. 
[2018.02.18-23.57.05:794][967]LogMaterial: Missing cached shader map for material FLightmassMaterialRenderer CubeMaterial, compiling. 
[2018.02.18-23.57.05:800][967]LogMaterial: Missing cached shader map for material FLightmassMaterialRenderer CubeMaterial, compiling. 
[2018.02.18-23.57.05:831][968]LogMaterial: Missing cached shader map for material FLightmassMaterialRenderer WorldGridMaterial, compiling. Is special engine material.
[2018.02.18-23.57.05:838][968]LogMaterial: Missing cached shader map for material FLightmassMaterialRenderer WorldGridMaterial, compiling. Is special engine material.
[2018.02.18-23.57.09:516][206]Job is a success!
[2018.02.18-23.57.09:562][207]LogVolumetricLightmapImport: Imported Volumetric Lightmap in 0.009s
[2018.02.18-23.57.09:562][207]LogVolumetricLightmapImport:      Indirection Texture 16x16x16 = 0.0Mb
[2018.02.18-23.57.09:562][207]LogVolumetricLightmapImport:      BrickData 205x5x5 = 0.2Mb
[2018.02.18-23.57.09:562][207]LogVolumetricLightmapImport:      Bricks at Level
[2018.02.18-23.57.09:562][207]LogVolumetricLightmapImport:          0: 2.4% covering 100.0% of volume
[2018.02.18-23.57.09:562][207]LogVolumetricLightmapImport:          1: 9.8% covering 6.3% of volume
[2018.02.18-23.57.09:562][207]LogVolumetricLightmapImport:          2: 87.8% covering 0.9% of volume
[2018.02.18-23.57.09:758][207]LogTexture: Display: Building textures: SkyOcclusion1_1 (AutoDXT, 1024X512)
[2018.02.18-23.57.09:758][207]LogTexture: Display: Building textures: HQ_Lightmap1_1 (AutoDXT, 1024X1024)
[2018.02.18-23.57.09:758][207]LogTexture: Display: Building textures: LQ_Lightmap_1_1 (DXT1, 1024X1024)
[2018.02.18-23.57.09:758][207]LogTexture: Display: Building textures: SkyOcclusion1_2 (AutoDXT, 64X32)
[2018.02.18-23.57.09:758][207]LogTexture: Display: Building textures: HQ_Lightmap1_2 (AutoDXT, 64X64)
[2018.02.18-23.57.09:758][207]LogTexture: Display: Building textures: LQ_Lightmap_1_2 (DXT1, 64X64)
[2018.02.18-23.57.09:758][207]LogTexture: Display: Building textures: ShadowMapTexture2D_3 (G8, 32X32)
[2018.02.18-23.57.09:758][207]LogTexture: Display: Building textures: ShadowMapTexture2D_2 (G8, 512X512)
[2018.02.18-23.57.09:781][207]Lightmass on SYD-R102-PC12: 2.58 sec total, 102 ms importing, 8 ms setup, 672 ms photons, 1.77 sec processing, 0 ms extra exporting [2/2 mappings]. Threads: 12.2 sec total, 1.51 sec processing.
[2018.02.18-23.57.09:799][207]LogStaticLightingSystem: Illumination: 7.47 sec (124 ms encoding lightmaps, 54 ms encoding shadowmaps)
[2018.02.18-23.57.09:799][207]LogStaticLightingSystem: Lightmap texture memory:  2.7 MB (2.7 MB streaming, 0.0 MB non-streaming), 4 textures
[2018.02.18-23.57.09:799][207]LogStaticLightingSystem: Shadowmap texture memory: 0.3 MB (0.3 MB streaming, 0.0 MB non-streaming), 2 textures
[2018.02.18-23.57.10:628][207]DumpUnbuiltLightIteractions
[2018.02.18-23.57.10:628][207]Lights with unbuilt interactions: 0
[2018.02.18-23.57.10:629][207]
[2018.02.18-23.57.10:629][207]Primitives with unbuilt interactions: 0
[2018.02.18-23.57.10:665][208]Cmd: MAP CHECK NOTIFYRESULTS
[2018.02.18-23.57.10:665][208]MapCheck: New page: TwinStickExampleMap - 19 Feb 2018 9:57:10 pm
[2018.02.18-23.57.10:721][208]MapCheck: Map check complete: 0 Error(s), 0 Warning(s), took 55.864ms to complete.
[2018.02.18-23.57.12:530][425]LogEditorViewport: Clicking on Actor (context menu): LightmassImportanceVolume (LightmassImportanceVolume)
[2018.02.18-23.57.13:637][549]LogEditorViewport: Clicking on Actor (LMB): BP_Sky_Sphere_C (SkySphereBlueprint)
[2018.02.18-23.57.21:575][487]LogEditorViewport: Clicking on Actor (LMB): StaticMeshActor (TemplateCube_Rounded_5)
[2018.02.18-23.57.25:329][926]LogEditorActor: Deleted Actor: StaticMeshActor
[2018.02.18-23.57.25:337][926]LogEditorActor: Deleted 1 Actors (0.009 secs)
[2018.02.18-23.57.26:366][ 46]LogEditorActor: Deleted Actor: StaticMeshActor
[2018.02.18-23.57.26:373][ 46]LogEditorActor: Deleted 1 Actors (0.010 secs)
[2018.02.18-23.57.28:868][342]LogEditorActor: Deleted Actor: StaticMeshActor
[2018.02.18-23.57.28:875][342]LogEditorActor: Deleted 1 Actors (0.008 secs)
[2018.02.18-23.57.30:383][515]LogEditorActor: Deleted Actor: StaticMeshActor
[2018.02.18-23.57.30:391][515]LogEditorActor: Deleted 1 Actors (0.008 secs)
[2018.02.18-23.57.31:167][605]LogEditorActor: Deleted Actor: StaticMeshActor
[2018.02.18-23.57.31:176][605]LogEditorActor: Deleted 1 Actors (0.009 secs)
[2018.02.18-23.57.32:707][785]LogEditorActor: Deleted Actor: StaticMeshActor
[2018.02.18-23.57.32:714][785]LogEditorActor: Deleted 1 Actors (0.008 secs)
[2018.02.18-23.57.34:420][986]LogEditorActor: Deleted Actor: StaticMeshActor
[2018.02.18-23.57.34:427][986]LogEditorActor: Deleted 1 Actors (0.008 secs)
[2018.02.18-23.57.44:331][167]LogEditorActor: Deleted Actor: PostProcessVolume
[2018.02.18-23.57.44:339][167]LogEditorActor: Deleted 1 Actors (0.009 secs)
[2018.02.18-23.57.45:744][336]Cmd: TRANSACTION UNDO
[2018.02.18-23.57.45:744][336]LogEditorTransaction: Undo Delete selection
[2018.02.18-23.57.46:461][394]LogSavePackage: Save=106.09ms
[2018.02.18-23.57.46:462][394]LogSavePackage: Moving '../../../../../../Users/jman/Documents/Unreal Projects/Carpocalypse/Saved/TwinStickExampleMap18EA0A204DF0FED7093F97BAB1B498EE.tmp' to '../../../../../../Users/jman/Documents/Unreal Projects/Carpocalypse/Content/TwinStickCPP/Maps/TwinStickExampleMap.umap'
[2018.02.18-23.57.46:466][394]LogSavePackage: Display: Finished SavePackage ../../../../../../Users/jman/Documents/Unreal Projects/Carpocalypse/Content/TwinStickCPP/Maps/TwinStickExampleMap.umap
[2018.02.18-23.57.46:534][394]LogSavePackage: Save=49.40ms
[2018.02.18-23.57.46:534][394]LogSavePackage: Moving '../../../../../../Users/jman/Documents/Unreal Projects/Carpocalypse/Saved/TwinStickExampleMap_BuiltData06945BB54E676E71AF220EB8A95EECC5.tmp' to '../../../../../../Users/jman/Documents/Unreal Projects/Carpocalypse/Content/TwinStickCPP/Maps/TwinStickExampleMap_BuiltData.uasset'
[2018.02.18-23.57.46:538][394]LogSavePackage: Display: Finished SavePackage ../../../../../../Users/jman/Documents/Unreal Projects/Carpocalypse/Content/TwinStickCPP/Maps/TwinStickExampleMap_BuiltData.uasset
